Log file open, 11/21/20 13:28:39
LogWindows: Failed to load 'aqProf.dll' (GetLastError=126)
LogWindows: File 'aqProf.dll' does not exist
LogWindows: Failed to load 'VtuneApi.dll' (GetLastError=126)
LogWindows: File 'VtuneApi.dll' does not exist
LogWindows: Failed to load 'VtuneApi32e.dll' (GetLastError=126)
LogWindows: File 'VtuneApi32e.dll' does not exist
LogConsoleResponse: Display: Failed to find resolution value strings in scalability ini. Falling back to default.
LogInit: Display: Running engine for game: UnrealPluginDemo
LogPlatformFile: Not using cached read wrapper
LogTaskGraph: Started task graph with 5 named threads and 35 total threads with 3 sets of task threads.
LogStats: Stats thread started at 0.128432
LogD3D11RHI: Loaded GFSDK_Aftermath_Lib.x64.dll
LogICUInternationalization: ICU TimeZone Detection - Raw Offset: -5:00, Platform Override: ''
LogPluginManager: Mounting plugin Paper2D
LogPluginManager: Mounting plugin AISupport
LogPluginManager: Mounting plugin LightPropagationVolume
LogPluginManager: Mounting plugin ActorLayerUtilities
LogPluginManager: Mounting plugin AnimationSharing
LogPluginManager: Mounting plugin CLionSourceCodeAccess
LogPluginManager: Mounting plugin CodeLiteSourceCodeAccess
LogPluginManager: Mounting plugin GitSourceControl
LogPluginManager: Mounting plugin KDevelopSourceCodeAccess
LogPluginManager: Mounting plugin NullSourceCodeAccess
LogPluginManager: Mounting plugin PerforceSourceControl
LogPluginManager: Mounting plugin SubversionSourceControl
LogPluginManager: Mounting plugin UObjectPlugin
LogPluginManager: Mounting plugin VisualStudioCodeSourceCodeAccess
LogPluginManager: Mounting plugin VisualStudioSourceCodeAccess
LogPluginManager: Mounting plugin XCodeSourceCodeAccess
LogPluginManager: Mounting plugin AssetManagerEditor
LogPluginManager: Mounting plugin CryptoKeys
LogPluginManager: Mounting plugin CurveEditorTools
LogPluginManager: Mounting plugin DataValidation
LogPluginManager: Mounting plugin FacialAnimation
LogPluginManager: Mounting plugin GameplayTagsEditor
LogPluginManager: Mounting plugin MacGraphicsSwitching
LogPluginManager: Mounting plugin MaterialAnalyzer
LogPluginManager: Mounting plugin MobileLauncherProfileWizard
LogPluginManager: Mounting plugin PluginBrowser
LogPluginManager: Mounting plugin SpeedTreeImporter
LogPluginManager: Mounting plugin DatasmithContent
LogPluginManager: Mounting plugin VariantManagerContent
LogPluginManager: Mounting plugin AlembicImporter
LogPluginManager: Mounting plugin AutomationUtils
LogPluginManager: Mounting plugin BackChannel
LogPluginManager: Mounting plugin CharacterAI
LogPluginManager: Mounting plugin GeometryCache
LogPluginManager: Mounting plugin HTML5Networking
LogPluginManager: Mounting plugin PlatformCrypto
LogPluginManager: Mounting plugin ProxyLODPlugin
LogPluginManager: Mounting plugin SkeletalReduction
LogPluginManager: Mounting plugin MagicLeap
LogPluginManager: Mounting plugin MagicLeapMedia
LogPluginManager: Mounting plugin AndroidMedia
LogPluginManager: Mounting plugin AvfMedia
LogPluginManager: Mounting plugin ImgMedia
LogPluginManager: Mounting plugin MediaCompositing
LogPluginManager: Mounting plugin MediaPlayerEditor
LogPluginManager: Mounting plugin WebMMedia
LogPluginManager: Mounting plugin WmfMedia
LogPluginManager: Mounting plugin TcpMessaging
LogPluginManager: Mounting plugin UdpMessaging
LogPluginManager: Mounting plugin ActorSequence
LogPluginManager: Mounting plugin LevelSequenceEditor
LogPluginManager: Mounting plugin MatineeToLevelSequence
LogPluginManager: Mounting plugin NetcodeUnitTest
LogPluginManager: Mounting plugin NUTUnrealEngine4
LogPluginManager: Mounting plugin OnlineSubsystemGooglePlay
LogPluginManager: Mounting plugin OnlineSubsystemIOS
LogPluginManager: Mounting plugin OnlineSubsystem
LogPluginManager: Mounting plugin OnlineSubsystemNull
LogPluginManager: Mounting plugin OnlineSubsystemUtils
LogPluginManager: Mounting plugin LauncherChunkInstaller
LogPluginManager: Mounting plugin AndroidDeviceProfileSelector
LogPluginManager: Mounting plugin AndroidMoviePlayer
LogPluginManager: Mounting plugin AndroidPermission
LogPluginManager: Mounting plugin AppleImageUtils
LogPluginManager: Mounting plugin AppleMoviePlayer
LogPluginManager: Mounting plugin ArchVisCharacter
LogPluginManager: Mounting plugin AudioCapture
LogPluginManager: Mounting plugin CableComponent
LogPluginManager: Mounting plugin CustomMeshComponent
LogPluginManager: Mounting plugin EditableMesh
LogPluginManager: Mounting plugin ExampleDeviceProfileSelector
LogPluginManager: Mounting plugin GoogleCloudMessaging
LogPluginManager: Mounting plugin IOSDeviceProfileSelector
LogPluginManager: Mounting plugin LinuxDeviceProfileSelector
LogPluginManager: Mounting plugin LocationServicesBPLibrary
LogPluginManager: Mounting plugin MobilePatchingUtils
LogPluginManager: Mounting plugin OculusVR
LogPluginManager: Mounting plugin PhysXVehicles
LogPluginManager: Mounting plugin ProceduralMeshComponent
LogPluginManager: Mounting plugin RuntimePhysXCooking
LogPluginManager: Mounting plugin SignificanceManager
LogPluginManager: Mounting plugin SteamVR
LogPluginManager: Mounting plugin WebMMoviePlayer
LogPluginManager: Mounting plugin WindowsMoviePlayer
LogPluginManager: Mounting plugin ScreenshotTools
LogPluginManager: Mounting plugin PickupPlugin
LogInit: Using libcurl 7.55.1-DEV
LogInit:  - built for x86_64-pc-win32
LogInit:  - supports SSL with OpenSSL/1.1.1
LogInit:  - supports HTTP deflate (compression) using libz 1.2.8
LogInit:  - other features:
LogInit:      CURL_VERSION_SSL
LogInit:      CURL_VERSION_LIBZ
LogInit:      CURL_VERSION_IPV6
LogInit:      CURL_VERSION_ASYNCHDNS
LogInit:      CURL_VERSION_LARGEFILE
LogInit:      CURL_VERSION_IDN
LogInit:  CurlRequestOptions (configurable via config and command line):
LogInit:  - bVerifyPeer = true  - Libcurl will verify peer certificate
LogInit:  - bUseHttpProxy = false  - Libcurl will NOT use HTTP proxy
LogInit:  - bDontReuseConnections = false  - Libcurl will reuse connections
LogInit:  - MaxHostConnections = 16  - Libcurl will limit the number of connections to a host
LogInit:  - LocalHostAddr = Default
LogInit:  - BufferSize = 65536
LogOnline: OSS: Creating online subsystem instance for: NULL
LogInit: WinSock: version 1.1 (2.2), MaxSocks=32767, MaxUdp=65467
LogInit: Build: ++UE4+Release-4.23-CL-9631420
LogInit: Engine Version: 4.23.1-9631420+++UE4+Release-4.23
LogInit: Compatible Engine Version: 4.23.0-8386587+++UE4+Release-4.23
LogInit: Net CL: 8386587
LogInit: OS: Windows 10 (Release 1909) (), CPU: AMD Ryzen 5 3600 6-Core Processor              , GPU: NVIDIA GeForce RTX 2080
LogInit: Compiled (64-bit): Oct 18 2019 02:07:44
LogInit: Compiled with Visual C++: 19.16.27030.01
LogInit: Build Configuration: Development
LogInit: Branch Name: ++UE4+Release-4.23
LogInit: Command Line:  -skipcompile
LogInit: Base Directory: E:/Epic Games/Games/UE_4.23/Engine/Binaries/Win64/
LogInit: Installed Engine Build: 1
LogDevObjectVersion: Number of dev versions registered: 23
LogDevObjectVersion:   Dev-Blueprints (B0D832E4-1F89-4F0D-ACCF-7EB736FD4AA2): 10
LogDevObjectVersion:   Dev-Build (E1C64328-A22C-4D53-A36C-8E866417BD8C): 0
LogDevObjectVersion:   Dev-Core (375EC13C-06E4-48FB-B500-84F0262A717E): 3
LogDevObjectVersion:   Dev-Editor (E4B068ED-F494-42E9-A231-DA0B2E46BB41): 34
LogDevObjectVersion:   Dev-Framework (CFFC743F-43B0-4480-9391-14DF171D2073): 35
LogDevObjectVersion:   Dev-Mobile (B02B49B5-BB20-44E9-A304-32B752E40360): 2
LogDevObjectVersion:   Dev-Networking (A4E4105C-59A1-49B5-A7C5-40C4547EDFEE): 0
LogDevObjectVersion:   Dev-Online (39C831C9-5AE6-47DC-9A44-9C173E1C8E7C): 0
LogDevObjectVersion:   Dev-Physics (78F01B33-EBEA-4F98-B9B4-84EACCB95AA2): 0
LogDevObjectVersion:   Dev-Platform (6631380F-2D4D-43E0-8009-CF276956A95A): 0
LogDevObjectVersion:   Dev-Rendering (12F88B9F-8875-4AFC-A67C-D90C383ABD29): 31
LogDevObjectVersion:   Dev-Sequencer (7B5AE74C-D270-4C10-A958-57980B212A5A): 11
LogDevObjectVersion:   Dev-VR (D7296918-1DD6-4BDD-9DE2-64A83CC13884): 2
LogDevObjectVersion:   Dev-LoadTimes (C2A15278-BFE7-4AFE-6C17-90FF531DF755): 1
LogDevObjectVersion:   Private-Geometry (6EACA3D4-40EC-4CC1-B786-8BED09428FC5): 3
LogDevObjectVersion:   Dev-AnimPhys (29E575DD-E0A3-4627-9D10-D276232CDCEA): 17
LogDevObjectVersion:   Dev-Anim (AF43A65D-7FD3-4947-9873-3E8ED9C1BB05): 2
LogDevObjectVersion:   Dev-ReflectionCapture (6B266CEC-1EC7-4B8F-A30B-E4D90942FC07): 1
LogDevObjectVersion:   Dev-Automation (0DF73D61-A23F-47EA-B727-89E90C41499A): 1
LogDevObjectVersion:   FortniteMain (601D1886-AC64-4F84-AA16-D3DE0DEAC7D6): 27
LogDevObjectVersion:   Dev-Enterprise (9DFFBCD6-494F-0158-E221-12823C92A888): 6
LogDevObjectVersion:   Dev-Niagara (F2AED0AC-9AFE-416F-8664-AA7FFA26D6FC): 1
LogDevObjectVersion:   Dev-Destruction (174F1F0B-B4C6-45A5-B13F-2EE8D0FB917D): 9
LogInit: Presizing for max 16777216 objects, including 0 objects not considered by GC, pre-allocating 0 bytes for permanent pool.
LogInit: Object subsystem initialized
LogConfig: Setting CVar [[con.DebugEarlyDefault:1]]
LogConfig: Setting CVar [[r.setres:1280x720]]
[2020.11.21-18.28.39:912][  0]LogConfig: Setting CVar [[r.VSync:0]]
[2020.11.21-18.28.39:912][  0]LogConfig: Setting CVar [[r.RHICmdBypass:0]]
[2020.11.21-18.28.39:912][  0]LogConfig: Applying CVar settings from Section [/Script/Engine.RendererSettings] File [C:/Users/RuthlessLua/Documents/Unreal Projects/UnrealPluginDemo/Saved/Config/Windows/Engine.ini]
[2020.11.21-18.28.39:912][  0]LogConfig: Setting CVar [[r.GPUCrashDebugging:0]]
[2020.11.21-18.28.39:912][  0]LogConfig: Setting CVar [[r.DefaultFeature.AutoExposure.ExtendDefaultLuminanceRange:1]]
[2020.11.21-18.28.39:912][  0]LogConfig: Applying CVar settings from Section [/Script/Engine.RendererOverrideSettings] File [C:/Users/RuthlessLua/Documents/Unreal Projects/UnrealPluginDemo/Saved/Config/Windows/Engine.ini]
[2020.11.21-18.28.39:913][  0]LogConfig: Applying CVar settings from Section [/Script/Engine.StreamingSettings] File [C:/Users/RuthlessLua/Documents/Unreal Projects/UnrealPluginDemo/Saved/Config/Windows/Engine.ini]
[2020.11.21-18.28.39:913][  0]LogConfig: Setting CVar [[s.MinBulkDataSizeForAsyncLoading:131072]]
[2020.11.21-18.28.39:913][  0]LogConfig: Setting CVar [[s.AsyncLoadingThreadEnabled:0]]
[2020.11.21-18.28.39:913][  0]LogConfig: Setting CVar [[s.EventDrivenLoaderEnabled:1]]
[2020.11.21-18.28.39:913][  0]LogConfig: Setting CVar [[s.WarnIfTimeLimitExceeded:0]]
[2020.11.21-18.28.39:913][  0]LogConfig: Setting CVar [[s.TimeLimitExceededMultiplier:1.5]]
[2020.11.21-18.28.39:913][  0]LogConfig: Setting CVar [[s.TimeLimitExceededMinTime:0.005]]
[2020.11.21-18.28.39:913][  0]LogConfig: Setting CVar [[s.UseBackgroundLevelStreaming:1]]
[2020.11.21-18.28.39:913][  0]LogConfig: Setting CVar [[s.PriorityAsyncLoadingExtraTime:15.0]]
[2020.11.21-18.28.39:913][  0]LogConfig: Setting CVar [[s.LevelStreamingActorsUpdateTimeLimit:5.0]]
[2020.11.21-18.28.39:913][  0]LogConfig: Setting CVar [[s.PriorityLevelStreamingActorsUpdateExtraTime:5.0]]
[2020.11.21-18.28.39:913][  0]LogConfig: Setting CVar [[s.LevelStreamingComponentsRegistrationGranularity:10]]
[2020.11.21-18.28.39:913][  0]LogConfig: Setting CVar [[s.UnregisterComponentsTimeLimit:1.0]]
[2020.11.21-18.28.39:913][  0]LogConfig: Setting CVar [[s.LevelStreamingComponentsUnregistrationGranularity:5]]
[2020.11.21-18.28.39:913][  0]LogConfig: Applying CVar settings from Section [/Script/Engine.GarbageCollectionSettings] File [C:/Users/RuthlessLua/Documents/Unreal Projects/UnrealPluginDemo/Saved/Config/Windows/Engine.ini]
[2020.11.21-18.28.39:913][  0]LogConfig: Setting CVar [[gc.MaxObjectsNotConsideredByGC:1]]
[2020.11.21-18.28.39:913][  0]LogConfig: Setting CVar [[gc.SizeOfPermanentObjectPool:0]]
[2020.11.21-18.28.39:913][  0]LogConfig: Setting CVar [[gc.FlushStreamingOnGC:0]]
[2020.11.21-18.28.39:913][  0]LogConfig: Setting CVar [[gc.NumRetriesBeforeForcingGC:10]]
[2020.11.21-18.28.39:913][  0]LogConfig: Setting CVar [[gc.AllowParallelGC:1]]
[2020.11.21-18.28.39:913][  0]LogConfig: Setting CVar [[gc.TimeBetweenPurgingPendingKillObjects:61.1]]
[2020.11.21-18.28.39:913][  0]LogConfig: Setting CVar [[gc.MaxObjectsInEditor:16777216]]
[2020.11.21-18.28.39:913][  0]LogConfig: Setting CVar [[gc.IncrementalBeginDestroyEnabled:1]]
[2020.11.21-18.28.39:914][  0]LogConfig: Setting CVar [[gc.CreateGCClusters:1]]
[2020.11.21-18.28.39:914][  0]LogConfig: Setting CVar [[gc.MinGCClusterSize:5]]
[2020.11.21-18.28.39:914][  0]LogConfig: Setting CVar [[gc.ActorClusteringEnabled:0]]
[2020.11.21-18.28.39:914][  0]LogConfig: Setting CVar [[gc.BlueprintClusteringEnabled:0]]
[2020.11.21-18.28.39:914][  0]LogConfig: Setting CVar [[gc.UseDisregardForGCOnDedicatedServers:0]]
[2020.11.21-18.28.39:914][  0]LogConfig: Applying CVar settings from Section [/Script/Engine.NetworkSettings] File [C:/Users/RuthlessLua/Documents/Unreal Projects/UnrealPluginDemo/Saved/Config/Windows/Engine.ini]
[2020.11.21-18.28.39:914][  0]LogConfig: Applying CVar settings from Section [/Script/UnrealEd.CookerSettings] File [C:/Users/RuthlessLua/Documents/Unreal Projects/UnrealPluginDemo/Saved/Config/Windows/Engine.ini]
[2020.11.21-18.28.39:919][  0]LogConfig: Applying CVar settings from Section [ViewDistanceQuality@3] File [C:/Users/RuthlessLua/Documents/Unreal Projects/UnrealPluginDemo/Saved/Config/Windows/Scalability.ini]
[2020.11.21-18.28.39:919][  0]LogConfig: Setting CVar [[r.SkeletalMeshLODBias:0]]
[2020.11.21-18.28.39:919][  0]LogConfig: Setting CVar [[r.ViewDistanceScale:1.0]]
[2020.11.21-18.28.39:919][  0]LogConfig: Applying CVar settings from Section [AntiAliasingQuality@3] File [C:/Users/RuthlessLua/Documents/Unreal Projects/UnrealPluginDemo/Saved/Config/Windows/Scalability.ini]
[2020.11.21-18.28.39:919][  0]LogConfig: Setting CVar [[r.PostProcessAAQuality:4]]
[2020.11.21-18.28.39:919][  0]LogConfig: Applying CVar settings from Section [ShadowQuality@3] File [C:/Users/RuthlessLua/Documents/Unreal Projects/UnrealPluginDemo/Saved/Config/Windows/Scalability.ini]
[2020.11.21-18.28.39:919][  0]LogConfig: Setting CVar [[r.LightFunctionQuality:1]]
[2020.11.21-18.28.39:920][  0]LogConfig: Setting CVar [[r.ShadowQuality:5]]
[2020.11.21-18.28.39:920][  0]LogConfig: Setting CVar [[r.Shadow.CSM.MaxCascades:10]]
[2020.11.21-18.28.39:920][  0]LogConfig: Setting CVar [[r.Shadow.MaxResolution:2048]]
[2020.11.21-18.28.39:920][  0]LogConfig: Setting CVar [[r.Shadow.MaxCSMResolution:2048]]
[2020.11.21-18.28.39:920][  0]LogConfig: Setting CVar [[r.Shadow.RadiusThreshold:0.01]]
[2020.11.21-18.28.39:920][  0]LogConfig: Setting CVar [[r.Shadow.DistanceScale:1.0]]
[2020.11.21-18.28.39:920][  0]LogConfig: Setting CVar [[r.Shadow.CSM.TransitionScale:1.0]]
[2020.11.21-18.28.39:920][  0]LogConfig: Setting CVar [[r.Shadow.PreShadowResolutionFactor:1.0]]
[2020.11.21-18.28.39:920][  0]LogConfig: Setting CVar [[r.DistanceFieldShadowing:1]]
[2020.11.21-18.28.39:920][  0]LogConfig: Setting CVar [[r.DistanceFieldAO:1]]
[2020.11.21-18.28.39:920][  0]LogConfig: Setting CVar [[r.AOQuality:2]]
[2020.11.21-18.28.39:920][  0]LogConfig: Setting CVar [[r.VolumetricFog:1]]
[2020.11.21-18.28.39:920][  0]LogConfig: Setting CVar [[r.VolumetricFog.GridPixelSize:8]]
[2020.11.21-18.28.39:920][  0]LogConfig: Setting CVar [[r.VolumetricFog.GridSizeZ:128]]
[2020.11.21-18.28.39:920][  0]LogConfig: Setting CVar [[r.VolumetricFog.HistoryMissSupersampleCount:4]]
[2020.11.21-18.28.39:920][  0]LogConfig: Setting CVar [[r.LightMaxDrawDistanceScale:1]]
[2020.11.21-18.28.39:920][  0]LogConfig: Setting CVar [[r.CapsuleShadows:1]]
[2020.11.21-18.28.39:920][  0]LogConfig: Applying CVar settings from Section [PostProcessQuality@3] File [C:/Users/RuthlessLua/Documents/Unreal Projects/UnrealPluginDemo/Saved/Config/Windows/Scalability.ini]
[2020.11.21-18.28.39:920][  0]LogConfig: Setting CVar [[r.MotionBlurQuality:4]]
[2020.11.21-18.28.39:920][  0]LogConfig: Setting CVar [[r.AmbientOcclusionMipLevelFactor:0.4]]
[2020.11.21-18.28.39:920][  0]LogConfig: Setting CVar [[r.AmbientOcclusionMaxQuality:100]]
[2020.11.21-18.28.39:920][  0]LogConfig: Setting CVar [[r.AmbientOcclusionLevels:-1]]
[2020.11.21-18.28.39:920][  0]LogConfig: Setting CVar [[r.AmbientOcclusionRadiusScale:1.0]]
[2020.11.21-18.28.39:921][  0]LogConfig: Setting CVar [[r.DepthOfFieldQuality:2]]
[2020.11.21-18.28.39:921][  0]LogConfig: Setting CVar [[r.RenderTargetPoolMin:400]]
[2020.11.21-18.28.39:921][  0]LogConfig: Setting CVar [[r.LensFlareQuality:2]]
[2020.11.21-18.28.39:921][  0]LogConfig: Setting CVar [[r.SceneColorFringeQuality:1]]
[2020.11.21-18.28.39:921][  0]LogConfig: Setting CVar [[r.EyeAdaptationQuality:2]]
[2020.11.21-18.28.39:921][  0]LogConfig: Setting CVar [[r.BloomQuality:5]]
[2020.11.21-18.28.39:921][  0]LogConfig: Setting CVar [[r.FastBlurThreshold:100]]
[2020.11.21-18.28.39:921][  0]LogConfig: Setting CVar [[r.Upscale.Quality:3]]
[2020.11.21-18.28.39:921][  0]LogConfig: Setting CVar [[r.Tonemapper.GrainQuantization:1]]
[2020.11.21-18.28.39:921][  0]LogConfig: Setting CVar [[r.LightShaftQuality:1]]
[2020.11.21-18.28.39:921][  0]LogConfig: Setting CVar [[r.Filter.SizeScale:1]]
[2020.11.21-18.28.39:921][  0]LogConfig: Setting CVar [[r.Tonemapper.Quality:5]]
[2020.11.21-18.28.39:921][  0]LogConfig: Setting CVar [[r.DOF.Gather.AccumulatorQuality:1        ; higher gathering accumulator quality]]
[2020.11.21-18.28.39:921][  0]LogConfig: Setting CVar [[r.DOF.Gather.PostfilterMethod:1          ; Median3x3 postfilering method]]
[2020.11.21-18.28.39:921][  0]LogConfig: Setting CVar [[r.DOF.Gather.EnableBokehSettings:0       ; no bokeh simulation when gathering]]
[2020.11.21-18.28.39:921][  0]LogConfig: Setting CVar [[r.DOF.Gather.RingCount:4                 ; medium number of samples when gathering]]
[2020.11.21-18.28.39:921][  0]LogConfig: Setting CVar [[r.DOF.Scatter.ForegroundCompositing:1    ; additive foreground scattering]]
[2020.11.21-18.28.39:921][  0]LogConfig: Setting CVar [[r.DOF.Scatter.BackgroundCompositing:2    ; additive background scattering]]
[2020.11.21-18.28.39:921][  0]LogConfig: Setting CVar [[r.DOF.Scatter.EnableBokehSettings:1      ; bokeh simulation when scattering]]
[2020.11.21-18.28.39:921][  0]LogConfig: Setting CVar [[r.DOF.Scatter.MaxSpriteRatio:0.1         ; only a maximum of 10% of scattered bokeh]]
[2020.11.21-18.28.39:921][  0]LogConfig: Setting CVar [[r.DOF.Recombine.Quality:1                ; cheap slight out of focus]]
[2020.11.21-18.28.39:921][  0]LogConfig: Setting CVar [[r.DOF.Recombine.EnableBokehSettings:0    ; no bokeh simulation on slight out of focus]]
[2020.11.21-18.28.39:921][  0]LogConfig: Setting CVar [[r.DOF.TemporalAAQuality:1                ; more stable temporal accumulation]]
[2020.11.21-18.28.39:921][  0]LogConfig: Setting CVar [[r.DOF.Kernel.MaxForegroundRadius:0.025]]
[2020.11.21-18.28.39:922][  0]LogConfig: Setting CVar [[r.DOF.Kernel.MaxBackgroundRadius:0.025]]
[2020.11.21-18.28.39:922][  0]LogConfig: Applying CVar settings from Section [TextureQuality@3] File [C:/Users/RuthlessLua/Documents/Unreal Projects/UnrealPluginDemo/Saved/Config/Windows/Scalability.ini]
[2020.11.21-18.28.39:922][  0]LogConfig: Setting CVar [[r.Streaming.MipBias:0]]
[2020.11.21-18.28.39:922][  0]LogConfig: Setting CVar [[r.Streaming.AmortizeCPUToGPUCopy:0]]
[2020.11.21-18.28.39:922][  0]LogConfig: Setting CVar [[r.Streaming.MaxNumTexturesToStreamPerFrame:0]]
[2020.11.21-18.28.39:922][  0]LogConfig: Setting CVar [[r.Streaming.Boost:1]]
[2020.11.21-18.28.39:922][  0]LogConfig: Setting CVar [[r.MaxAnisotropy:8]]
[2020.11.21-18.28.39:922][  0]LogConfig: Setting CVar [[r.Streaming.LimitPoolSizeToVRAM:0]]
[2020.11.21-18.28.39:922][  0]LogConfig: Setting CVar [[r.Streaming.PoolSize:1000]]
[2020.11.21-18.28.39:922][  0]LogConfig: Setting CVar [[r.Streaming.MaxEffectiveScreenSize:0]]
[2020.11.21-18.28.39:922][  0]LogConfig: Applying CVar settings from Section [EffectsQuality@3] File [C:/Users/RuthlessLua/Documents/Unreal Projects/UnrealPluginDemo/Saved/Config/Windows/Scalability.ini]
[2020.11.21-18.28.39:922][  0]LogConfig: Setting CVar [[r.TranslucencyLightingVolumeDim:64]]
[2020.11.21-18.28.39:922][  0]LogConfig: Setting CVar [[r.RefractionQuality:2]]
[2020.11.21-18.28.39:922][  0]LogConfig: Setting CVar [[r.SSR.Quality:3]]
[2020.11.21-18.28.39:922][  0]LogConfig: Setting CVar [[r.SceneColorFormat:4]]
[2020.11.21-18.28.39:922][  0]LogConfig: Setting CVar [[r.DetailMode:2]]
[2020.11.21-18.28.39:922][  0]LogConfig: Setting CVar [[r.TranslucencyVolumeBlur:1]]
[2020.11.21-18.28.39:922][  0]LogConfig: Setting CVar [[r.MaterialQualityLevel:1 ; High quality]]
[2020.11.21-18.28.39:922][  0]LogConfig: Setting CVar [[r.SSS.Scale:1]]
[2020.11.21-18.28.39:922][  0]LogConfig: Setting CVar [[r.SSS.SampleSet:2]]
[2020.11.21-18.28.39:922][  0]LogConfig: Setting CVar [[r.SSS.Quality:1]]
[2020.11.21-18.28.39:922][  0]LogConfig: Setting CVar [[r.SSS.HalfRes:1]]
[2020.11.21-18.28.39:922][  0]LogConfig: Setting CVar [[r.EmitterSpawnRateScale:1.0]]
[2020.11.21-18.28.39:923][  0]LogConfig: Setting CVar [[r.ParticleLightQuality:2]]
[2020.11.21-18.28.39:923][  0]LogConfig: Applying CVar settings from Section [FoliageQuality@3] File [C:/Users/RuthlessLua/Documents/Unreal Projects/UnrealPluginDemo/Saved/Config/Windows/Scalability.ini]
[2020.11.21-18.28.39:923][  0]LogConfig: Setting CVar [[foliage.DensityScale:1.0]]
[2020.11.21-18.28.39:923][  0]LogConfig: Setting CVar [[grass.DensityScale:1.0]]
[2020.11.21-18.28.39:923][  0]LogInit: Selected Device Profile: [Windows]
[2020.11.21-18.28.39:923][  0]LogInit: Applying CVar settings loaded from the selected device profile: [Windows]
[2020.11.21-18.28.39:925][  0]LogHAL: Display: Platform has ~ 16 GB [17126739968 / 17179869184 / 16], which maps to Larger [LargestMinGB=32, LargerMinGB=12, DefaultMinGB=8, SmallerMinGB=6, SmallestMinGB=0)
[2020.11.21-18.28.39:925][  0]LogInit: Going up to parent DeviceProfile []
[2020.11.21-18.28.39:925][  0]LogConfig: Applying CVar settings from Section [ViewDistanceQuality@3] File [C:/Users/RuthlessLua/Documents/Unreal Projects/UnrealPluginDemo/Saved/Config/Windows/Scalability.ini]
[2020.11.21-18.28.39:925][  0]LogConfig: Setting CVar [[r.SkeletalMeshLODBias:0]]
[2020.11.21-18.28.39:926][  0]LogConfig: Setting CVar [[r.ViewDistanceScale:1.0]]
[2020.11.21-18.28.39:926][  0]LogConfig: Applying CVar settings from Section [AntiAliasingQuality@3] File [C:/Users/RuthlessLua/Documents/Unreal Projects/UnrealPluginDemo/Saved/Config/Windows/Scalability.ini]
[2020.11.21-18.28.39:926][  0]LogConfig: Setting CVar [[r.PostProcessAAQuality:4]]
[2020.11.21-18.28.39:926][  0]LogConfig: Applying CVar settings from Section [ShadowQuality@3] File [C:/Users/RuthlessLua/Documents/Unreal Projects/UnrealPluginDemo/Saved/Config/Windows/Scalability.ini]
[2020.11.21-18.28.39:926][  0]LogConfig: Setting CVar [[r.LightFunctionQuality:1]]
[2020.11.21-18.28.39:926][  0]LogConfig: Setting CVar [[r.ShadowQuality:5]]
[2020.11.21-18.28.39:926][  0]LogConfig: Setting CVar [[r.Shadow.CSM.MaxCascades:10]]
[2020.11.21-18.28.39:926][  0]LogConfig: Setting CVar [[r.Shadow.MaxResolution:2048]]
[2020.11.21-18.28.39:926][  0]LogConfig: Setting CVar [[r.Shadow.MaxCSMResolution:2048]]
[2020.11.21-18.28.39:926][  0]LogConfig: Setting CVar [[r.Shadow.RadiusThreshold:0.01]]
[2020.11.21-18.28.39:926][  0]LogConfig: Setting CVar [[r.Shadow.DistanceScale:1.0]]
[2020.11.21-18.28.39:926][  0]LogConfig: Setting CVar [[r.Shadow.CSM.TransitionScale:1.0]]
[2020.11.21-18.28.39:926][  0]LogConfig: Setting CVar [[r.Shadow.PreShadowResolutionFactor:1.0]]
[2020.11.21-18.28.39:926][  0]LogConfig: Setting CVar [[r.DistanceFieldShadowing:1]]
[2020.11.21-18.28.39:926][  0]LogConfig: Setting CVar [[r.DistanceFieldAO:1]]
[2020.11.21-18.28.39:926][  0]LogConfig: Setting CVar [[r.AOQuality:2]]
[2020.11.21-18.28.39:926][  0]LogConfig: Setting CVar [[r.VolumetricFog:1]]
[2020.11.21-18.28.39:926][  0]LogConfig: Setting CVar [[r.VolumetricFog.GridPixelSize:8]]
[2020.11.21-18.28.39:926][  0]LogConfig: Setting CVar [[r.VolumetricFog.GridSizeZ:128]]
[2020.11.21-18.28.39:926][  0]LogConfig: Setting CVar [[r.VolumetricFog.HistoryMissSupersampleCount:4]]
[2020.11.21-18.28.39:926][  0]LogConfig: Setting CVar [[r.LightMaxDrawDistanceScale:1]]
[2020.11.21-18.28.39:926][  0]LogConfig: Setting CVar [[r.CapsuleShadows:1]]
[2020.11.21-18.28.39:926][  0]LogConfig: Applying CVar settings from Section [PostProcessQuality@3] File [C:/Users/RuthlessLua/Documents/Unreal Projects/UnrealPluginDemo/Saved/Config/Windows/Scalability.ini]
[2020.11.21-18.28.39:926][  0]LogConfig: Setting CVar [[r.MotionBlurQuality:4]]
[2020.11.21-18.28.39:926][  0]LogConfig: Setting CVar [[r.AmbientOcclusionMipLevelFactor:0.4]]
[2020.11.21-18.28.39:927][  0]LogConfig: Setting CVar [[r.AmbientOcclusionMaxQuality:100]]
[2020.11.21-18.28.39:927][  0]LogConfig: Setting CVar [[r.AmbientOcclusionLevels:-1]]
[2020.11.21-18.28.39:927][  0]LogConfig: Setting CVar [[r.AmbientOcclusionRadiusScale:1.0]]
[2020.11.21-18.28.39:927][  0]LogConfig: Setting CVar [[r.DepthOfFieldQuality:2]]
[2020.11.21-18.28.39:927][  0]LogConfig: Setting CVar [[r.RenderTargetPoolMin:400]]
[2020.11.21-18.28.39:927][  0]LogConfig: Setting CVar [[r.LensFlareQuality:2]]
[2020.11.21-18.28.39:927][  0]LogConfig: Setting CVar [[r.SceneColorFringeQuality:1]]
[2020.11.21-18.28.39:927][  0]LogConfig: Setting CVar [[r.EyeAdaptationQuality:2]]
[2020.11.21-18.28.39:927][  0]LogConfig: Setting CVar [[r.BloomQuality:5]]
[2020.11.21-18.28.39:927][  0]LogConfig: Setting CVar [[r.FastBlurThreshold:100]]
[2020.11.21-18.28.39:927][  0]LogConfig: Setting CVar [[r.Upscale.Quality:3]]
[2020.11.21-18.28.39:927][  0]LogConfig: Setting CVar [[r.Tonemapper.GrainQuantization:1]]
[2020.11.21-18.28.39:927][  0]LogConfig: Setting CVar [[r.LightShaftQuality:1]]
[2020.11.21-18.28.39:927][  0]LogConfig: Setting CVar [[r.Filter.SizeScale:1]]
[2020.11.21-18.28.39:927][  0]LogConfig: Setting CVar [[r.Tonemapper.Quality:5]]
[2020.11.21-18.28.39:927][  0]LogConfig: Setting CVar [[r.DOF.Gather.AccumulatorQuality:1        ; higher gathering accumulator quality]]
[2020.11.21-18.28.39:927][  0]LogConfig: Setting CVar [[r.DOF.Gather.PostfilterMethod:1          ; Median3x3 postfilering method]]
[2020.11.21-18.28.39:927][  0]LogConfig: Setting CVar [[r.DOF.Gather.EnableBokehSettings:0       ; no bokeh simulation when gathering]]
[2020.11.21-18.28.39:927][  0]LogConfig: Setting CVar [[r.DOF.Gather.RingCount:4                 ; medium number of samples when gathering]]
[2020.11.21-18.28.39:927][  0]LogConfig: Setting CVar [[r.DOF.Scatter.ForegroundCompositing:1    ; additive foreground scattering]]
[2020.11.21-18.28.39:927][  0]LogConfig: Setting CVar [[r.DOF.Scatter.BackgroundCompositing:2    ; additive background scattering]]
[2020.11.21-18.28.39:927][  0]LogConfig: Setting CVar [[r.DOF.Scatter.EnableBokehSettings:1      ; bokeh simulation when scattering]]
[2020.11.21-18.28.39:927][  0]LogConfig: Setting CVar [[r.DOF.Scatter.MaxSpriteRatio:0.1         ; only a maximum of 10% of scattered bokeh]]
[2020.11.21-18.28.39:927][  0]LogConfig: Setting CVar [[r.DOF.Recombine.Quality:1                ; cheap slight out of focus]]
[2020.11.21-18.28.39:928][  0]LogConfig: Setting CVar [[r.DOF.Recombine.EnableBokehSettings:0    ; no bokeh simulation on slight out of focus]]
[2020.11.21-18.28.39:928][  0]LogConfig: Setting CVar [[r.DOF.TemporalAAQuality:1                ; more stable temporal accumulation]]
[2020.11.21-18.28.39:928][  0]LogConfig: Setting CVar [[r.DOF.Kernel.MaxForegroundRadius:0.025]]
[2020.11.21-18.28.39:928][  0]LogConfig: Setting CVar [[r.DOF.Kernel.MaxBackgroundRadius:0.025]]
[2020.11.21-18.28.39:928][  0]LogConfig: Applying CVar settings from Section [TextureQuality@3] File [C:/Users/RuthlessLua/Documents/Unreal Projects/UnrealPluginDemo/Saved/Config/Windows/Scalability.ini]
[2020.11.21-18.28.39:928][  0]LogConfig: Setting CVar [[r.Streaming.MipBias:0]]
[2020.11.21-18.28.39:928][  0]LogConfig: Setting CVar [[r.Streaming.AmortizeCPUToGPUCopy:0]]
[2020.11.21-18.28.39:928][  0]LogConfig: Setting CVar [[r.Streaming.MaxNumTexturesToStreamPerFrame:0]]
[2020.11.21-18.28.39:928][  0]LogConfig: Setting CVar [[r.Streaming.Boost:1]]
[2020.11.21-18.28.39:928][  0]LogConfig: Setting CVar [[r.MaxAnisotropy:8]]
[2020.11.21-18.28.39:928][  0]LogConfig: Setting CVar [[r.Streaming.LimitPoolSizeToVRAM:0]]
[2020.11.21-18.28.39:928][  0]LogConfig: Setting CVar [[r.Streaming.PoolSize:1000]]
[2020.11.21-18.28.39:928][  0]LogConfig: Setting CVar [[r.Streaming.MaxEffectiveScreenSize:0]]
[2020.11.21-18.28.39:928][  0]LogConfig: Applying CVar settings from Section [EffectsQuality@3] File [C:/Users/RuthlessLua/Documents/Unreal Projects/UnrealPluginDemo/Saved/Config/Windows/Scalability.ini]
[2020.11.21-18.28.39:928][  0]LogConfig: Setting CVar [[r.TranslucencyLightingVolumeDim:64]]
[2020.11.21-18.28.39:928][  0]LogConfig: Setting CVar [[r.RefractionQuality:2]]
[2020.11.21-18.28.39:928][  0]LogConfig: Setting CVar [[r.SSR.Quality:3]]
[2020.11.21-18.28.39:928][  0]LogConfig: Setting CVar [[r.SceneColorFormat:4]]
[2020.11.21-18.28.39:928][  0]LogConfig: Setting CVar [[r.DetailMode:2]]
[2020.11.21-18.28.39:928][  0]LogConfig: Setting CVar [[r.TranslucencyVolumeBlur:1]]
[2020.11.21-18.28.39:928][  0]LogConfig: Setting CVar [[r.MaterialQualityLevel:1 ; High quality]]
[2020.11.21-18.28.39:928][  0]LogConfig: Setting CVar [[r.SSS.Scale:1]]
[2020.11.21-18.28.39:928][  0]LogConfig: Setting CVar [[r.SSS.SampleSet:2]]
[2020.11.21-18.28.39:928][  0]LogConfig: Setting CVar [[r.SSS.Quality:1]]
[2020.11.21-18.28.39:928][  0]LogConfig: Setting CVar [[r.SSS.HalfRes:1]]
[2020.11.21-18.28.39:929][  0]LogConfig: Setting CVar [[r.EmitterSpawnRateScale:1.0]]
[2020.11.21-18.28.39:929][  0]LogConfig: Setting CVar [[r.ParticleLightQuality:2]]
[2020.11.21-18.28.39:929][  0]LogConfig: Applying CVar settings from Section [FoliageQuality@3] File [C:/Users/RuthlessLua/Documents/Unreal Projects/UnrealPluginDemo/Saved/Config/Windows/Scalability.ini]
[2020.11.21-18.28.39:929][  0]LogConfig: Setting CVar [[foliage.DensityScale:1.0]]
[2020.11.21-18.28.39:929][  0]LogConfig: Setting CVar [[grass.DensityScale:1.0]]
[2020.11.21-18.28.39:929][  0]LogConfig: Applying CVar settings from Section [Startup] File [../../../Engine/Config/ConsoleVariables.ini]
[2020.11.21-18.28.39:929][  0]LogConfig: Setting CVar [[net.UseAdaptiveNetUpdateFrequency:0]]
[2020.11.21-18.28.39:929][  0]LogConfig: Setting CVar [[p.chaos.AllowCreatePhysxBodies:1]]
[2020.11.21-18.28.39:929][  0]LogConfig: Applying CVar settings from Section [ConsoleVariables] File [C:/Users/RuthlessLua/Documents/Unreal Projects/UnrealPluginDemo/Saved/Config/Windows/Engine.ini]
[2020.11.21-18.28.39:929][  0]LogInit: Computer: JOHN
[2020.11.21-18.28.39:929][  0]LogInit: User: RuthlessLua
[2020.11.21-18.28.39:929][  0]LogInit: CPU Page size=4096, Cores=6
[2020.11.21-18.28.39:929][  0]LogInit: High frequency timer resolution =10.000000 MHz
[2020.11.21-18.28.39:929][  0]LogMemory: Memory total: Physical=16.0GB (16GB approx)
[2020.11.21-18.28.39:930][  0]LogMemory: Platform Memory Stats for Windows
[2020.11.21-18.28.39:930][  0]LogMemory: Process Physical Memory: 101.32 MB used, 101.32 MB peak
[2020.11.21-18.28.39:930][  0]LogMemory: Process Virtual Memory: 89.54 MB used, 89.54 MB peak
[2020.11.21-18.28.39:930][  0]LogMemory: Physical Memory: 8238.24 MB used,  8095.09 MB free, 16333.33 MB total
[2020.11.21-18.28.39:930][  0]LogMemory: Virtual Memory: 4674.79 MB used,  134213056.00 MB free, 134217728.00 MB total
[2020.11.21-18.28.39:934][  0]LogWindows: WindowsPlatformFeatures enabled
[2020.11.21-18.28.40:009][  0]LogInit: Using OS detected language (en-US).
[2020.11.21-18.28.40:009][  0]LogInit: Using OS detected locale (en-US).
[2020.11.21-18.28.40:010][  0]LogTextLocalizationManager: No specific localization for 'en-US' exists, so the 'en' localization will be used.
[2020.11.21-18.28.40:150][  0]LogInit: Setting process to per monitor DPI aware
[2020.11.21-18.28.40:187][  0]LogSlate: New Slate User Created.  User Index 0, Is Virtual User: 0
[2020.11.21-18.28.40:187][  0]LogSlate: Slate User Registered.  User Index 0, Is Virtual User: 0
[2020.11.21-18.28.40:363][  0]LogHMD: Failed to initialize OpenVR with code 110
[2020.11.21-18.28.40:363][  0]LogD3D11RHI: D3D11 adapters:
[2020.11.21-18.28.40:430][  0]LogD3D11RHI:    0. 'NVIDIA GeForce RTX 2080' (Feature Level 11_0)
[2020.11.21-18.28.40:430][  0]LogD3D11RHI:       8010/0/8166 MB DedicatedVideo/DedicatedSystem/SharedSystem, Outputs:2, VendorId:0x10de
[2020.11.21-18.28.40:434][  0]LogD3D11RHI:    1. 'Microsoft Basic Render Driver' (Feature Level 11_0)
[2020.11.21-18.28.40:434][  0]LogD3D11RHI:       0/0/8166 MB DedicatedVideo/DedicatedSystem/SharedSystem, Outputs:0, VendorId:0x1414
[2020.11.21-18.28.40:434][  0]LogD3D11RHI: Chosen D3D11 Adapter: 0
[2020.11.21-18.28.40:443][  0]LogD3D11RHI: Creating new Direct3DDevice
[2020.11.21-18.28.40:443][  0]LogD3D11RHI:     GPU DeviceId: 0x1e87 (for the marketing name, search the web for "GPU Device Id")
[2020.11.21-18.28.40:443][  0]LogWindows: EnumDisplayDevices:
[2020.11.21-18.28.40:443][  0]LogWindows:    0. 'NVIDIA GeForce RTX 2080' (P:1 D:1)
[2020.11.21-18.28.40:443][  0]LogWindows:    1. 'NVIDIA GeForce RTX 2080' (P:0 D:1)
[2020.11.21-18.28.40:443][  0]LogWindows:    2. 'NVIDIA GeForce RTX 2080' (P:0 D:0)
[2020.11.21-18.28.40:444][  0]LogWindows:    3. 'NVIDIA GeForce RTX 2080' (P:0 D:0)
[2020.11.21-18.28.40:444][  0]LogWindows: DebugString: FoundDriverCount:4 
[2020.11.21-18.28.40:444][  0]LogD3D11RHI:     Adapter Name: NVIDIA GeForce RTX 2080
[2020.11.21-18.28.40:444][  0]LogD3D11RHI:   Driver Version: 451.67 (internal:27.21.14.5167, unified:451.67)
[2020.11.21-18.28.40:444][  0]LogD3D11RHI:      Driver Date: 7-5-2020
[2020.11.21-18.28.40:444][  0]LogRHI: Texture pool is 5607 MB (70% of 8010 MB)
[2020.11.21-18.28.40:492][  0]LogD3D11RHI: Async texture creation enabled
[2020.11.21-18.28.40:505][  0]LogD3D11RHI: GPU Timing Frequency: 1000.000000 (Debug: 2 1)
[2020.11.21-18.28.40:714][  0]LogTemp: Display: Module 'AllDesktopTargetPlatform' loaded TargetPlatform 'AllDesktop'
[2020.11.21-18.28.40:723][  0]LogTemp: Display: Module 'MacClientTargetPlatform' loaded TargetPlatform 'MacClient'
[2020.11.21-18.28.40:731][  0]LogTemp: Display: Module 'MacNoEditorTargetPlatform' loaded TargetPlatform 'MacNoEditor'
[2020.11.21-18.28.40:739][  0]LogTemp: Display: Module 'MacServerTargetPlatform' loaded TargetPlatform 'MacServer'
[2020.11.21-18.28.40:748][  0]LogTemp: Display: Module 'MacTargetPlatform' loaded TargetPlatform 'Mac'
[2020.11.21-18.28.40:758][  0]LogTemp: Display: Module 'WindowsClientTargetPlatform' loaded TargetPlatform 'WindowsClient'
[2020.11.21-18.28.40:766][  0]LogTemp: Display: Module 'WindowsNoEditorTargetPlatform' loaded TargetPlatform 'WindowsNoEditor'
[2020.11.21-18.28.40:775][  0]LogTemp: Display: Module 'WindowsServerTargetPlatform' loaded TargetPlatform 'WindowsServer'
[2020.11.21-18.28.40:779][  0]LogTemp: Display: Module 'WindowsTargetPlatform' loaded TargetPlatform 'Windows'
[2020.11.21-18.28.40:807][  0]LogTemp: Display: Module 'AndroidTargetPlatform' loaded TargetPlatform 'Android'
[2020.11.21-18.28.40:807][  0]LogTemp: Display: Module 'AndroidTargetPlatform' loaded TargetPlatform 'Android_ASTC'
[2020.11.21-18.28.40:807][  0]LogTemp: Display: Module 'AndroidTargetPlatform' loaded TargetPlatform 'Android_ATC'
[2020.11.21-18.28.40:807][  0]LogTemp: Display: Module 'AndroidTargetPlatform' loaded TargetPlatform 'Android_DXT'
[2020.11.21-18.28.40:807][  0]LogTemp: Display: Module 'AndroidTargetPlatform' loaded TargetPlatform 'Android_ETC1'
[2020.11.21-18.28.40:807][  0]LogTemp: Display: Module 'AndroidTargetPlatform' loaded TargetPlatform 'Android_ETC1a'
[2020.11.21-18.28.40:807][  0]LogTemp: Display: Module 'AndroidTargetPlatform' loaded TargetPlatform 'Android_ETC2'
[2020.11.21-18.28.40:808][  0]LogTemp: Display: Module 'AndroidTargetPlatform' loaded TargetPlatform 'Android_PVRTC'
[2020.11.21-18.28.40:808][  0]LogTemp: Display: Module 'AndroidTargetPlatform' loaded TargetPlatform 'AndroidClient'
[2020.11.21-18.28.40:808][  0]LogTemp: Display: Module 'AndroidTargetPlatform' loaded TargetPlatform 'Android_ASTCClient'
[2020.11.21-18.28.40:808][  0]LogTemp: Display: Module 'AndroidTargetPlatform' loaded TargetPlatform 'Android_ATCClient'
[2020.11.21-18.28.40:808][  0]LogTemp: Display: Module 'AndroidTargetPlatform' loaded TargetPlatform 'Android_DXTClient'
[2020.11.21-18.28.40:808][  0]LogTemp: Display: Module 'AndroidTargetPlatform' loaded TargetPlatform 'Android_ETC1Client'
[2020.11.21-18.28.40:808][  0]LogTemp: Display: Module 'AndroidTargetPlatform' loaded TargetPlatform 'Android_ETC1aClient'
[2020.11.21-18.28.40:808][  0]LogTemp: Display: Module 'AndroidTargetPlatform' loaded TargetPlatform 'Android_ETC2Client'
[2020.11.21-18.28.40:808][  0]LogTemp: Display: Module 'AndroidTargetPlatform' loaded TargetPlatform 'Android_PVRTCClient'
[2020.11.21-18.28.40:808][  0]LogTemp: Display: Module 'AndroidTargetPlatform' loaded TargetPlatform 'Android_Multi'
[2020.11.21-18.28.40:808][  0]LogTemp: Display: Module 'AndroidTargetPlatform' loaded TargetPlatform 'Android_MultiClient'
[2020.11.21-18.28.40:811][  0]LogTemp: Display: Module 'HTML5TargetPlatform' loaded TargetPlatform 'HTML5'
[2020.11.21-18.28.40:830][  0]LogTemp: Display: Module 'IOSTargetPlatform' loaded TargetPlatform 'IOSClient'
[2020.11.21-18.28.40:830][  0]LogTemp: Display: Module 'IOSTargetPlatform' loaded TargetPlatform 'IOS'
[2020.11.21-18.28.40:843][  0]LogTemp: Display: Module 'TVOSTargetPlatform' loaded TargetPlatform 'TVOSClient'
[2020.11.21-18.28.40:843][  0]LogTemp: Display: Module 'TVOSTargetPlatform' loaded TargetPlatform 'TVOS'
[2020.11.21-18.28.40:850][  0]LogTemp: Display: Module 'LinuxClientTargetPlatform' loaded TargetPlatform 'LinuxClient'
[2020.11.21-18.28.40:858][  0]LogTemp: Display: Module 'LinuxNoEditorTargetPlatform' loaded TargetPlatform 'LinuxNoEditor'
[2020.11.21-18.28.40:866][  0]LogTemp: Display: Module 'LinuxServerTargetPlatform' loaded TargetPlatform 'LinuxServer'
[2020.11.21-18.28.40:874][  0]LogTemp: Display: Module 'LinuxTargetPlatform' loaded TargetPlatform 'Linux'
[2020.11.21-18.28.40:896][  0]LogTemp: Display: Module 'LuminTargetPlatform' loaded TargetPlatform 'Lumin'
[2020.11.21-18.28.40:897][  0]LogTemp: Display: Module 'LuminTargetPlatform' loaded TargetPlatform 'LuminClient'
[2020.11.21-18.28.40:897][  0]LogTargetPlatformManager: Display: Building Assets For Windows
[2020.11.21-18.28.40:910][  0]LogAudioDebug: Display: Lib vorbis DLL was dynamically loaded.
[2020.11.21-18.28.40:969][  0]LogShaderCompilers: Guid format shader working directory is -12 characters bigger than the processId version (C:/Users/RuthlessLua/Documents/Unreal Projects/UnrealPluginDemo/Intermediate/Shaders/WorkingDirectory/19924/).
[2020.11.21-18.28.40:970][  0]LogShaderCompilers: Cleaned the shader compiler working directory 'C:/Users/RuthlessLua/AppData/Local/Temp/UnrealShaderWorkingDir/FBFDD1504FB12764F77427AFCD25623D/'.
[2020.11.21-18.28.40:971][  0]LogXGEController: Cleaning working directory: C:/Users/RuthlessLua/AppData/Local/Temp/UnrealXGEWorkingDir/
[2020.11.21-18.28.40:972][  0]LogXGEController: Cannot use XGE Controller as Incredibuild is not installed on this machine.
[2020.11.21-18.28.40:972][  0]LogShaderCompilers: Cannot use XGE Shader Compiler as Incredibuild is not installed on this machine.
[2020.11.21-18.28.40:972][  0]LogShaderCompilers: Display: Using Local Shader Compiler.
[2020.11.21-18.28.41:515][  0]LogDerivedDataCache: Display: Max Cache Size: 512 MB
[2020.11.21-18.28.41:553][  0]LogDerivedDataCache: Loaded boot cache 0.04s 73MB C:/Users/RuthlessLua/AppData/Local/UnrealEngine/4.23/DerivedDataCache/Boot.ddc.
[2020.11.21-18.28.41:553][  0]LogDerivedDataCache: Display: Loaded Boot cache: C:/Users/RuthlessLua/AppData/Local/UnrealEngine/4.23/DerivedDataCache/Boot.ddc
[2020.11.21-18.28.41:553][  0]LogDerivedDataCache: FDerivedDataBackendGraph:  Pak pak cache file C:/Users/RuthlessLua/Documents/Unreal Projects/UnrealPluginDemo/DerivedDataCache/DDC.ddp not found, will not use a pak cache.
[2020.11.21-18.28.41:553][  0]LogDerivedDataCache: Unable to find inner node Pak for hierarchical cache Hierarchy.
[2020.11.21-18.28.41:553][  0]LogDerivedDataCache: FDerivedDataBackendGraph:  CompressedPak pak cache file C:/Users/RuthlessLua/Documents/Unreal Projects/UnrealPluginDemo/DerivedDataCache/Compressed.ddp not found, will not use a pak cache.
[2020.11.21-18.28.41:553][  0]LogDerivedDataCache: Unable to find inner node CompressedPak for hierarchical cache Hierarchy.
[2020.11.21-18.28.41:564][  0]LogDerivedDataCache: Display: Pak cache opened for reading ../../../Engine/DerivedDataCache/Compressed.ddp.
[2020.11.21-18.28.41:564][  0]LogDerivedDataCache: FDerivedDataBackendGraph:  EnterprisePak pak cache file ../../../Enterprise/DerivedDataCache/Compressed.ddp not found, will not use a pak cache.
[2020.11.21-18.28.41:564][  0]LogDerivedDataCache: Unable to find inner node EnterprisePak for hierarchical cache Hierarchy.
[2020.11.21-18.28.41:566][  0]LogDerivedDataCache: Using Local data cache path C:/Users/RuthlessLua/AppData/Local/UnrealEngine/Common/DerivedDataCache: Writable
[2020.11.21-18.28.41:566][  0]LogDerivedDataCache: Shared data cache path not found in *engine.ini, will not use an Shared cache.
[2020.11.21-18.28.41:566][  0]LogDerivedDataCache: Unable to find inner node Shared for hierarchical cache Hierarchy.
[2020.11.21-18.28.41:585][  0]LogMaterial: Verifying Global Shaders for PCD3D_SM5
[2020.11.21-18.28.41:588][  0]LogSlate: Using FreeType 2.6.0
[2020.11.21-18.28.41:588][  0]LogSlate: SlateFontServices - WITH_FREETYPE: 1, WITH_HARFBUZZ: 1
[2020.11.21-18.28.41:640][  0]LogAssetRegistry: FAssetRegistry took 0.0036 seconds to start up
[2020.11.21-18.28.41:863][  0]LogInit: Selected Device Profile: [Windows]
[2020.11.21-18.28.41:990][  0]LogMeshReduction: Using QuadricMeshReduction for automatic static mesh reduction
[2020.11.21-18.28.41:990][  0]LogMeshReduction: Using SimplygonMeshReduction for automatic skeletal mesh reduction
[2020.11.21-18.28.41:990][  0]LogMeshReduction: Using ProxyLODMeshReduction for automatic mesh merging
[2020.11.21-18.28.41:990][  0]LogMeshReduction: No distributed automatic mesh merging module available
[2020.11.21-18.28.41:990][  0]LogMeshMerging: No distributed automatic mesh merging module available
[2020.11.21-18.28.41:998][  0]LogNetVersion: UnrealPluginDemo 1.0.0, NetCL: 8386587, EngineNetVer: 11, GameNetVer: 0 (Checksum: 4030924817)
[2020.11.21-18.28.42:318][  0]LogPackageLocalizationCache: Processed 13 localized package path(s) for 1 prioritized culture(s) in 0.030952 seconds
[2020.11.21-18.28.42:324][  0]LogUObjectArray: 43444 objects as part of root set at end of initial load.
[2020.11.21-18.28.42:324][  0]LogUObjectAllocator: 7548648 out of 0 bytes used by permanent object pool.
[2020.11.21-18.28.42:324][  0]LogUObjectArray: CloseDisregardForGC: 0/0 objects in disregard for GC pool
[2020.11.21-18.28.43:138][  0]LogTcpMessaging: Initializing TcpMessaging bridge
[2020.11.21-18.28.43:143][  0]LogUdpMessaging: Initializing bridge on interface 0.0.0.0:0 to multicast group 230.0.0.1:6666.
[2020.11.21-18.28.43:227][  0]SourceControl: Source control is disabled
[2020.11.21-18.28.43:227][  0]SourceControl: Source control is disabled
[2020.11.21-18.28.43:230][  0]SourceControl: Source control is disabled
[2020.11.21-18.28.43:232][  0]SourceControl: Source control is disabled
[2020.11.21-18.28.43:360][  0]LogAndroidPermission: UAndroidPermissionCallbackProxy::GetInstance
[2020.11.21-18.28.43:649][  0]LogOcInput: OculusInput pre-init called
[2020.11.21-18.28.43:658][  0]LogWindows: Failed to load 'OVRPlugin.dll' (GetLastError=126)
[2020.11.21-18.28.43:658][  0]LogWindows: File 'OVRPlugin.dll' does not exist
[2020.11.21-18.28.43:736][  0]LogEngine: Initializing Engine...
[2020.11.21-18.28.43:736][  0]LogHMD: Failed to initialize OpenVR with code 110
[2020.11.21-18.28.43:737][  0]LogStats: UGameplayTagsManager::InitializeManager -  0.000 s
[2020.11.21-18.28.43:922][  0]LogInit: Initializing FReadOnlyCVARCache
[2020.11.21-18.28.43:936][  0]LogAIModule: Creating AISystem for world Untitled
[2020.11.21-18.28.44:002][  0]LogInit: XAudio2 using 'Headset Earphone (HyperX Virtual Surround Sound)' : 2 channels at 48 kHz using 16 bits per sample (channel mask 0x3)
[2020.11.21-18.28.44:021][  0]LogInit: FAudioDevice initialized.
[2020.11.21-18.28.44:021][  0]LogNetVersion: Set ProjectVersion to 1.0.0.0. Version Checksum will be recalculated on next use.
[2020.11.21-18.28.44:165][  0]LogDerivedDataCache: Saved boot cache 0.14s 73MB C:/Users/RuthlessLua/AppData/Local/UnrealEngine/4.23/DerivedDataCache/Boot.ddc.
[2020.11.21-18.28.44:170][  0]LogInit: Texture streaming: Enabled
[2020.11.21-18.28.44:192][  0]LogEngineSessionManager: EngineSessionManager initialized
[2020.11.21-18.28.44:192][  0]LogEditorSessionSummary: Verbose: Initializing EditorSessionSummaryWriter for editor session tracking
[2020.11.21-18.28.44:192][  0]LogEditorSessionSummary: EditorSessionSummaryWriter initialized
[2020.11.21-18.28.44:223][  0]LogInit: Transaction tracking system initialized
[2020.11.21-18.28.44:254][  0]BlueprintLog: New page: Editor Load
[2020.11.21-18.28.44:333][  0]LocalizationService: Localization service is disabled
[2020.11.21-18.28.44:392][  0]LogLinker: Warning: Failed to load '/Game/SideScrollerCPP/SideScrollerOverview': Can't find file.
[2020.11.21-18.28.44:392][  0]LogLinker: Warning: Failed to load '/Game/SideScrollerCPP/SideScrollerOverview': Can't find file.
[2020.11.21-18.28.44:393][  0]LogUObjectGlobals: Warning: Failed to find object 'Class /Game/SideScrollerCPP/SideScrollerOverview.SideScrollerOverview_C'
[2020.11.21-18.28.44:544][  0]LogCook: Display: Max memory allowance for cook 16384mb min free memory 0mb
[2020.11.21-18.28.44:544][  0]LogCook: Display: Mobile HDR setting 1
[2020.11.21-18.28.44:752][  0]LogFileCache: Scanning file cache for directory 'C:/Users/RuthlessLua/Documents/Unreal Projects/UnrealPluginDemo/Content/' took 0.01s
[2020.11.21-18.28.44:752][  0]SourceControl: Source control is disabled
[2020.11.21-18.28.44:752][  0]Cmd: MAP LOAD FILE="C:/Users/RuthlessLua/Documents/Unreal Projects/UnrealPluginDemo/Content/StarterContent/Maps/Minimal_Default.umap" TEMPLATE=0 SHOWPROGRESS=1 FEATURELEVEL=3
[2020.11.21-18.28.44:753][  0]LightingResults: New page: Lighting Build
[2020.11.21-18.28.44:755][  0]LogWorld: UWorld::CleanupWorld for Untitled, bSessionEnded=true, bCleanupResources=true
[2020.11.21-18.28.44:755][  0]MapCheck: New page: Map Check
[2020.11.21-18.28.44:755][  0]LightingResults: New page: Lighting Build
[2020.11.21-18.28.44:783][  0]LogUObjectHash: Compacting FUObjectHashTables data took   1.59ms
[2020.11.21-18.28.44:929][  0]LogAIModule: Creating AISystem for world Minimal_Default
[2020.11.21-18.28.44:933][  0]LogEditorServer: Finished looking for orphan Actors (0.000 secs)
[2020.11.21-18.28.44:962][  0]LogUObjectHash: Compacting FUObjectHashTables data took   1.86ms
[2020.11.21-18.28.44:962][  0]Cmd: MAP CHECKDEP NOCLEARLOG
[2020.11.21-18.28.44:962][  0]MapCheck: Map check complete: 0 Error(s), 0 Warning(s), took 0.183ms to complete.
[2020.11.21-18.28.44:962][  0]LogFileHelpers: Loading map 'Minimal_Default' took 0.210
[2020.11.21-18.28.45:064][  0]LogSlate: Updating window title bar state: overlay mode, drag disabled, window buttons hidden, title bar hidden
[2020.11.21-18.28.45:069][  0]LogSlate: Updating window title bar state: overlay mode, drag disabled, window buttons hidden, title bar hidden
[2020.11.21-18.28.45:075][  0]LogSlate: Updating window title bar state: overlay mode, drag disabled, window buttons hidden, title bar hidden
[2020.11.21-18.28.45:081][  0]LogSlate: Updating window title bar state: overlay mode, drag disabled, window buttons hidden, title bar hidden
[2020.11.21-18.28.45:087][  0]LogCollectionManager: Loaded 0 collections in 0.001071 seconds
[2020.11.21-18.28.45:094][  0]LogFileCache: Scanning file cache for directory 'C:/Users/RuthlessLua/Documents/Unreal Projects/UnrealPluginDemo/Saved/Collections/' took 0.00s
[2020.11.21-18.28.45:094][  0]LogFileCache: Scanning file cache for directory 'C:/Users/RuthlessLua/Documents/Unreal Projects/UnrealPluginDemo/Content/Developers/RuthlessLua/Collections/' took 0.00s
[2020.11.21-18.28.45:094][  0]LogFileCache: Scanning file cache for directory 'C:/Users/RuthlessLua/Documents/Unreal Projects/UnrealPluginDemo/Content/Collections/' took 0.00s
[2020.11.21-18.28.45:094][  0]LogCollectionManager: Rebuilt the GUID cache for 0 collections in 0.000001 seconds
[2020.11.21-18.28.45:103][  0]LogContentBrowser: Native class hierarchy populated in 0.0081 seconds. Added 2865 classes and 685 folders.
[2020.11.21-18.28.45:107][  0]LogContentBrowser: Native class hierarchy updated for 'WidgetCarousel' in 0.0003 seconds. Added 0 classes and 0 folders.
[2020.11.21-18.28.45:153][  0]LogContentBrowser: Native class hierarchy updated for 'AddContentDialog' in 0.0004 seconds. Added 0 classes and 0 folders.
[2020.11.21-18.28.45:161][  0]LogContentBrowser: Native class hierarchy updated for 'SceneOutliner' in 0.0003 seconds. Added 1 classes and 2 folders.
[2020.11.21-18.28.45:174][  0]LogSlate: Took 0.000158 seconds to synchronously load lazily loaded font '../../../Engine/Content/Slate/Fonts/Roboto-Regular.ttf' (155K)
[2020.11.21-18.28.45:176][  0]LogSlate: Took 0.000166 seconds to synchronously load lazily loaded font '../../../Engine/Content/Slate/Fonts/Roboto-Bold.ttf' (160K)
[2020.11.21-18.28.45:180][  0]LogSlate: Took 0.000147 seconds to synchronously load lazily loaded font '../../../Engine/Content/Editor/Slate/Fonts/FontAwesome.ttf' (139K)
[2020.11.21-18.28.45:180][  0]LogSlate: Took 0.000112 seconds to synchronously load lazily loaded font '../../../Engine/Content/Slate/Fonts/DroidSansMono.ttf' (77K)
[2020.11.21-18.28.45:265][  0]LogRenderer: Reallocating scene render targets to support 1208x580 Format 10 NumSamples 1 (Frame:1).
[2020.11.21-18.28.45:335][  0]LogContentBrowser: Native class hierarchy updated for 'HierarchicalLODOutliner' in 0.0006 seconds. Added 0 classes and 0 folders.
[2020.11.21-18.28.45:336][  0]LogLoad: (Engine Initialization) Total time: 6.65 seconds
[2020.11.21-18.28.45:336][  0]LogLoad: (Engine Initialization) Total Blueprint compile time: 0.00 seconds
[2020.11.21-18.28.45:376][  0]LogAssetRegistry: Asset discovery search completed in 3.7392 seconds
[2020.11.21-18.28.45:379][  0]LogCollectionManager: Rebuilt the object cache for 0 collections in 0.000003 seconds (found 0 objects)
[2020.11.21-18.28.45:379][  0]LogCollectionManager: Fixed up redirectors for 0 collections in 0.000182 seconds (updated 0 objects)
[2020.11.21-18.28.45:380][  0]LogContentStreaming: Texture pool size now 1000 MB
[2020.11.21-18.28.48:148][329]LogSlate: FSceneViewport::OnFocusLost() reason 0
[2020.11.21-18.28.48:162][329]LogSlate: Took 0.000186 seconds to synchronously load lazily loaded font '../../../Engine/Content/Slate/Fonts/Roboto-Light.ttf' (167K)
[2020.11.21-18.28.51:652][747]LogSlate: Took 0.000257 seconds to synchronously load lazily loaded font '../../../Engine/Content/Slate/Fonts/Roboto-Light.ttf' (167K)
[2020.11.21-18.28.51:793][747]LogAIModule: Creating AISystem for world PluginPickupMap
[2020.11.21-18.28.51:798][747]LogAssetEditorManager: Opening Asset editor for World /Game/CustomContent/PluginPickupMap.PluginPickupMap
[2020.11.21-18.28.51:825][747]LogUObjectHash: Compacting FUObjectHashTables data took   1.96ms
[2020.11.21-18.28.51:826][747]Cmd: MAP LOAD FILE="C:/Users/RuthlessLua/Documents/Unreal Projects/UnrealPluginDemo/Content/CustomContent/PluginPickupMap.umap" TEMPLATE=0 SHOWPROGRESS=1 FEATURELEVEL=3
[2020.11.21-18.28.51:827][747]LightingResults: New page: Lighting Build
[2020.11.21-18.28.51:827][747]LoadErrors: New page: Loading map: PluginPickupMap.umap
[2020.11.21-18.28.51:828][747]LogWorld: UWorld::CleanupWorld for Minimal_Default, bSessionEnded=true, bCleanupResources=true
[2020.11.21-18.28.51:828][747]MapCheck: New page: Map Check
[2020.11.21-18.28.51:828][747]LightingResults: New page: Lighting Build
[2020.11.21-18.28.51:856][747]LogUObjectHash: Compacting FUObjectHashTables data took   1.70ms
[2020.11.21-18.28.51:859][747]LogEditorServer: Finished looking for orphan Actors (0.000 secs)
[2020.11.21-18.28.51:887][747]LogUObjectHash: Compacting FUObjectHashTables data took   1.53ms
[2020.11.21-18.28.51:896][747]Cmd: MAP CHECKDEP NOCLEARLOG
[2020.11.21-18.28.51:896][747]MapCheck: Map check complete: 0 Error(s), 0 Warning(s), took 0.106ms to complete.
[2020.11.21-18.28.51:896][747]LogFileHelpers: Loading map 'PluginPickupMap' took 0.071
[2020.11.21-18.28.54:823][ 95]LogEditorViewport: Clicking on Actor (LMB): Pickup (Pickup1)
[2020.11.21-18.28.55:272][145]Cmd: DELETE
[2020.11.21-18.28.55:272][145]Cmd: ACTOR DELETE
[2020.11.21-18.28.55:274][145]LogEditorActor: Deleted Actor: Pickup
[2020.11.21-18.28.55:301][145]LogUObjectHash: Compacting FUObjectHashTables data took   0.71ms
[2020.11.21-18.28.55:302][145]LogEditorActor: Deleted 1 Actors (0.028 secs)
[2020.11.21-18.28.57:402][397]LogSlate: FSceneViewport::OnFocusLost() reason 0
[2020.11.21-18.29.01:135][844]LogEditor: Attempting to add actor of class 'Pickup' to level at -20.00,-1200.00,20.00
[2020.11.21-18.29.01:603][897]LogEditor: Attempting to add actor of class 'Pickup' to level at 170.00,-950.00,20.00
[2020.11.21-18.29.02:888][ 48]LogEditorViewport: Clicking on Actor (LMB): BP_Sky_Sphere_C (Sky Sphere)
[2020.11.21-18.29.05:002][294]LogEditorViewport: Clicking on Actor (LMB): StaticMeshActor (Floor)
[2020.11.21-18.29.05:405][333]LogEditorViewport: Clicking on Actor (LMB): StaticMeshActor (Floor)
[2020.11.21-18.29.05:884][387]LogEditorViewport: Clicking on Actor (LMB): StaticMeshActor (Floor)
[2020.11.21-18.29.06:297][435]LogEditorViewport: Clicking on Actor (LMB): StaticMeshActor (Floor)
[2020.11.21-18.29.07:030][522]LogSlate: FSceneViewport::OnFocusLost() reason 0
[2020.11.21-18.29.07:498][576]LogSlate: Took 0.000209 seconds to synchronously load lazily loaded font '../../../Engine/Content/Slate/Fonts/Roboto-Italic.ttf' (157K)
[2020.11.21-18.29.31:967][493]LogEditorViewport: Clicking on Actor (LMB): BP_Sky_Sphere_C (Sky Sphere)
[2020.11.21-18.29.32:661][574]LogEditorViewport: Clicking on Actor (LMB): Pickup (Pickup2)
[2020.11.21-18.29.36:387][ 15]LogEditorViewport: Clicking on Actor (LMB): BP_Sky_Sphere_C (Sky Sphere)
[2020.11.21-18.29.38:622][274]LogSlate: FSceneViewport::OnFocusLost() reason 0
[2020.11.21-18.29.38:965][315]LogTemp: Repeating last play command: Selected Viewport
[2020.11.21-18.29.38:971][315]LogBlueprintUserMessages: Early PlayInEditor Detection: Level '/Game/CustomContent/PluginPickupMap.PluginPickupMap:PersistentLevel' has LevelScriptBlueprint '/Game/CustomContent/PluginPickupMap.PluginPickupMap:PersistentLevel.PluginPickupMap' with GeneratedClass '/Game/CustomContent/PluginPickupMap.PluginPickupMap_C' with ClassGeneratedBy '/Game/CustomContent/PluginPickupMap.PluginPickupMap:PersistentLevel.PluginPickupMap'
[2020.11.21-18.29.38:971][315]LogPlayLevel: PlayLevel: No blueprints needed recompiling
[2020.11.21-18.29.38:972][315]PIE: New page: PIE session: PluginPickupMap (Nov 21, 2020, 8:29:38 AM)
[2020.11.21-18.29.38:973][315]LogOnline: OSS: Creating online subsystem instance for: NULL
[2020.11.21-18.29.38:975][315]LogPlayLevel: Creating play world package: /Game/CustomContent/UEDPIE_0_PluginPickupMap
[2020.11.21-18.29.38:977][315]LogPlayLevel: PIE: StaticDuplicateObject took: (0.002310s)
[2020.11.21-18.29.38:978][315]LogAIModule: Creating AISystem for world PluginPickupMap
[2020.11.21-18.29.38:978][315]LogPlayLevel: PIE: World Init took: (0.000943s)
[2020.11.21-18.29.38:979][315]LogPlayLevel: PIE: Created PIE world by copying editor world from /Game/CustomContent/PluginPickupMap.PluginPickupMap to /Game/CustomContent/UEDPIE_0_PluginPickupMap.PluginPickupMap (0.003811s)
[2020.11.21-18.29.39:005][315]LogUObjectHash: Compacting FUObjectHashTables data took   1.55ms
[2020.11.21-18.29.39:058][315]LogInit: XAudio2 using 'Headset Earphone (HyperX Virtual Surround Sound)' : 2 channels at 48 kHz using 16 bits per sample (channel mask 0x3)
[2020.11.21-18.29.39:070][315]LogInit: FAudioDevice initialized.
[2020.11.21-18.29.39:086][315]LogUObjectGlobals: Warning: Failed to find object 'Class /Script/UnrealPluginDemo.UnrealPluginDemoGameMode'
[2020.11.21-18.29.39:086][315]LogLoad: Game class is 'GameModeBase'
[2020.11.21-18.29.39:088][315]LogWorld: Bringing World /Game/CustomContent/UEDPIE_0_PluginPickupMap.PluginPickupMap up for play (max tick rate 0) at 2020.11.21-13.29.39
[2020.11.21-18.29.39:088][315]LogWorld: Bringing up level for play took: 0.001435
[2020.11.21-18.29.39:088][315]LogOnline: OSS: Creating online subsystem instance for: :Context_3
[2020.11.21-18.29.39:094][315]LogContentBrowser: Native class hierarchy updated for 'MovieSceneCapture' in 0.0004 seconds. Added 20 classes and 0 folders.
[2020.11.21-18.29.39:094][315]PIE: Play in editor start time for /Game/CustomContent/UEDPIE_0_PluginPickupMap 0.902
[2020.11.21-18.29.39:095][315]LogBlueprintUserMessages: Late PlayInEditor Detection: Level '/Game/CustomContent/PluginPickupMap.PluginPickupMap:PersistentLevel' has LevelScriptBlueprint '/Game/CustomContent/PluginPickupMap.PluginPickupMap:PersistentLevel.PluginPickupMap' with GeneratedClass '/Game/CustomContent/PluginPickupMap.PluginPickupMap_C' with ClassGeneratedBy '/Game/CustomContent/PluginPickupMap.PluginPickupMap:PersistentLevel.PluginPickupMap'
[2020.11.21-18.29.42:114][675]LogTemp: Warning: Item Picked up.
[2020.11.21-18.29.45:342][ 62]LogEditorSessionSummary: EditorSessionSummary sent report. Type=Debugger, SessionId={482B9D6A-4F9C-DE6F-943F-79A755F052BE}
[2020.11.21-18.29.45:342][ 62]LogEditorSessionSummary: EditorSessionSummary sent report. Type=Debugger, SessionId={C42E63A9-46AC-60EF-6A06-D19C2946127A}
[2020.11.21-18.29.46:231][169]LogBlueprintUserMessages: Early EndPlayMap Detection: Level '/Game/CustomContent/PluginPickupMap.PluginPickupMap:PersistentLevel' has LevelScriptBlueprint '/Game/CustomContent/PluginPickupMap.PluginPickupMap:PersistentLevel.PluginPickupMap' with GeneratedClass '/Game/CustomContent/PluginPickupMap.PluginPickupMap_C' with ClassGeneratedBy '/Game/CustomContent/PluginPickupMap.PluginPickupMap:PersistentLevel.PluginPickupMap'
[2020.11.21-18.29.46:232][169]LogSlate: Updating window title bar state: overlay mode, drag disabled, window buttons hidden, title bar hidden
[2020.11.21-18.29.46:232][169]LogWorld: BeginTearingDown for /Game/CustomContent/UEDPIE_0_PluginPickupMap
[2020.11.21-18.29.46:233][169]LogWorld: UWorld::CleanupWorld for PluginPickupMap, bSessionEnded=true, bCleanupResources=true
[2020.11.21-18.29.46:245][169]LogPlayLevel: Display: Shutting down PIE online subsystems
[2020.11.21-18.29.46:245][169]LogBlueprintUserMessages: Late EndPlayMap Detection: Level '/Game/CustomContent/PluginPickupMap.PluginPickupMap:PersistentLevel' has LevelScriptBlueprint '/Game/CustomContent/PluginPickupMap.PluginPickupMap:PersistentLevel.PluginPickupMap' with GeneratedClass '/Game/CustomContent/PluginPickupMap.PluginPickupMap_C' with ClassGeneratedBy '/Game/CustomContent/PluginPickupMap.PluginPickupMap:PersistentLevel.PluginPickupMap'
[2020.11.21-18.29.46:275][169]LogSlate: Updating window title bar state: overlay mode, drag disabled, window buttons hidden, title bar hidden
[2020.11.21-18.29.46:277][169]LogUObjectHash: Compacting FUObjectHashTables data took   1.49ms
[2020.11.21-18.29.46:339][175]LogPlayLevel: Display: Destroying online subsystem :Context_3
[2020.11.21-18.29.46:847][236]LogEditorViewport: Clicking on Actor (LMB): Pickup (Pickup2)
[2020.11.21-18.29.47:975][367]Cmd: EDIT COPY
[2020.11.21-18.29.48:191][381]Cmd: EDIT PASTE
[2020.11.21-18.29.50:942][698]Cmd: EDIT COPY
[2020.11.21-18.29.51:141][721]Cmd: EDIT PASTE
[2020.11.21-18.29.52:874][925]Cmd: EDIT COPY
[2020.11.21-18.29.53:101][952]Cmd: EDIT PASTE
[2020.11.21-18.29.56:360][338]LogSlate: FSceneViewport::OnFocusLost() reason 0
[2020.11.21-18.29.56:426][346]LogTemp: Repeating last play command: Selected Viewport
[2020.11.21-18.29.56:432][346]LogBlueprintUserMessages: Early PlayInEditor Detection: Level '/Game/CustomContent/PluginPickupMap.PluginPickupMap:PersistentLevel' has LevelScriptBlueprint '/Game/CustomContent/PluginPickupMap.PluginPickupMap:PersistentLevel.PluginPickupMap' with GeneratedClass '/Game/CustomContent/PluginPickupMap.PluginPickupMap_C' with ClassGeneratedBy '/Game/CustomContent/PluginPickupMap.PluginPickupMap:PersistentLevel.PluginPickupMap'
[2020.11.21-18.29.56:433][346]LogPlayLevel: PlayLevel: No blueprints needed recompiling
[2020.11.21-18.29.56:433][346]PIE: New page: PIE session: PluginPickupMap (Nov 21, 2020, 8:29:56 AM)
[2020.11.21-18.29.56:433][346]LogPlayLevel: Creating play world package: /Game/CustomContent/UEDPIE_0_PluginPickupMap
[2020.11.21-18.29.56:436][346]LogPlayLevel: PIE: StaticDuplicateObject took: (0.002464s)
[2020.11.21-18.29.56:437][346]LogAIModule: Creating AISystem for world PluginPickupMap
[2020.11.21-18.29.56:437][346]LogPlayLevel: PIE: World Init took: (0.001210s)
[2020.11.21-18.29.56:437][346]LogPlayLevel: PIE: Created PIE world by copying editor world from /Game/CustomContent/PluginPickupMap.PluginPickupMap to /Game/CustomContent/UEDPIE_0_PluginPickupMap.PluginPickupMap (0.004153s)
[2020.11.21-18.29.56:463][346]LogUObjectHash: Compacting FUObjectHashTables data took   1.63ms
[2020.11.21-18.29.56:514][346]LogInit: XAudio2 using 'Headset Earphone (HyperX Virtual Surround Sound)' : 2 channels at 48 kHz using 16 bits per sample (channel mask 0x3)
[2020.11.21-18.29.56:525][346]LogInit: FAudioDevice initialized.
[2020.11.21-18.29.56:536][346]LogLoad: Game class is 'GameModeBase'
[2020.11.21-18.29.56:537][346]LogWorld: Bringing World /Game/CustomContent/UEDPIE_0_PluginPickupMap.PluginPickupMap up for play (max tick rate 0) at 2020.11.21-13.29.56
[2020.11.21-18.29.56:538][346]LogWorld: Bringing up level for play took: 0.001470
[2020.11.21-18.29.56:538][346]LogOnline: OSS: Creating online subsystem instance for: :Context_4
[2020.11.21-18.29.56:540][346]PIE: Play in editor start time for /Game/CustomContent/UEDPIE_0_PluginPickupMap 0.347
[2020.11.21-18.29.56:541][346]LogBlueprintUserMessages: Late PlayInEditor Detection: Level '/Game/CustomContent/PluginPickupMap.PluginPickupMap:PersistentLevel' has LevelScriptBlueprint '/Game/CustomContent/PluginPickupMap.PluginPickupMap:PersistentLevel.PluginPickupMap' with GeneratedClass '/Game/CustomContent/PluginPickupMap.PluginPickupMap_C' with ClassGeneratedBy '/Game/CustomContent/PluginPickupMap.PluginPickupMap:PersistentLevel.PluginPickupMap'
[2020.11.21-18.30.11:945][250]LogTemp: Warning: Item Picked up.
[2020.11.21-18.30.13:371][421]LogTemp: Warning: Item Picked up.
[2020.11.21-18.30.14:354][539]LogTemp: Warning: Item Picked up.
[2020.11.21-18.30.14:979][614]LogTemp: Warning: Item Picked up.
[2020.11.21-18.31.40:786][422]LogBlueprintUserMessages: Early EndPlayMap Detection: Level '/Game/CustomContent/PluginPickupMap.PluginPickupMap:PersistentLevel' has LevelScriptBlueprint '/Game/CustomContent/PluginPickupMap.PluginPickupMap:PersistentLevel.PluginPickupMap' with GeneratedClass '/Game/CustomContent/PluginPickupMap.PluginPickupMap_C' with ClassGeneratedBy '/Game/CustomContent/PluginPickupMap.PluginPickupMap:PersistentLevel.PluginPickupMap'
[2020.11.21-18.31.40:787][422]LogSlate: Updating window title bar state: overlay mode, drag disabled, window buttons hidden, title bar hidden
[2020.11.21-18.31.40:787][422]LogWorld: BeginTearingDown for /Game/CustomContent/UEDPIE_0_PluginPickupMap
[2020.11.21-18.31.40:787][422]LogWorld: UWorld::CleanupWorld for PluginPickupMap, bSessionEnded=true, bCleanupResources=true
[2020.11.21-18.31.40:797][422]LogPlayLevel: Display: Shutting down PIE online subsystems
[2020.11.21-18.31.40:797][422]LogBlueprintUserMessages: Late EndPlayMap Detection: Level '/Game/CustomContent/PluginPickupMap.PluginPickupMap:PersistentLevel' has LevelScriptBlueprint '/Game/CustomContent/PluginPickupMap.PluginPickupMap:PersistentLevel.PluginPickupMap' with GeneratedClass '/Game/CustomContent/PluginPickupMap.PluginPickupMap_C' with ClassGeneratedBy '/Game/CustomContent/PluginPickupMap.PluginPickupMap:PersistentLevel.PluginPickupMap'
[2020.11.21-18.31.40:827][422]LogSlate: Updating window title bar state: overlay mode, drag disabled, window buttons hidden, title bar hidden
[2020.11.21-18.31.40:829][422]LogUObjectHash: Compacting FUObjectHashTables data took   1.35ms
[2020.11.21-18.31.40:892][428]LogPlayLevel: Display: Destroying online subsystem :Context_4
[2020.11.21-18.31.44:799][896]LogEditorViewport: Clicking on Actor (LMB): Pickup (Pickup5)
[2020.11.21-18.31.45:516][974]Cmd: DELETE
[2020.11.21-18.31.45:517][974]Cmd: ACTOR DELETE
[2020.11.21-18.31.45:518][974]LogEditorActor: Deleted Actor: Pickup
[2020.11.21-18.31.45:541][974]LogUObjectHash: Compacting FUObjectHashTables data took   0.64ms
[2020.11.21-18.31.45:541][974]LogEditorActor: Deleted 1 Actors (0.025 secs)
[2020.11.21-18.31.45:942][ 22]LogEditorViewport: Clicking on Actor (LMB): Pickup (Pickup3)
[2020.11.21-18.31.46:052][ 32]Cmd: DELETE
[2020.11.21-18.31.46:052][ 32]Cmd: ACTOR DELETE
[2020.11.21-18.31.46:054][ 32]LogEditorActor: Deleted Actor: Pickup
[2020.11.21-18.31.46:078][ 32]LogUObjectHash: Compacting FUObjectHashTables data took   0.65ms
[2020.11.21-18.31.46:079][ 32]LogEditorActor: Deleted 1 Actors (0.026 secs)
[2020.11.21-18.31.46:496][ 82]LogEditorViewport: Clicking on Actor (LMB): Pickup (Pickup4)
[2020.11.21-18.31.46:628][ 95]Cmd: DELETE
[2020.11.21-18.31.46:629][ 95]Cmd: ACTOR DELETE
[2020.11.21-18.31.46:630][ 95]LogEditorActor: Deleted Actor: Pickup
[2020.11.21-18.31.46:655][ 95]LogUObjectHash: Compacting FUObjectHashTables data took   0.63ms
[2020.11.21-18.31.46:656][ 95]LogEditorActor: Deleted 1 Actors (0.027 secs)
[2020.11.21-18.31.47:215][162]LogEditorViewport: Clicking on Actor (LMB): Pickup (Pickup2)
[2020.11.21-18.31.47:598][205]Cmd: DELETE
[2020.11.21-18.31.47:599][205]Cmd: ACTOR DELETE
[2020.11.21-18.31.47:600][205]LogEditorActor: Deleted Actor: Pickup
[2020.11.21-18.31.47:623][205]LogUObjectHash: Compacting FUObjectHashTables data took   0.64ms
[2020.11.21-18.31.47:624][205]LogEditorActor: Deleted 1 Actors (0.025 secs)
[2020.11.21-18.31.48:499][309]LogSlate: FSceneViewport::OnFocusLost() reason 5
[2020.11.21-18.31.49:632][442]LogUObjectHash: Compacting FUObjectHashTables data took   0.67ms
[2020.11.21-18.31.49:638][442]LogSlate: FSceneViewport::OnFocusLost() reason 5
[2020.11.21-18.31.49:672][442]LogUObjectHash: Compacting FUObjectHashTables data took   0.66ms
[2020.11.21-18.31.49:771][442]LogSavePackage: Moving 'C:/Users/RuthlessLua/Documents/Unreal Projects/UnrealPluginDemo/Saved/PluginPickupMapDECD2FF14BF0D69B1F8234A96DF8D20E.tmp' to 'C:/Users/RuthlessLua/Documents/Unreal Projects/UnrealPluginDemo/Content/CustomContent/PluginPickupMap.umap'
[2020.11.21-18.31.49:783][442]LogFileHelpers: Saving map 'PluginPickupMap' took 0.138
[2020.11.21-18.31.52:282][741]LogSlate: FSceneViewport::OnFocusLost() reason 0
[2020.11.21-18.31.52:732][792]LogUObjectHash: Compacting FUObjectHashTables data took   1.83ms
[2020.11.21-18.31.52:758][792]LogSlate: Window 'UnrealPluginDemo - Unreal Editor' being destroyed
[2020.11.21-18.31.52:759][792]LogWindowsTextInputMethodSystem: Display: IME system now deactivated.
[2020.11.21-18.31.52:845][793]Cmd: QUIT_EDITOR
[2020.11.21-18.31.53:561][793]LogExit: Preparing to exit.
[2020.11.21-18.31.53:708][793]LogActorComponent: UnregisterComponent: (None.None) Not registered. Aborting.
[2020.11.21-18.31.53:708][793]LogActorComponent: UnregisterComponent: (None.None) Not registered. Aborting.
[2020.11.21-18.31.53:708][793]LogActorComponent: UnregisterComponent: (None.None) Not registered. Aborting.
[2020.11.21-18.31.53:708][793]LogActorComponent: UnregisterComponent: (None.None) Not registered. Aborting.
[2020.11.21-18.31.53:708][793]LogActorComponent: UnregisterComponent: (None.None) Not registered. Aborting.
[2020.11.21-18.31.53:708][793]LogActorComponent: UnregisterComponent: (None.None) Not registered. Aborting.
[2020.11.21-18.31.53:708][793]LogActorComponent: UnregisterComponent: (None.None) Not registered. Aborting.
[2020.11.21-18.31.53:708][793]LogWorld: UWorld::CleanupWorld for None, bSessionEnded=true, bCleanupResources=true
[2020.11.21-18.31.53:708][793]LogActorComponent: UnregisterComponent: (None.None) Not registered. Aborting.
[2020.11.21-18.31.53:709][793]LogActorComponent: UnregisterComponent: (None.None) Not registered. Aborting.
[2020.11.21-18.31.53:709][793]LogActorComponent: UnregisterComponent: (None.None) Not registered. Aborting.
[2020.11.21-18.31.53:709][793]LogActorComponent: UnregisterComponent: (None.None) Not registered. Aborting.
[2020.11.21-18.31.53:709][793]LogActorComponent: UnregisterComponent: (None.None) Not registered. Aborting.
[2020.11.21-18.31.53:709][793]LogActorComponent: UnregisterComponent: (None.None) Not registered. Aborting.
[2020.11.21-18.31.53:709][793]LogActorComponent: UnregisterComponent: (None.None) Not registered. Aborting.
[2020.11.21-18.31.53:709][793]LogWorld: UWorld::CleanupWorld for None, bSessionEnded=true, bCleanupResources=true
[2020.11.21-18.31.53:714][793]LogWorld: UWorld::CleanupWorld for None, bSessionEnded=true, bCleanupResources=true
[2020.11.21-18.31.53:714][793]LogExit: Editor shut down
[2020.11.21-18.31.53:714][793]LogExit: Transaction tracking system shut down
[2020.11.21-18.31.53:718][793]LogDemo: Cleaned up 0 splitscreen connections with owner deletion
[2020.11.21-18.31.53:969][793]LogExit: Object subsystem successfully closed.
[2020.11.21-18.31.54:005][793]LogShaderCompilers: Display: Shaders left to compile 0
[2020.11.21-18.31.54:013][793]LogModuleManager: Shutting down and abandoning module MovieSceneCapture (678)
[2020.11.21-18.31.54:013][793]LogModuleManager: Shutting down and abandoning module Voice (676)
[2020.11.21-18.31.54:014][793]LogModuleManager: Shutting down and abandoning module HierarchicalLODUtilities (674)
[2020.11.21-18.31.54:014][793]LogModuleManager: Shutting down and abandoning module HierarchicalLODOutliner (672)
[2020.11.21-18.31.54:014][793]LogModuleManager: Shutting down and abandoning module SceneOutliner (670)
[2020.11.21-18.31.54:014][793]LogModuleManager: Shutting down and abandoning module AddContentDialog (668)
[2020.11.21-18.31.54:014][793]LogModuleManager: Shutting down and abandoning module WidgetCarousel (667)
[2020.11.21-18.31.54:014][793]LogModuleManager: Shutting down and abandoning module EditorWidgets (664)
[2020.11.21-18.31.54:014][793]LogModuleManager: Shutting down and abandoning module CollectionManager (662)
[2020.11.21-18.31.54:014][793]LogModuleManager: Shutting down and abandoning module StatsViewer (660)
[2020.11.21-18.31.54:014][793]LogModuleManager: Shutting down and abandoning module VirtualTexturingEditor (658)
[2020.11.21-18.31.54:014][793]LogModuleManager: Shutting down and abandoning module FoliageEdit (656)
[2020.11.21-18.31.54:015][793]LogModuleManager: Shutting down and abandoning module LandscapeEditor (654)
[2020.11.21-18.31.54:015][793]LogModuleManager: Shutting down and abandoning module MeshPaintMode (652)
[2020.11.21-18.31.54:015][793]LogModuleManager: Shutting down and abandoning module SceneDepthPickerMode (650)
[2020.11.21-18.31.54:015][793]LogModuleManager: Shutting down and abandoning module ActorPickerMode (648)
[2020.11.21-18.31.54:015][793]LogModuleManager: Shutting down and abandoning module GeometryMode (646)
[2020.11.21-18.31.54:015][793]LogModuleManager: Shutting down and abandoning module TextureAlignMode (644)
[2020.11.21-18.31.54:015][793]LogModuleManager: Shutting down and abandoning module BspMode (642)
[2020.11.21-18.31.54:015][793]LogModuleManager: Shutting down and abandoning module PIEPreviewDeviceProfileSelector (640)
[2020.11.21-18.31.54:015][793]LogModuleManager: Shutting down and abandoning module SequenceRecorderSections (638)
[2020.11.21-18.31.54:015][793]LogModuleManager: Shutting down and abandoning module AutomationWorker (636)
[2020.11.21-18.31.54:015][793]LogModuleManager: Shutting down and abandoning module OculusMR (634)
[2020.11.21-18.31.54:015][793]LogModuleManager: Shutting down and abandoning module AudioCaptureEditor (632)
[2020.11.21-18.31.54:015][793]LogModuleManager: Shutting down and abandoning module MatineeToLevelSequence (630)
[2020.11.21-18.31.54:015][793]LogModuleManager: Shutting down and abandoning module LevelSequenceEditor (628)
[2020.11.21-18.31.54:015][793]LogModuleManager: Shutting down and abandoning module PlacementMode (627)
[2020.11.21-18.31.54:015][793]LogModuleManager: Shutting down and abandoning module MaterialEditor (626)
[2020.11.21-18.31.54:015][793]LogModuleManager: Shutting down and abandoning module ActorSequenceEditor (622)
[2020.11.21-18.31.54:016][793]LogModuleManager: Shutting down and abandoning module WmfMediaFactory (620)
[2020.11.21-18.31.54:016][793]LogModuleManager: Shutting down and abandoning module WmfMediaEditor (618)
[2020.11.21-18.31.54:016][793]LogModuleManager: Shutting down and abandoning module WebMMediaFactory (616)
[2020.11.21-18.31.54:016][793]LogModuleManager: Shutting down and abandoning module WebMMediaEditor (614)
[2020.11.21-18.31.54:016][793]LogModuleManager: Shutting down and abandoning module WebMMedia (612)
[2020.11.21-18.31.54:016][793]LogModuleManager: Shutting down and abandoning module MediaPlayerEditor (610)
[2020.11.21-18.31.54:016][793]LogModuleManager: Shutting down and abandoning module MediaCompositingEditor (608)
[2020.11.21-18.31.54:016][793]LogModuleManager: Shutting down and abandoning module SequenceRecorder (607)
[2020.11.21-18.31.54:016][793]LogModuleManager: Shutting down and abandoning module OpenExrWrapper (604)
[2020.11.21-18.31.54:016][793]LogModuleManager: Shutting down and abandoning module ImgMediaFactory (602)
[2020.11.21-18.31.54:016][793]LogModuleManager: Shutting down and abandoning module ImgMediaEditor (600)
[2020.11.21-18.31.54:016][793]LogModuleManager: Shutting down and abandoning module AvfMediaFactory (598)
[2020.11.21-18.31.54:016][793]LogModuleManager: Shutting down and abandoning module AvfMediaEditor (596)
[2020.11.21-18.31.54:016][793]LogModuleManager: Shutting down and abandoning module AndroidMediaFactory (594)
[2020.11.21-18.31.54:016][793]LogModuleManager: Shutting down and abandoning module AndroidMediaEditor (592)
[2020.11.21-18.31.54:016][793]LogModuleManager: Shutting down and abandoning module MagicLeapCameraPreviewFactory (590)
[2020.11.21-18.31.54:016][793]LogModuleManager: Shutting down and abandoning module MagicLeapMediaCodecFactory (588)
[2020.11.21-18.31.54:016][793]LogModuleManager: Shutting down and abandoning module MagicLeapMediaFactory (586)
[2020.11.21-18.31.54:016][793]LogModuleManager: Shutting down and abandoning module MagicLeapMediaEditor (584)
[2020.11.21-18.31.54:017][793]LogModuleManager: Shutting down and abandoning module CharacterAI (582)
[2020.11.21-18.31.54:017][793]LogModuleManager: Shutting down and abandoning module SmartSnapping (580)
[2020.11.21-18.31.54:017][793]LogModuleManager: Shutting down and abandoning module SessionServices (578)
[2020.11.21-18.31.54:017][793]LogModuleManager: Shutting down and abandoning module MeshPaint (576)
[2020.11.21-18.31.54:017][793]LogModuleManager: Shutting down and abandoning module ViewportSnapping (574)
[2020.11.21-18.31.54:017][793]LogModuleManager: Shutting down and abandoning module ViewportInteraction (572)
[2020.11.21-18.31.54:017][793]LogModuleManager: Shutting down and abandoning module ClothPainter (570)
[2020.11.21-18.31.54:017][793]LogModuleManager: Shutting down and abandoning module SkeletalMeshEditor (569)
[2020.11.21-18.31.54:017][793]LogModuleManager: Shutting down and abandoning module LogVisualizer (566)
[2020.11.21-18.31.54:017][793]LogModuleManager: Shutting down and abandoning module IntroTutorials (564)
[2020.11.21-18.31.54:017][793]LogModuleManager: Shutting down and abandoning module GameProjectGeneration (563)
[2020.11.21-18.31.54:017][793]LogModuleManager: Shutting down and abandoning module LuminPlatformEditor (560)
[2020.11.21-18.31.54:017][793]LogModuleManager: Shutting down and abandoning module IOSPlatformEditor (558)
[2020.11.21-18.31.54:017][793]LogModuleManager: Shutting down and abandoning module HTML5PlatformEditor (556)
[2020.11.21-18.31.54:017][793]LogModuleManager: Shutting down and abandoning module AndroidPlatformEditor (554)
[2020.11.21-18.31.54:017][793]LogModuleManager: Shutting down and abandoning module AndroidDeviceDetection (553)
[2020.11.21-18.31.54:673][793]LogModuleManager: Shutting down and abandoning module WindowsPlatformEditor (550)
[2020.11.21-18.31.54:673][793]LogModuleManager: Shutting down and abandoning module LuminRuntimeSettings (548)
[2020.11.21-18.31.54:673][793]LogModuleManager: Shutting down and abandoning module IOSRuntimeSettings (546)
[2020.11.21-18.31.54:673][793]LogModuleManager: Shutting down and abandoning module AndroidRuntimeSettings (544)
[2020.11.21-18.31.54:673][793]LogModuleManager: Shutting down and abandoning module TimeManagementEditor (542)
[2020.11.21-18.31.54:673][793]LogModuleManager: Shutting down and abandoning module InputBindingEditor (540)
[2020.11.21-18.31.54:673][793]LogModuleManager: Shutting down and abandoning module MergeActors (538)
[2020.11.21-18.31.54:673][793]LogModuleManager: Shutting down and abandoning module LocalizationDashboard (536)
[2020.11.21-18.31.54:673][793]LogModuleManager: Shutting down and abandoning module LocalizationService (535)
[2020.11.21-18.31.54:673][793]LogModuleManager: Shutting down and abandoning module HardwareTargeting (532)
[2020.11.21-18.31.54:673][793]LogModuleManager: Shutting down and abandoning module DeviceProfileEditor (530)
[2020.11.21-18.31.54:673][793]LogModuleManager: Shutting down and abandoning module UndoHistory (528)
[2020.11.21-18.31.54:674][793]LogModuleManager: Shutting down and abandoning module XmlParser (526)
[2020.11.21-18.31.54:674][793]LogModuleManager: Shutting down and abandoning module Blutility (524)
[2020.11.21-18.31.54:674][793]LogModuleManager: Shutting down and abandoning module ProjectSettingsViewer (522)
[2020.11.21-18.31.54:674][793]LogModuleManager: Shutting down and abandoning module ProjectTargetPlatformEditor (521)
[2020.11.21-18.31.54:674][793]LogModuleManager: Shutting down and abandoning module EditorSettingsViewer (518)
[2020.11.21-18.31.54:674][793]LogModuleManager: Shutting down and abandoning module SettingsEditor (516)
[2020.11.21-18.31.54:674][793]LogModuleManager: Shutting down and abandoning module ProjectLauncher (514)
[2020.11.21-18.31.54:674][793]LogModuleManager: Shutting down and abandoning module SessionFrontend (512)
[2020.11.21-18.31.54:674][793]LogModuleManager: Shutting down and abandoning module ProfilerClient (510)
[2020.11.21-18.31.54:674][793]LogModuleManager: Shutting down and abandoning module DeviceManager (508)
[2020.11.21-18.31.54:674][793]LogModuleManager: Shutting down and abandoning module TargetDeviceServices (507)
[2020.11.21-18.31.54:718][793]LogModuleManager: Shutting down and abandoning module AutomationController (504)
[2020.11.21-18.31.54:718][793]LogModuleManager: Shutting down and abandoning module AutomationWindow (502)
[2020.11.21-18.31.54:718][793]LogModuleManager: Shutting down and abandoning module Layers (500)
[2020.11.21-18.31.54:718][793]LogModuleManager: Shutting down and abandoning module ComponentVisualizers (498)
[2020.11.21-18.31.54:718][793]LogModuleManager: Shutting down and abandoning module DetailCustomizations (496)
[2020.11.21-18.31.54:718][793]LogModuleManager: Shutting down and abandoning module PackagesDialog (494)
[2020.11.21-18.31.54:718][793]LogModuleManager: Shutting down and abandoning module AnimationBlueprintEditor (492)
[2020.11.21-18.31.54:718][793]LogModuleManager: Shutting down and abandoning module Persona (490)
[2020.11.21-18.31.54:718][793]LogModuleManager: Shutting down and abandoning module AdvancedPreviewScene (489)
[2020.11.21-18.31.54:718][793]LogModuleManager: Shutting down and abandoning module AnimGraph (487)
[2020.11.21-18.31.54:718][793]LogModuleManager: Shutting down and abandoning module Kismet (484)
[2020.11.21-18.31.54:719][793]LogModuleManager: Shutting down and abandoning module KismetWidgets (483)
[2020.11.21-18.31.54:719][793]LogModuleManager: Shutting down and abandoning module GraphEditor (480)
[2020.11.21-18.31.54:719][793]LogModuleManager: Shutting down and abandoning module StructViewer (478)
[2020.11.21-18.31.54:719][793]LogModuleManager: Shutting down and abandoning module ClassViewer (476)
[2020.11.21-18.31.54:719][793]LogModuleManager: Shutting down and abandoning module Toolbox (474)
[2020.11.21-18.31.54:719][793]LogModuleManager: Shutting down and abandoning module DesktopPlatform (473)
[2020.11.21-18.31.54:719][793]LogModuleManager: Shutting down and abandoning module ModuleUI (470)
[2020.11.21-18.31.54:719][793]LogModuleManager: Shutting down and abandoning module MovieSceneTools (468)
[2020.11.21-18.31.54:719][793]LogModuleManager: Shutting down and abandoning module OutputLog (466)
[2020.11.21-18.31.54:719][793]LogModuleManager: Shutting down and abandoning module GammaUI (464)
[2020.11.21-18.31.54:719][793]LogModuleManager: Shutting down and abandoning module Documentation (462)
[2020.11.21-18.31.54:719][793]LogModuleManager: Shutting down and abandoning module LiveCoding (460)
[2020.11.21-18.31.54:720][793]LogModuleManager: Shutting down and abandoning module LevelSequence (458)
[2020.11.21-18.31.54:720][793]LogModuleManager: Shutting down and abandoning module MovieSceneTracks (456)
[2020.11.21-18.31.54:720][793]LogModuleManager: Shutting down and abandoning module MovieScene (454)
[2020.11.21-18.31.54:720][793]LogModuleManager: Shutting down and abandoning module StreamingPauseRendering (452)
[2020.11.21-18.31.54:720][793]LogModuleManager: Shutting down and abandoning module LauncherPlatform (450)
[2020.11.21-18.31.54:720][793]LogModuleManager: Shutting down and abandoning module AnalyticsET (448)
[2020.11.21-18.31.54:720][793]LogModuleManager: Shutting down and abandoning module PortalServices (446)
[2020.11.21-18.31.54:720][793]LogModuleManager: Shutting down and abandoning module PortalRpc (444)
[2020.11.21-18.31.54:720][793]LogModuleManager: Shutting down and abandoning module MessagingRpc (442)
[2020.11.21-18.31.54:720][793]LogModuleManager: Shutting down and abandoning module AIModule (440)
[2020.11.21-18.31.54:720][793]LogModuleManager: Shutting down and abandoning module GameplayDebugger (439)
[2020.11.21-18.31.54:720][793]LogModuleManager: Shutting down and abandoning module AITestSuite (437)
[2020.11.21-18.31.54:720][793]LogModuleManager: Shutting down and abandoning module NavigationSystem (435)
[2020.11.21-18.31.54:720][793]LogModuleManager: Shutting down and abandoning module ImageWriteQueue (432)
[2020.11.21-18.31.54:724][793]LogModuleManager: Shutting down and abandoning module ProfilerService (430)
[2020.11.21-18.31.54:875][793]LogModuleManager: Shutting down and abandoning module TaskGraph (428)
[2020.11.21-18.31.54:875][793]LogModuleManager: Shutting down and abandoning module PickupPlugin (426)
[2020.11.21-18.31.54:875][793]LogModuleManager: Shutting down and abandoning module ScreenshotTools (424)
[2020.11.21-18.31.54:875][793]LogModuleManager: Shutting down and abandoning module SteamVRController (422)
[2020.11.21-18.31.54:875][793]LogModuleManager: Shutting down and abandoning module ProceduralMeshComponentEditor (420)
[2020.11.21-18.31.54:875][793]LogModuleManager: Shutting down and abandoning module ProceduralMeshComponent (418)
[2020.11.21-18.31.54:875][793]LogModuleManager: Shutting down and abandoning module OculusEditor (416)
[2020.11.21-18.31.54:875][793]LogModuleManager: Shutting down and abandoning module OculusInput (414)
[2020.11.21-18.31.54:875][793]LogModuleManager: Shutting down and abandoning module MobilePatchingUtils (412)
[2020.11.21-18.31.54:875][793]LogModuleManager: Shutting down and abandoning module EditableMesh (410)
[2020.11.21-18.31.54:875][793]LogModuleManager: Shutting down and abandoning module CustomMeshComponent (408)
[2020.11.21-18.31.54:875][793]LogModuleManager: Shutting down and abandoning module CableComponent (406)
[2020.11.21-18.31.54:875][793]LogModuleManager: Shutting down and abandoning module AudioCapture (404)
[2020.11.21-18.31.54:875][793]LogModuleManager: Shutting down and abandoning module ArchVisCharacter (402)
[2020.11.21-18.31.54:876][793]LogModuleManager: Shutting down and abandoning module AppleImageUtilsBlueprintSupport (400)
[2020.11.21-18.31.54:876][793]LogModuleManager: Shutting down and abandoning module AppleImageUtils (398)
[2020.11.21-18.31.54:876][793]LogModuleManager: Shutting down and abandoning module AndroidPermission (396)
[2020.11.21-18.31.54:876][793]LogModuleManager: Shutting down and abandoning module NUTUnrealEngine4 (394)
[2020.11.21-18.31.54:876][793]LogModuleManager: Shutting down and abandoning module NetcodeUnitTest (392)
[2020.11.21-18.31.54:876][793]LogModuleManager: Shutting down and abandoning module MediaCompositing (390)
[2020.11.21-18.31.54:876][793]LogModuleManager: Shutting down and abandoning module ImgMedia (388)
[2020.11.21-18.31.54:876][793]LogModuleManager: Shutting down and abandoning module MagicLeapHelperVulkan (386)
[2020.11.21-18.31.54:876][793]LogModuleManager: Shutting down and abandoning module MagicLeapHelperOpenGL (384)
[2020.11.21-18.31.54:876][793]LogModuleManager: Shutting down and abandoning module MagicLeapAudio (382)
[2020.11.21-18.31.54:876][793]LogModuleManager: Shutting down and abandoning module HTML5Networking (380)
[2020.11.21-18.31.54:876][793]LogModuleManager: Shutting down and abandoning module GeometryCacheTracks (378)
[2020.11.21-18.31.54:876][793]LogModuleManager: Shutting down and abandoning module GeometryCacheSequencer (376)
[2020.11.21-18.31.54:876][793]LogModuleManager: Shutting down and abandoning module BackChannel (374)
[2020.11.21-18.31.54:876][793]LogModuleManager: Shutting down and abandoning module AutomationUtilsEditor (372)
[2020.11.21-18.31.54:876][793]LogModuleManager: Shutting down and abandoning module AutomationUtils (370)
[2020.11.21-18.31.54:876][793]LogModuleManager: Shutting down and abandoning module AlembicImporter (368)
[2020.11.21-18.31.54:876][793]LogModuleManager: Shutting down and abandoning module AlembicLibrary (367)
[2020.11.21-18.31.54:876][793]LogModuleManager: Shutting down and abandoning module GeometryCache (366)
[2020.11.21-18.31.54:876][793]LogModuleManager: Shutting down and abandoning module GeometryCacheEd (365)
[2020.11.21-18.31.54:876][793]LogModuleManager: Shutting down and abandoning module VariantManagerContent (360)
[2020.11.21-18.31.54:876][793]LogModuleManager: Shutting down and abandoning module DatasmithContentEditor (358)
[2020.11.21-18.31.54:876][793]LogModuleManager: Shutting down and abandoning module SpeedTreeImporter (356)
[2020.11.21-18.31.54:877][793]LogModuleManager: Shutting down and abandoning module PluginBrowser (354)
[2020.11.21-18.31.54:877][793]LogModuleManager: Shutting down and abandoning module MobileLauncherProfileWizard (352)
[2020.11.21-18.31.54:877][793]LogModuleManager: Shutting down and abandoning module MaterialAnalyzer (350)
[2020.11.21-18.31.54:877][793]LogModuleManager: Shutting down and abandoning module CurveEditorTools (348)
[2020.11.21-18.31.54:877][793]LogModuleManager: Shutting down and abandoning module CurveEditor (347)
[2020.11.21-18.31.54:877][793]LogModuleManager: Shutting down and abandoning module CryptoKeysOpenSSL (344)
[2020.11.21-18.31.54:877][793]LogModuleManager: Shutting down and abandoning module CryptoKeys (342)
[2020.11.21-18.31.54:877][793]LogModuleManager: Shutting down and abandoning module VisualStudioSourceCodeAccess (340)
[2020.11.21-18.31.54:877][793]LogModuleManager: Shutting down and abandoning module VisualStudioCodeSourceCodeAccess (338)
[2020.11.21-18.31.54:877][793]LogModuleManager: Shutting down and abandoning module UObjectPlugin (336)
[2020.11.21-18.31.54:877][793]LogModuleManager: Shutting down and abandoning module SubversionSourceControl (334)
[2020.11.21-18.31.54:877][793]LogModuleManager: Shutting down and abandoning module PerforceSourceControl (332)
[2020.11.21-18.31.54:877][793]LogModuleManager: Shutting down and abandoning module GitSourceControl (330)
[2020.11.21-18.31.54:877][793]LogModuleManager: Shutting down and abandoning module SourceControl (329)
[2020.11.21-18.31.54:877][793]LogModuleManager: Shutting down and abandoning module CLionSourceCodeAccess (326)
[2020.11.21-18.31.54:877][793]LogModuleManager: Shutting down and abandoning module AnimationSharingEd (324)
[2020.11.21-18.31.54:877][793]LogModuleManager: Shutting down and abandoning module ActorLayerUtilitiesEditor (322)
[2020.11.21-18.31.54:877][793]LogModuleManager: Shutting down and abandoning module ActorLayerUtilities (320)
[2020.11.21-18.31.54:877][793]LogModuleManager: Shutting down and abandoning module LightPropagationVolumeEditor (318)
[2020.11.21-18.31.54:877][793]LogModuleManager: Shutting down and abandoning module PaperTiledImporter (316)
[2020.11.21-18.31.54:877][793]LogModuleManager: Shutting down and abandoning module PaperSpriteSheetImporter (314)
[2020.11.21-18.31.54:877][793]LogModuleManager: Shutting down and abandoning module Paper2DEditor (312)
[2020.11.21-18.31.54:878][793]LogModuleManager: Shutting down and abandoning module UnrealPluginDemo (310)
[2020.11.21-18.31.54:878][793]LogModuleManager: Shutting down and abandoning module SignificanceManager (308)
[2020.11.21-18.31.54:878][793]LogModuleManager: Shutting down and abandoning module RuntimePhysXCooking (306)
[2020.11.21-18.31.54:878][793]LogModuleManager: Shutting down and abandoning module PhysXVehiclesEditor (304)
[2020.11.21-18.31.54:878][793]LogModuleManager: Shutting down and abandoning module LocationServicesBPLibrary (300)
[2020.11.21-18.31.54:878][793]LogModuleManager: Shutting down and abandoning module ActorSequence (298)
[2020.11.21-18.31.54:878][793]LogModuleManager: Shutting down and abandoning module UdpMessaging (296)
[2020.11.21-18.31.54:979][793]LogModuleManager: Shutting down and abandoning module TcpMessaging (294)
