Log file open, 11/21/20 13:22:58
LogWindows: Failed to load 'aqProf.dll' (GetLastError=126)
LogWindows: File 'aqProf.dll' does not exist
LogWindows: Failed to load 'VtuneApi.dll' (GetLastError=126)
LogWindows: File 'VtuneApi.dll' does not exist
LogWindows: Failed to load 'VtuneApi32e.dll' (GetLastError=126)
LogWindows: File 'VtuneApi32e.dll' does not exist
LogConsoleResponse: Display: Failed to find resolution value strings in scalability ini. Falling back to default.
LogInit: Display: Running engine for game: UnrealPluginDemo
LogPlatformFile: Not using cached read wrapper
LogTaskGraph: Started task graph with 5 named threads and 35 total threads with 3 sets of task threads.
LogStats: Stats thread started at 0.140114
LogD3D11RHI: Loaded GFSDK_Aftermath_Lib.x64.dll
LogICUInternationalization: ICU TimeZone Detection - Raw Offset: -5:00, Platform Override: ''
LogPluginManager: Mounting plugin Paper2D
LogPluginManager: Mounting plugin AISupport
LogPluginManager: Mounting plugin LightPropagationVolume
LogPluginManager: Mounting plugin ActorLayerUtilities
LogPluginManager: Mounting plugin AnimationSharing
LogPluginManager: Mounting plugin CLionSourceCodeAccess
LogPluginManager: Mounting plugin CodeLiteSourceCodeAccess
LogPluginManager: Mounting plugin GitSourceControl
LogPluginManager: Mounting plugin KDevelopSourceCodeAccess
LogPluginManager: Mounting plugin NullSourceCodeAccess
LogPluginManager: Mounting plugin PerforceSourceControl
LogPluginManager: Mounting plugin SubversionSourceControl
LogPluginManager: Mounting plugin UObjectPlugin
LogPluginManager: Mounting plugin VisualStudioCodeSourceCodeAccess
LogPluginManager: Mounting plugin VisualStudioSourceCodeAccess
LogPluginManager: Mounting plugin XCodeSourceCodeAccess
LogPluginManager: Mounting plugin AssetManagerEditor
LogPluginManager: Mounting plugin CryptoKeys
LogPluginManager: Mounting plugin CurveEditorTools
LogPluginManager: Mounting plugin DataValidation
LogPluginManager: Mounting plugin FacialAnimation
LogPluginManager: Mounting plugin GameplayTagsEditor
LogPluginManager: Mounting plugin MacGraphicsSwitching
LogPluginManager: Mounting plugin MaterialAnalyzer
LogPluginManager: Mounting plugin MobileLauncherProfileWizard
LogPluginManager: Mounting plugin PluginBrowser
LogPluginManager: Mounting plugin SpeedTreeImporter
LogPluginManager: Mounting plugin DatasmithContent
LogPluginManager: Mounting plugin VariantManagerContent
LogPluginManager: Mounting plugin AlembicImporter
LogPluginManager: Mounting plugin AutomationUtils
LogPluginManager: Mounting plugin BackChannel
LogPluginManager: Mounting plugin CharacterAI
LogPluginManager: Mounting plugin GeometryCache
LogPluginManager: Mounting plugin HTML5Networking
LogPluginManager: Mounting plugin PlatformCrypto
LogPluginManager: Mounting plugin ProxyLODPlugin
LogPluginManager: Mounting plugin SkeletalReduction
LogPluginManager: Mounting plugin MagicLeap
LogPluginManager: Mounting plugin MagicLeapMedia
LogPluginManager: Mounting plugin AndroidMedia
LogPluginManager: Mounting plugin AvfMedia
LogPluginManager: Mounting plugin ImgMedia
LogPluginManager: Mounting plugin MediaCompositing
LogPluginManager: Mounting plugin MediaPlayerEditor
LogPluginManager: Mounting plugin WebMMedia
LogPluginManager: Mounting plugin WmfMedia
LogPluginManager: Mounting plugin TcpMessaging
LogPluginManager: Mounting plugin UdpMessaging
LogPluginManager: Mounting plugin ActorSequence
LogPluginManager: Mounting plugin LevelSequenceEditor
LogPluginManager: Mounting plugin MatineeToLevelSequence
LogPluginManager: Mounting plugin NetcodeUnitTest
LogPluginManager: Mounting plugin NUTUnrealEngine4
LogPluginManager: Mounting plugin OnlineSubsystemGooglePlay
LogPluginManager: Mounting plugin OnlineSubsystemIOS
LogPluginManager: Mounting plugin OnlineSubsystem
LogPluginManager: Mounting plugin OnlineSubsystemNull
LogPluginManager: Mounting plugin OnlineSubsystemUtils
LogPluginManager: Mounting plugin LauncherChunkInstaller
LogPluginManager: Mounting plugin AndroidDeviceProfileSelector
LogPluginManager: Mounting plugin AndroidMoviePlayer
LogPluginManager: Mounting plugin AndroidPermission
LogPluginManager: Mounting plugin AppleImageUtils
LogPluginManager: Mounting plugin AppleMoviePlayer
LogPluginManager: Mounting plugin ArchVisCharacter
LogPluginManager: Mounting plugin AudioCapture
LogPluginManager: Mounting plugin CableComponent
LogPluginManager: Mounting plugin CustomMeshComponent
LogPluginManager: Mounting plugin EditableMesh
LogPluginManager: Mounting plugin ExampleDeviceProfileSelector
LogPluginManager: Mounting plugin GoogleCloudMessaging
LogPluginManager: Mounting plugin IOSDeviceProfileSelector
LogPluginManager: Mounting plugin LinuxDeviceProfileSelector
LogPluginManager: Mounting plugin LocationServicesBPLibrary
LogPluginManager: Mounting plugin MobilePatchingUtils
LogPluginManager: Mounting plugin OculusVR
LogPluginManager: Mounting plugin PhysXVehicles
LogPluginManager: Mounting plugin ProceduralMeshComponent
LogPluginManager: Mounting plugin RuntimePhysXCooking
LogPluginManager: Mounting plugin SignificanceManager
LogPluginManager: Mounting plugin SteamVR
LogPluginManager: Mounting plugin WebMMoviePlayer
LogPluginManager: Mounting plugin WindowsMoviePlayer
LogPluginManager: Mounting plugin ScreenshotTools
LogPluginManager: Mounting plugin PickupPlugin
LogInit: Using libcurl 7.55.1-DEV
LogInit:  - built for x86_64-pc-win32
LogInit:  - supports SSL with OpenSSL/1.1.1
LogInit:  - supports HTTP deflate (compression) using libz 1.2.8
LogInit:  - other features:
LogInit:      CURL_VERSION_SSL
LogInit:      CURL_VERSION_LIBZ
LogInit:      CURL_VERSION_IPV6
LogInit:      CURL_VERSION_ASYNCHDNS
LogInit:      CURL_VERSION_LARGEFILE
LogInit:      CURL_VERSION_IDN
LogInit:  CurlRequestOptions (configurable via config and command line):
LogInit:  - bVerifyPeer = true  - Libcurl will verify peer certificate
LogInit:  - bUseHttpProxy = false  - Libcurl will NOT use HTTP proxy
LogInit:  - bDontReuseConnections = false  - Libcurl will reuse connections
LogInit:  - MaxHostConnections = 16  - Libcurl will limit the number of connections to a host
LogInit:  - LocalHostAddr = Default
LogInit:  - BufferSize = 65536
LogOnline: OSS: Creating online subsystem instance for: NULL
LogInit: WinSock: version 1.1 (2.2), MaxSocks=32767, MaxUdp=65467
LogInit: Build: ++UE4+Release-4.23-CL-9631420
LogInit: Engine Version: 4.23.1-9631420+++UE4+Release-4.23
LogInit: Compatible Engine Version: 4.23.0-8386587+++UE4+Release-4.23
LogInit: Net CL: 8386587
LogInit: OS: Windows 10 (Release 1909) (), CPU: AMD Ryzen 5 3600 6-Core Processor              , GPU: NVIDIA GeForce RTX 2080
LogInit: Compiled (64-bit): Oct 18 2019 02:07:44
LogInit: Compiled with Visual C++: 19.16.27030.01
LogInit: Build Configuration: Development
LogInit: Branch Name: ++UE4+Release-4.23
LogInit: Command Line:  -skipcompile
LogInit: Base Directory: E:/Epic Games/Games/UE_4.23/Engine/Binaries/Win64/
LogInit: Installed Engine Build: 1
LogDevObjectVersion: Number of dev versions registered: 23
LogDevObjectVersion:   Dev-Blueprints (B0D832E4-1F89-4F0D-ACCF-7EB736FD4AA2): 10
LogDevObjectVersion:   Dev-Build (E1C64328-A22C-4D53-A36C-8E866417BD8C): 0
LogDevObjectVersion:   Dev-Core (375EC13C-06E4-48FB-B500-84F0262A717E): 3
LogDevObjectVersion:   Dev-Editor (E4B068ED-F494-42E9-A231-DA0B2E46BB41): 34
LogDevObjectVersion:   Dev-Framework (CFFC743F-43B0-4480-9391-14DF171D2073): 35
LogDevObjectVersion:   Dev-Mobile (B02B49B5-BB20-44E9-A304-32B752E40360): 2
LogDevObjectVersion:   Dev-Networking (A4E4105C-59A1-49B5-A7C5-40C4547EDFEE): 0
LogDevObjectVersion:   Dev-Online (39C831C9-5AE6-47DC-9A44-9C173E1C8E7C): 0
LogDevObjectVersion:   Dev-Physics (78F01B33-EBEA-4F98-B9B4-84EACCB95AA2): 0
LogDevObjectVersion:   Dev-Platform (6631380F-2D4D-43E0-8009-CF276956A95A): 0
LogDevObjectVersion:   Dev-Rendering (12F88B9F-8875-4AFC-A67C-D90C383ABD29): 31
LogDevObjectVersion:   Dev-Sequencer (7B5AE74C-D270-4C10-A958-57980B212A5A): 11
LogDevObjectVersion:   Dev-VR (D7296918-1DD6-4BDD-9DE2-64A83CC13884): 2
LogDevObjectVersion:   Dev-LoadTimes (C2A15278-BFE7-4AFE-6C17-90FF531DF755): 1
LogDevObjectVersion:   Private-Geometry (6EACA3D4-40EC-4CC1-B786-8BED09428FC5): 3
LogDevObjectVersion:   Dev-AnimPhys (29E575DD-E0A3-4627-9D10-D276232CDCEA): 17
LogDevObjectVersion:   Dev-Anim (AF43A65D-7FD3-4947-9873-3E8ED9C1BB05): 2
LogDevObjectVersion:   Dev-ReflectionCapture (6B266CEC-1EC7-4B8F-A30B-E4D90942FC07): 1
LogDevObjectVersion:   Dev-Automation (0DF73D61-A23F-47EA-B727-89E90C41499A): 1
LogDevObjectVersion:   FortniteMain (601D1886-AC64-4F84-AA16-D3DE0DEAC7D6): 27
LogDevObjectVersion:   Dev-Enterprise (9DFFBCD6-494F-0158-E221-12823C92A888): 6
LogDevObjectVersion:   Dev-Niagara (F2AED0AC-9AFE-416F-8664-AA7FFA26D6FC): 1
LogDevObjectVersion:   Dev-Destruction (174F1F0B-B4C6-45A5-B13F-2EE8D0FB917D): 9
LogInit: Presizing for max 16777216 objects, including 0 objects not considered by GC, pre-allocating 0 bytes for permanent pool.
LogInit: Object subsystem initialized
LogConfig: Setting CVar [[con.DebugEarlyDefault:1]]
LogConfig: Setting CVar [[r.setres:1280x720]]
[2020.11.21-18.22.58:273][  0]LogConfig: Setting CVar [[r.VSync:0]]
[2020.11.21-18.22.58:273][  0]LogConfig: Setting CVar [[r.RHICmdBypass:0]]
[2020.11.21-18.22.58:273][  0]LogConfig: Applying CVar settings from Section [/Script/Engine.RendererSettings] File [C:/Users/RuthlessLua/Documents/Unreal Projects/UnrealPluginDemo/Saved/Config/Windows/Engine.ini]
[2020.11.21-18.22.58:273][  0]LogConfig: Setting CVar [[r.GPUCrashDebugging:0]]
[2020.11.21-18.22.58:273][  0]LogConfig: Setting CVar [[r.DefaultFeature.AutoExposure.ExtendDefaultLuminanceRange:1]]
[2020.11.21-18.22.58:273][  0]LogConfig: Applying CVar settings from Section [/Script/Engine.RendererOverrideSettings] File [C:/Users/RuthlessLua/Documents/Unreal Projects/UnrealPluginDemo/Saved/Config/Windows/Engine.ini]
[2020.11.21-18.22.58:273][  0]LogConfig: Applying CVar settings from Section [/Script/Engine.StreamingSettings] File [C:/Users/RuthlessLua/Documents/Unreal Projects/UnrealPluginDemo/Saved/Config/Windows/Engine.ini]
[2020.11.21-18.22.58:273][  0]LogConfig: Setting CVar [[s.MinBulkDataSizeForAsyncLoading:131072]]
[2020.11.21-18.22.58:273][  0]LogConfig: Setting CVar [[s.AsyncLoadingThreadEnabled:0]]
[2020.11.21-18.22.58:273][  0]LogConfig: Setting CVar [[s.EventDrivenLoaderEnabled:1]]
[2020.11.21-18.22.58:273][  0]LogConfig: Setting CVar [[s.WarnIfTimeLimitExceeded:0]]
[2020.11.21-18.22.58:273][  0]LogConfig: Setting CVar [[s.TimeLimitExceededMultiplier:1.5]]
[2020.11.21-18.22.58:273][  0]LogConfig: Setting CVar [[s.TimeLimitExceededMinTime:0.005]]
[2020.11.21-18.22.58:273][  0]LogConfig: Setting CVar [[s.UseBackgroundLevelStreaming:1]]
[2020.11.21-18.22.58:273][  0]LogConfig: Setting CVar [[s.PriorityAsyncLoadingExtraTime:15.0]]
[2020.11.21-18.22.58:273][  0]LogConfig: Setting CVar [[s.LevelStreamingActorsUpdateTimeLimit:5.0]]
[2020.11.21-18.22.58:273][  0]LogConfig: Setting CVar [[s.PriorityLevelStreamingActorsUpdateExtraTime:5.0]]
[2020.11.21-18.22.58:273][  0]LogConfig: Setting CVar [[s.LevelStreamingComponentsRegistrationGranularity:10]]
[2020.11.21-18.22.58:273][  0]LogConfig: Setting CVar [[s.UnregisterComponentsTimeLimit:1.0]]
[2020.11.21-18.22.58:273][  0]LogConfig: Setting CVar [[s.LevelStreamingComponentsUnregistrationGranularity:5]]
[2020.11.21-18.22.58:273][  0]LogConfig: Applying CVar settings from Section [/Script/Engine.GarbageCollectionSettings] File [C:/Users/RuthlessLua/Documents/Unreal Projects/UnrealPluginDemo/Saved/Config/Windows/Engine.ini]
[2020.11.21-18.22.58:273][  0]LogConfig: Setting CVar [[gc.MaxObjectsNotConsideredByGC:1]]
[2020.11.21-18.22.58:273][  0]LogConfig: Setting CVar [[gc.SizeOfPermanentObjectPool:0]]
[2020.11.21-18.22.58:273][  0]LogConfig: Setting CVar [[gc.FlushStreamingOnGC:0]]
[2020.11.21-18.22.58:274][  0]LogConfig: Setting CVar [[gc.NumRetriesBeforeForcingGC:10]]
[2020.11.21-18.22.58:274][  0]LogConfig: Setting CVar [[gc.AllowParallelGC:1]]
[2020.11.21-18.22.58:274][  0]LogConfig: Setting CVar [[gc.TimeBetweenPurgingPendingKillObjects:61.1]]
[2020.11.21-18.22.58:274][  0]LogConfig: Setting CVar [[gc.MaxObjectsInEditor:16777216]]
[2020.11.21-18.22.58:274][  0]LogConfig: Setting CVar [[gc.IncrementalBeginDestroyEnabled:1]]
[2020.11.21-18.22.58:274][  0]LogConfig: Setting CVar [[gc.CreateGCClusters:1]]
[2020.11.21-18.22.58:274][  0]LogConfig: Setting CVar [[gc.MinGCClusterSize:5]]
[2020.11.21-18.22.58:274][  0]LogConfig: Setting CVar [[gc.ActorClusteringEnabled:0]]
[2020.11.21-18.22.58:274][  0]LogConfig: Setting CVar [[gc.BlueprintClusteringEnabled:0]]
[2020.11.21-18.22.58:274][  0]LogConfig: Setting CVar [[gc.UseDisregardForGCOnDedicatedServers:0]]
[2020.11.21-18.22.58:274][  0]LogConfig: Applying CVar settings from Section [/Script/Engine.NetworkSettings] File [C:/Users/RuthlessLua/Documents/Unreal Projects/UnrealPluginDemo/Saved/Config/Windows/Engine.ini]
[2020.11.21-18.22.58:274][  0]LogConfig: Applying CVar settings from Section [/Script/UnrealEd.CookerSettings] File [C:/Users/RuthlessLua/Documents/Unreal Projects/UnrealPluginDemo/Saved/Config/Windows/Engine.ini]
[2020.11.21-18.22.58:280][  0]LogConfig: Applying CVar settings from Section [ViewDistanceQuality@3] File [C:/Users/RuthlessLua/Documents/Unreal Projects/UnrealPluginDemo/Saved/Config/Windows/Scalability.ini]
[2020.11.21-18.22.58:280][  0]LogConfig: Setting CVar [[r.SkeletalMeshLODBias:0]]
[2020.11.21-18.22.58:280][  0]LogConfig: Setting CVar [[r.ViewDistanceScale:1.0]]
[2020.11.21-18.22.58:280][  0]LogConfig: Applying CVar settings from Section [AntiAliasingQuality@3] File [C:/Users/RuthlessLua/Documents/Unreal Projects/UnrealPluginDemo/Saved/Config/Windows/Scalability.ini]
[2020.11.21-18.22.58:280][  0]LogConfig: Setting CVar [[r.PostProcessAAQuality:4]]
[2020.11.21-18.22.58:280][  0]LogConfig: Applying CVar settings from Section [ShadowQuality@3] File [C:/Users/RuthlessLua/Documents/Unreal Projects/UnrealPluginDemo/Saved/Config/Windows/Scalability.ini]
[2020.11.21-18.22.58:280][  0]LogConfig: Setting CVar [[r.LightFunctionQuality:1]]
[2020.11.21-18.22.58:280][  0]LogConfig: Setting CVar [[r.ShadowQuality:5]]
[2020.11.21-18.22.58:280][  0]LogConfig: Setting CVar [[r.Shadow.CSM.MaxCascades:10]]
[2020.11.21-18.22.58:280][  0]LogConfig: Setting CVar [[r.Shadow.MaxResolution:2048]]
[2020.11.21-18.22.58:280][  0]LogConfig: Setting CVar [[r.Shadow.MaxCSMResolution:2048]]
[2020.11.21-18.22.58:280][  0]LogConfig: Setting CVar [[r.Shadow.RadiusThreshold:0.01]]
[2020.11.21-18.22.58:280][  0]LogConfig: Setting CVar [[r.Shadow.DistanceScale:1.0]]
[2020.11.21-18.22.58:280][  0]LogConfig: Setting CVar [[r.Shadow.CSM.TransitionScale:1.0]]
[2020.11.21-18.22.58:280][  0]LogConfig: Setting CVar [[r.Shadow.PreShadowResolutionFactor:1.0]]
[2020.11.21-18.22.58:280][  0]LogConfig: Setting CVar [[r.DistanceFieldShadowing:1]]
[2020.11.21-18.22.58:280][  0]LogConfig: Setting CVar [[r.DistanceFieldAO:1]]
[2020.11.21-18.22.58:280][  0]LogConfig: Setting CVar [[r.AOQuality:2]]
[2020.11.21-18.22.58:280][  0]LogConfig: Setting CVar [[r.VolumetricFog:1]]
[2020.11.21-18.22.58:280][  0]LogConfig: Setting CVar [[r.VolumetricFog.GridPixelSize:8]]
[2020.11.21-18.22.58:281][  0]LogConfig: Setting CVar [[r.VolumetricFog.GridSizeZ:128]]
[2020.11.21-18.22.58:281][  0]LogConfig: Setting CVar [[r.VolumetricFog.HistoryMissSupersampleCount:4]]
[2020.11.21-18.22.58:281][  0]LogConfig: Setting CVar [[r.LightMaxDrawDistanceScale:1]]
[2020.11.21-18.22.58:281][  0]LogConfig: Setting CVar [[r.CapsuleShadows:1]]
[2020.11.21-18.22.58:281][  0]LogConfig: Applying CVar settings from Section [PostProcessQuality@3] File [C:/Users/RuthlessLua/Documents/Unreal Projects/UnrealPluginDemo/Saved/Config/Windows/Scalability.ini]
[2020.11.21-18.22.58:281][  0]LogConfig: Setting CVar [[r.MotionBlurQuality:4]]
[2020.11.21-18.22.58:281][  0]LogConfig: Setting CVar [[r.AmbientOcclusionMipLevelFactor:0.4]]
[2020.11.21-18.22.58:281][  0]LogConfig: Setting CVar [[r.AmbientOcclusionMaxQuality:100]]
[2020.11.21-18.22.58:281][  0]LogConfig: Setting CVar [[r.AmbientOcclusionLevels:-1]]
[2020.11.21-18.22.58:281][  0]LogConfig: Setting CVar [[r.AmbientOcclusionRadiusScale:1.0]]
[2020.11.21-18.22.58:281][  0]LogConfig: Setting CVar [[r.DepthOfFieldQuality:2]]
[2020.11.21-18.22.58:281][  0]LogConfig: Setting CVar [[r.RenderTargetPoolMin:400]]
[2020.11.21-18.22.58:281][  0]LogConfig: Setting CVar [[r.LensFlareQuality:2]]
[2020.11.21-18.22.58:281][  0]LogConfig: Setting CVar [[r.SceneColorFringeQuality:1]]
[2020.11.21-18.22.58:281][  0]LogConfig: Setting CVar [[r.EyeAdaptationQuality:2]]
[2020.11.21-18.22.58:281][  0]LogConfig: Setting CVar [[r.BloomQuality:5]]
[2020.11.21-18.22.58:281][  0]LogConfig: Setting CVar [[r.FastBlurThreshold:100]]
[2020.11.21-18.22.58:281][  0]LogConfig: Setting CVar [[r.Upscale.Quality:3]]
[2020.11.21-18.22.58:281][  0]LogConfig: Setting CVar [[r.Tonemapper.GrainQuantization:1]]
[2020.11.21-18.22.58:281][  0]LogConfig: Setting CVar [[r.LightShaftQuality:1]]
[2020.11.21-18.22.58:281][  0]LogConfig: Setting CVar [[r.Filter.SizeScale:1]]
[2020.11.21-18.22.58:281][  0]LogConfig: Setting CVar [[r.Tonemapper.Quality:5]]
[2020.11.21-18.22.58:281][  0]LogConfig: Setting CVar [[r.DOF.Gather.AccumulatorQuality:1        ; higher gathering accumulator quality]]
[2020.11.21-18.22.58:281][  0]LogConfig: Setting CVar [[r.DOF.Gather.PostfilterMethod:1          ; Median3x3 postfilering method]]
[2020.11.21-18.22.58:281][  0]LogConfig: Setting CVar [[r.DOF.Gather.EnableBokehSettings:0       ; no bokeh simulation when gathering]]
[2020.11.21-18.22.58:281][  0]LogConfig: Setting CVar [[r.DOF.Gather.RingCount:4                 ; medium number of samples when gathering]]
[2020.11.21-18.22.58:281][  0]LogConfig: Setting CVar [[r.DOF.Scatter.ForegroundCompositing:1    ; additive foreground scattering]]
[2020.11.21-18.22.58:282][  0]LogConfig: Setting CVar [[r.DOF.Scatter.BackgroundCompositing:2    ; additive background scattering]]
[2020.11.21-18.22.58:282][  0]LogConfig: Setting CVar [[r.DOF.Scatter.EnableBokehSettings:1      ; bokeh simulation when scattering]]
[2020.11.21-18.22.58:282][  0]LogConfig: Setting CVar [[r.DOF.Scatter.MaxSpriteRatio:0.1         ; only a maximum of 10% of scattered bokeh]]
[2020.11.21-18.22.58:282][  0]LogConfig: Setting CVar [[r.DOF.Recombine.Quality:1                ; cheap slight out of focus]]
[2020.11.21-18.22.58:282][  0]LogConfig: Setting CVar [[r.DOF.Recombine.EnableBokehSettings:0    ; no bokeh simulation on slight out of focus]]
[2020.11.21-18.22.58:282][  0]LogConfig: Setting CVar [[r.DOF.TemporalAAQuality:1                ; more stable temporal accumulation]]
[2020.11.21-18.22.58:282][  0]LogConfig: Setting CVar [[r.DOF.Kernel.MaxForegroundRadius:0.025]]
[2020.11.21-18.22.58:282][  0]LogConfig: Setting CVar [[r.DOF.Kernel.MaxBackgroundRadius:0.025]]
[2020.11.21-18.22.58:282][  0]LogConfig: Applying CVar settings from Section [TextureQuality@3] File [C:/Users/RuthlessLua/Documents/Unreal Projects/UnrealPluginDemo/Saved/Config/Windows/Scalability.ini]
[2020.11.21-18.22.58:282][  0]LogConfig: Setting CVar [[r.Streaming.MipBias:0]]
[2020.11.21-18.22.58:282][  0]LogConfig: Setting CVar [[r.Streaming.AmortizeCPUToGPUCopy:0]]
[2020.11.21-18.22.58:282][  0]LogConfig: Setting CVar [[r.Streaming.MaxNumTexturesToStreamPerFrame:0]]
[2020.11.21-18.22.58:282][  0]LogConfig: Setting CVar [[r.Streaming.Boost:1]]
[2020.11.21-18.22.58:282][  0]LogConfig: Setting CVar [[r.MaxAnisotropy:8]]
[2020.11.21-18.22.58:282][  0]LogConfig: Setting CVar [[r.Streaming.LimitPoolSizeToVRAM:0]]
[2020.11.21-18.22.58:282][  0]LogConfig: Setting CVar [[r.Streaming.PoolSize:1000]]
[2020.11.21-18.22.58:282][  0]LogConfig: Setting CVar [[r.Streaming.MaxEffectiveScreenSize:0]]
[2020.11.21-18.22.58:282][  0]LogConfig: Applying CVar settings from Section [EffectsQuality@3] File [C:/Users/RuthlessLua/Documents/Unreal Projects/UnrealPluginDemo/Saved/Config/Windows/Scalability.ini]
[2020.11.21-18.22.58:282][  0]LogConfig: Setting CVar [[r.TranslucencyLightingVolumeDim:64]]
[2020.11.21-18.22.58:282][  0]LogConfig: Setting CVar [[r.RefractionQuality:2]]
[2020.11.21-18.22.58:282][  0]LogConfig: Setting CVar [[r.SSR.Quality:3]]
[2020.11.21-18.22.58:282][  0]LogConfig: Setting CVar [[r.SceneColorFormat:4]]
[2020.11.21-18.22.58:282][  0]LogConfig: Setting CVar [[r.DetailMode:2]]
[2020.11.21-18.22.58:282][  0]LogConfig: Setting CVar [[r.TranslucencyVolumeBlur:1]]
[2020.11.21-18.22.58:282][  0]LogConfig: Setting CVar [[r.MaterialQualityLevel:1 ; High quality]]
[2020.11.21-18.22.58:282][  0]LogConfig: Setting CVar [[r.SSS.Scale:1]]
[2020.11.21-18.22.58:282][  0]LogConfig: Setting CVar [[r.SSS.SampleSet:2]]
[2020.11.21-18.22.58:283][  0]LogConfig: Setting CVar [[r.SSS.Quality:1]]
[2020.11.21-18.22.58:283][  0]LogConfig: Setting CVar [[r.SSS.HalfRes:1]]
[2020.11.21-18.22.58:283][  0]LogConfig: Setting CVar [[r.EmitterSpawnRateScale:1.0]]
[2020.11.21-18.22.58:283][  0]LogConfig: Setting CVar [[r.ParticleLightQuality:2]]
[2020.11.21-18.22.58:283][  0]LogConfig: Applying CVar settings from Section [FoliageQuality@3] File [C:/Users/RuthlessLua/Documents/Unreal Projects/UnrealPluginDemo/Saved/Config/Windows/Scalability.ini]
[2020.11.21-18.22.58:283][  0]LogConfig: Setting CVar [[foliage.DensityScale:1.0]]
[2020.11.21-18.22.58:283][  0]LogConfig: Setting CVar [[grass.DensityScale:1.0]]
[2020.11.21-18.22.58:283][  0]LogInit: Selected Device Profile: [Windows]
[2020.11.21-18.22.58:283][  0]LogInit: Applying CVar settings loaded from the selected device profile: [Windows]
[2020.11.21-18.22.58:285][  0]LogHAL: Display: Platform has ~ 16 GB [17126739968 / 17179869184 / 16], which maps to Larger [LargestMinGB=32, LargerMinGB=12, DefaultMinGB=8, SmallerMinGB=6, SmallestMinGB=0)
[2020.11.21-18.22.58:285][  0]LogInit: Going up to parent DeviceProfile []
[2020.11.21-18.22.58:285][  0]LogConfig: Applying CVar settings from Section [ViewDistanceQuality@3] File [C:/Users/RuthlessLua/Documents/Unreal Projects/UnrealPluginDemo/Saved/Config/Windows/Scalability.ini]
[2020.11.21-18.22.58:285][  0]LogConfig: Setting CVar [[r.SkeletalMeshLODBias:0]]
[2020.11.21-18.22.58:285][  0]LogConfig: Setting CVar [[r.ViewDistanceScale:1.0]]
[2020.11.21-18.22.58:286][  0]LogConfig: Applying CVar settings from Section [AntiAliasingQuality@3] File [C:/Users/RuthlessLua/Documents/Unreal Projects/UnrealPluginDemo/Saved/Config/Windows/Scalability.ini]
[2020.11.21-18.22.58:286][  0]LogConfig: Setting CVar [[r.PostProcessAAQuality:4]]
[2020.11.21-18.22.58:286][  0]LogConfig: Applying CVar settings from Section [ShadowQuality@3] File [C:/Users/RuthlessLua/Documents/Unreal Projects/UnrealPluginDemo/Saved/Config/Windows/Scalability.ini]
[2020.11.21-18.22.58:286][  0]LogConfig: Setting CVar [[r.LightFunctionQuality:1]]
[2020.11.21-18.22.58:286][  0]LogConfig: Setting CVar [[r.ShadowQuality:5]]
[2020.11.21-18.22.58:286][  0]LogConfig: Setting CVar [[r.Shadow.CSM.MaxCascades:10]]
[2020.11.21-18.22.58:286][  0]LogConfig: Setting CVar [[r.Shadow.MaxResolution:2048]]
[2020.11.21-18.22.58:286][  0]LogConfig: Setting CVar [[r.Shadow.MaxCSMResolution:2048]]
[2020.11.21-18.22.58:286][  0]LogConfig: Setting CVar [[r.Shadow.RadiusThreshold:0.01]]
[2020.11.21-18.22.58:286][  0]LogConfig: Setting CVar [[r.Shadow.DistanceScale:1.0]]
[2020.11.21-18.22.58:286][  0]LogConfig: Setting CVar [[r.Shadow.CSM.TransitionScale:1.0]]
[2020.11.21-18.22.58:286][  0]LogConfig: Setting CVar [[r.Shadow.PreShadowResolutionFactor:1.0]]
[2020.11.21-18.22.58:286][  0]LogConfig: Setting CVar [[r.DistanceFieldShadowing:1]]
[2020.11.21-18.22.58:286][  0]LogConfig: Setting CVar [[r.DistanceFieldAO:1]]
[2020.11.21-18.22.58:286][  0]LogConfig: Setting CVar [[r.AOQuality:2]]
[2020.11.21-18.22.58:286][  0]LogConfig: Setting CVar [[r.VolumetricFog:1]]
[2020.11.21-18.22.58:286][  0]LogConfig: Setting CVar [[r.VolumetricFog.GridPixelSize:8]]
[2020.11.21-18.22.58:286][  0]LogConfig: Setting CVar [[r.VolumetricFog.GridSizeZ:128]]
[2020.11.21-18.22.58:286][  0]LogConfig: Setting CVar [[r.VolumetricFog.HistoryMissSupersampleCount:4]]
[2020.11.21-18.22.58:286][  0]LogConfig: Setting CVar [[r.LightMaxDrawDistanceScale:1]]
[2020.11.21-18.22.58:286][  0]LogConfig: Setting CVar [[r.CapsuleShadows:1]]
[2020.11.21-18.22.58:286][  0]LogConfig: Applying CVar settings from Section [PostProcessQuality@3] File [C:/Users/RuthlessLua/Documents/Unreal Projects/UnrealPluginDemo/Saved/Config/Windows/Scalability.ini]
[2020.11.21-18.22.58:286][  0]LogConfig: Setting CVar [[r.MotionBlurQuality:4]]
[2020.11.21-18.22.58:286][  0]LogConfig: Setting CVar [[r.AmbientOcclusionMipLevelFactor:0.4]]
[2020.11.21-18.22.58:286][  0]LogConfig: Setting CVar [[r.AmbientOcclusionMaxQuality:100]]
[2020.11.21-18.22.58:286][  0]LogConfig: Setting CVar [[r.AmbientOcclusionLevels:-1]]
[2020.11.21-18.22.58:286][  0]LogConfig: Setting CVar [[r.AmbientOcclusionRadiusScale:1.0]]
[2020.11.21-18.22.58:286][  0]LogConfig: Setting CVar [[r.DepthOfFieldQuality:2]]
[2020.11.21-18.22.58:286][  0]LogConfig: Setting CVar [[r.RenderTargetPoolMin:400]]
[2020.11.21-18.22.58:287][  0]LogConfig: Setting CVar [[r.LensFlareQuality:2]]
[2020.11.21-18.22.58:287][  0]LogConfig: Setting CVar [[r.SceneColorFringeQuality:1]]
[2020.11.21-18.22.58:287][  0]LogConfig: Setting CVar [[r.EyeAdaptationQuality:2]]
[2020.11.21-18.22.58:287][  0]LogConfig: Setting CVar [[r.BloomQuality:5]]
[2020.11.21-18.22.58:287][  0]LogConfig: Setting CVar [[r.FastBlurThreshold:100]]
[2020.11.21-18.22.58:287][  0]LogConfig: Setting CVar [[r.Upscale.Quality:3]]
[2020.11.21-18.22.58:287][  0]LogConfig: Setting CVar [[r.Tonemapper.GrainQuantization:1]]
[2020.11.21-18.22.58:287][  0]LogConfig: Setting CVar [[r.LightShaftQuality:1]]
[2020.11.21-18.22.58:287][  0]LogConfig: Setting CVar [[r.Filter.SizeScale:1]]
[2020.11.21-18.22.58:287][  0]LogConfig: Setting CVar [[r.Tonemapper.Quality:5]]
[2020.11.21-18.22.58:287][  0]LogConfig: Setting CVar [[r.DOF.Gather.AccumulatorQuality:1        ; higher gathering accumulator quality]]
[2020.11.21-18.22.58:287][  0]LogConfig: Setting CVar [[r.DOF.Gather.PostfilterMethod:1          ; Median3x3 postfilering method]]
[2020.11.21-18.22.58:287][  0]LogConfig: Setting CVar [[r.DOF.Gather.EnableBokehSettings:0       ; no bokeh simulation when gathering]]
[2020.11.21-18.22.58:287][  0]LogConfig: Setting CVar [[r.DOF.Gather.RingCount:4                 ; medium number of samples when gathering]]
[2020.11.21-18.22.58:287][  0]LogConfig: Setting CVar [[r.DOF.Scatter.ForegroundCompositing:1    ; additive foreground scattering]]
[2020.11.21-18.22.58:287][  0]LogConfig: Setting CVar [[r.DOF.Scatter.BackgroundCompositing:2    ; additive background scattering]]
[2020.11.21-18.22.58:287][  0]LogConfig: Setting CVar [[r.DOF.Scatter.EnableBokehSettings:1      ; bokeh simulation when scattering]]
[2020.11.21-18.22.58:287][  0]LogConfig: Setting CVar [[r.DOF.Scatter.MaxSpriteRatio:0.1         ; only a maximum of 10% of scattered bokeh]]
[2020.11.21-18.22.58:287][  0]LogConfig: Setting CVar [[r.DOF.Recombine.Quality:1                ; cheap slight out of focus]]
[2020.11.21-18.22.58:287][  0]LogConfig: Setting CVar [[r.DOF.Recombine.EnableBokehSettings:0    ; no bokeh simulation on slight out of focus]]
[2020.11.21-18.22.58:287][  0]LogConfig: Setting CVar [[r.DOF.TemporalAAQuality:1                ; more stable temporal accumulation]]
[2020.11.21-18.22.58:287][  0]LogConfig: Setting CVar [[r.DOF.Kernel.MaxForegroundRadius:0.025]]
[2020.11.21-18.22.58:287][  0]LogConfig: Setting CVar [[r.DOF.Kernel.MaxBackgroundRadius:0.025]]
[2020.11.21-18.22.58:287][  0]LogConfig: Applying CVar settings from Section [TextureQuality@3] File [C:/Users/RuthlessLua/Documents/Unreal Projects/UnrealPluginDemo/Saved/Config/Windows/Scalability.ini]
[2020.11.21-18.22.58:287][  0]LogConfig: Setting CVar [[r.Streaming.MipBias:0]]
[2020.11.21-18.22.58:287][  0]LogConfig: Setting CVar [[r.Streaming.AmortizeCPUToGPUCopy:0]]
[2020.11.21-18.22.58:287][  0]LogConfig: Setting CVar [[r.Streaming.MaxNumTexturesToStreamPerFrame:0]]
[2020.11.21-18.22.58:287][  0]LogConfig: Setting CVar [[r.Streaming.Boost:1]]
[2020.11.21-18.22.58:288][  0]LogConfig: Setting CVar [[r.MaxAnisotropy:8]]
[2020.11.21-18.22.58:288][  0]LogConfig: Setting CVar [[r.Streaming.LimitPoolSizeToVRAM:0]]
[2020.11.21-18.22.58:288][  0]LogConfig: Setting CVar [[r.Streaming.PoolSize:1000]]
[2020.11.21-18.22.58:288][  0]LogConfig: Setting CVar [[r.Streaming.MaxEffectiveScreenSize:0]]
[2020.11.21-18.22.58:288][  0]LogConfig: Applying CVar settings from Section [EffectsQuality@3] File [C:/Users/RuthlessLua/Documents/Unreal Projects/UnrealPluginDemo/Saved/Config/Windows/Scalability.ini]
[2020.11.21-18.22.58:288][  0]LogConfig: Setting CVar [[r.TranslucencyLightingVolumeDim:64]]
[2020.11.21-18.22.58:288][  0]LogConfig: Setting CVar [[r.RefractionQuality:2]]
[2020.11.21-18.22.58:288][  0]LogConfig: Setting CVar [[r.SSR.Quality:3]]
[2020.11.21-18.22.58:288][  0]LogConfig: Setting CVar [[r.SceneColorFormat:4]]
[2020.11.21-18.22.58:288][  0]LogConfig: Setting CVar [[r.DetailMode:2]]
[2020.11.21-18.22.58:288][  0]LogConfig: Setting CVar [[r.TranslucencyVolumeBlur:1]]
[2020.11.21-18.22.58:288][  0]LogConfig: Setting CVar [[r.MaterialQualityLevel:1 ; High quality]]
[2020.11.21-18.22.58:288][  0]LogConfig: Setting CVar [[r.SSS.Scale:1]]
[2020.11.21-18.22.58:288][  0]LogConfig: Setting CVar [[r.SSS.SampleSet:2]]
[2020.11.21-18.22.58:288][  0]LogConfig: Setting CVar [[r.SSS.Quality:1]]
[2020.11.21-18.22.58:288][  0]LogConfig: Setting CVar [[r.SSS.HalfRes:1]]
[2020.11.21-18.22.58:288][  0]LogConfig: Setting CVar [[r.EmitterSpawnRateScale:1.0]]
[2020.11.21-18.22.58:288][  0]LogConfig: Setting CVar [[r.ParticleLightQuality:2]]
[2020.11.21-18.22.58:288][  0]LogConfig: Applying CVar settings from Section [FoliageQuality@3] File [C:/Users/RuthlessLua/Documents/Unreal Projects/UnrealPluginDemo/Saved/Config/Windows/Scalability.ini]
[2020.11.21-18.22.58:288][  0]LogConfig: Setting CVar [[foliage.DensityScale:1.0]]
[2020.11.21-18.22.58:288][  0]LogConfig: Setting CVar [[grass.DensityScale:1.0]]
[2020.11.21-18.22.58:288][  0]LogConfig: Applying CVar settings from Section [Startup] File [../../../Engine/Config/ConsoleVariables.ini]
[2020.11.21-18.22.58:288][  0]LogConfig: Setting CVar [[net.UseAdaptiveNetUpdateFrequency:0]]
[2020.11.21-18.22.58:288][  0]LogConfig: Setting CVar [[p.chaos.AllowCreatePhysxBodies:1]]
[2020.11.21-18.22.58:289][  0]LogConfig: Applying CVar settings from Section [ConsoleVariables] File [C:/Users/RuthlessLua/Documents/Unreal Projects/UnrealPluginDemo/Saved/Config/Windows/Engine.ini]
[2020.11.21-18.22.58:289][  0]LogInit: Computer: JOHN
[2020.11.21-18.22.58:289][  0]LogInit: User: RuthlessLua
[2020.11.21-18.22.58:289][  0]LogInit: CPU Page size=4096, Cores=6
[2020.11.21-18.22.58:289][  0]LogInit: High frequency timer resolution =10.000000 MHz
[2020.11.21-18.22.58:289][  0]LogMemory: Memory total: Physical=16.0GB (16GB approx)
[2020.11.21-18.22.58:289][  0]LogMemory: Platform Memory Stats for Windows
[2020.11.21-18.22.58:289][  0]LogMemory: Process Physical Memory: 101.57 MB used, 101.58 MB peak
[2020.11.21-18.22.58:289][  0]LogMemory: Process Virtual Memory: 89.80 MB used, 89.80 MB peak
[2020.11.21-18.22.58:289][  0]LogMemory: Physical Memory: 7956.67 MB used,  8376.66 MB free, 16333.33 MB total
[2020.11.21-18.22.58:289][  0]LogMemory: Virtual Memory: 4674.79 MB used,  134213056.00 MB free, 134217728.00 MB total
[2020.11.21-18.22.58:294][  0]LogWindows: WindowsPlatformFeatures enabled
[2020.11.21-18.22.58:366][  0]LogInit: Using OS detected language (en-US).
[2020.11.21-18.22.58:366][  0]LogInit: Using OS detected locale (en-US).
[2020.11.21-18.22.58:367][  0]LogTextLocalizationManager: No specific localization for 'en-US' exists, so the 'en' localization will be used.
[2020.11.21-18.22.58:497][  0]LogInit: Setting process to per monitor DPI aware
[2020.11.21-18.22.58:533][  0]LogSlate: New Slate User Created.  User Index 0, Is Virtual User: 0
[2020.11.21-18.22.58:533][  0]LogSlate: Slate User Registered.  User Index 0, Is Virtual User: 0
[2020.11.21-18.22.58:704][  0]LogHMD: Failed to initialize OpenVR with code 110
[2020.11.21-18.22.58:704][  0]LogD3D11RHI: D3D11 adapters:
[2020.11.21-18.22.58:769][  0]LogD3D11RHI:    0. 'NVIDIA GeForce RTX 2080' (Feature Level 11_0)
[2020.11.21-18.22.58:769][  0]LogD3D11RHI:       8010/0/8166 MB DedicatedVideo/DedicatedSystem/SharedSystem, Outputs:2, VendorId:0x10de
[2020.11.21-18.22.58:773][  0]LogD3D11RHI:    1. 'Microsoft Basic Render Driver' (Feature Level 11_0)
[2020.11.21-18.22.58:773][  0]LogD3D11RHI:       0/0/8166 MB DedicatedVideo/DedicatedSystem/SharedSystem, Outputs:0, VendorId:0x1414
[2020.11.21-18.22.58:773][  0]LogD3D11RHI: Chosen D3D11 Adapter: 0
[2020.11.21-18.22.58:782][  0]LogD3D11RHI: Creating new Direct3DDevice
[2020.11.21-18.22.58:782][  0]LogD3D11RHI:     GPU DeviceId: 0x1e87 (for the marketing name, search the web for "GPU Device Id")
[2020.11.21-18.22.58:782][  0]LogWindows: EnumDisplayDevices:
[2020.11.21-18.22.58:782][  0]LogWindows:    0. 'NVIDIA GeForce RTX 2080' (P:1 D:1)
[2020.11.21-18.22.58:782][  0]LogWindows:    1. 'NVIDIA GeForce RTX 2080' (P:0 D:1)
[2020.11.21-18.22.58:783][  0]LogWindows:    2. 'NVIDIA GeForce RTX 2080' (P:0 D:0)
[2020.11.21-18.22.58:783][  0]LogWindows:    3. 'NVIDIA GeForce RTX 2080' (P:0 D:0)
[2020.11.21-18.22.58:783][  0]LogWindows: DebugString: FoundDriverCount:4 
[2020.11.21-18.22.58:783][  0]LogD3D11RHI:     Adapter Name: NVIDIA GeForce RTX 2080
[2020.11.21-18.22.58:783][  0]LogD3D11RHI:   Driver Version: 451.67 (internal:27.21.14.5167, unified:451.67)
[2020.11.21-18.22.58:783][  0]LogD3D11RHI:      Driver Date: 7-5-2020
[2020.11.21-18.22.58:783][  0]LogRHI: Texture pool is 5607 MB (70% of 8010 MB)
[2020.11.21-18.22.58:830][  0]LogD3D11RHI: Async texture creation enabled
[2020.11.21-18.22.58:844][  0]LogD3D11RHI: GPU Timing Frequency: 1000.000000 (Debug: 2 1)
[2020.11.21-18.22.59:057][  0]LogTemp: Display: Module 'AllDesktopTargetPlatform' loaded TargetPlatform 'AllDesktop'
[2020.11.21-18.22.59:066][  0]LogTemp: Display: Module 'MacClientTargetPlatform' loaded TargetPlatform 'MacClient'
[2020.11.21-18.22.59:074][  0]LogTemp: Display: Module 'MacNoEditorTargetPlatform' loaded TargetPlatform 'MacNoEditor'
[2020.11.21-18.22.59:083][  0]LogTemp: Display: Module 'MacServerTargetPlatform' loaded TargetPlatform 'MacServer'
[2020.11.21-18.22.59:092][  0]LogTemp: Display: Module 'MacTargetPlatform' loaded TargetPlatform 'Mac'
[2020.11.21-18.22.59:101][  0]LogTemp: Display: Module 'WindowsClientTargetPlatform' loaded TargetPlatform 'WindowsClient'
[2020.11.21-18.22.59:110][  0]LogTemp: Display: Module 'WindowsNoEditorTargetPlatform' loaded TargetPlatform 'WindowsNoEditor'
[2020.11.21-18.22.59:118][  0]LogTemp: Display: Module 'WindowsServerTargetPlatform' loaded TargetPlatform 'WindowsServer'
[2020.11.21-18.22.59:122][  0]LogTemp: Display: Module 'WindowsTargetPlatform' loaded TargetPlatform 'Windows'
[2020.11.21-18.22.59:151][  0]LogTemp: Display: Module 'AndroidTargetPlatform' loaded TargetPlatform 'Android'
[2020.11.21-18.22.59:151][  0]LogTemp: Display: Module 'AndroidTargetPlatform' loaded TargetPlatform 'Android_ASTC'
[2020.11.21-18.22.59:151][  0]LogTemp: Display: Module 'AndroidTargetPlatform' loaded TargetPlatform 'Android_ATC'
[2020.11.21-18.22.59:151][  0]LogTemp: Display: Module 'AndroidTargetPlatform' loaded TargetPlatform 'Android_DXT'
[2020.11.21-18.22.59:151][  0]LogTemp: Display: Module 'AndroidTargetPlatform' loaded TargetPlatform 'Android_ETC1'
[2020.11.21-18.22.59:151][  0]LogTemp: Display: Module 'AndroidTargetPlatform' loaded TargetPlatform 'Android_ETC1a'
[2020.11.21-18.22.59:151][  0]LogTemp: Display: Module 'AndroidTargetPlatform' loaded TargetPlatform 'Android_ETC2'
[2020.11.21-18.22.59:151][  0]LogTemp: Display: Module 'AndroidTargetPlatform' loaded TargetPlatform 'Android_PVRTC'
[2020.11.21-18.22.59:151][  0]LogTemp: Display: Module 'AndroidTargetPlatform' loaded TargetPlatform 'AndroidClient'
[2020.11.21-18.22.59:151][  0]LogTemp: Display: Module 'AndroidTargetPlatform' loaded TargetPlatform 'Android_ASTCClient'
[2020.11.21-18.22.59:151][  0]LogTemp: Display: Module 'AndroidTargetPlatform' loaded TargetPlatform 'Android_ATCClient'
[2020.11.21-18.22.59:151][  0]LogTemp: Display: Module 'AndroidTargetPlatform' loaded TargetPlatform 'Android_DXTClient'
[2020.11.21-18.22.59:151][  0]LogTemp: Display: Module 'AndroidTargetPlatform' loaded TargetPlatform 'Android_ETC1Client'
[2020.11.21-18.22.59:151][  0]LogTemp: Display: Module 'AndroidTargetPlatform' loaded TargetPlatform 'Android_ETC1aClient'
[2020.11.21-18.22.59:151][  0]LogTemp: Display: Module 'AndroidTargetPlatform' loaded TargetPlatform 'Android_ETC2Client'
[2020.11.21-18.22.59:151][  0]LogTemp: Display: Module 'AndroidTargetPlatform' loaded TargetPlatform 'Android_PVRTCClient'
[2020.11.21-18.22.59:151][  0]LogTemp: Display: Module 'AndroidTargetPlatform' loaded TargetPlatform 'Android_Multi'
[2020.11.21-18.22.59:151][  0]LogTemp: Display: Module 'AndroidTargetPlatform' loaded TargetPlatform 'Android_MultiClient'
[2020.11.21-18.22.59:154][  0]LogTemp: Display: Module 'HTML5TargetPlatform' loaded TargetPlatform 'HTML5'
[2020.11.21-18.22.59:173][  0]LogTemp: Display: Module 'IOSTargetPlatform' loaded TargetPlatform 'IOSClient'
[2020.11.21-18.22.59:173][  0]LogTemp: Display: Module 'IOSTargetPlatform' loaded TargetPlatform 'IOS'
[2020.11.21-18.22.59:186][  0]LogTemp: Display: Module 'TVOSTargetPlatform' loaded TargetPlatform 'TVOSClient'
[2020.11.21-18.22.59:186][  0]LogTemp: Display: Module 'TVOSTargetPlatform' loaded TargetPlatform 'TVOS'
[2020.11.21-18.22.59:194][  0]LogTemp: Display: Module 'LinuxClientTargetPlatform' loaded TargetPlatform 'LinuxClient'
[2020.11.21-18.22.59:204][  0]LogTemp: Display: Module 'LinuxNoEditorTargetPlatform' loaded TargetPlatform 'LinuxNoEditor'
[2020.11.21-18.22.59:212][  0]LogTemp: Display: Module 'LinuxServerTargetPlatform' loaded TargetPlatform 'LinuxServer'
[2020.11.21-18.22.59:220][  0]LogTemp: Display: Module 'LinuxTargetPlatform' loaded TargetPlatform 'Linux'
[2020.11.21-18.22.59:241][  0]LogTemp: Display: Module 'LuminTargetPlatform' loaded TargetPlatform 'Lumin'
[2020.11.21-18.22.59:242][  0]LogTemp: Display: Module 'LuminTargetPlatform' loaded TargetPlatform 'LuminClient'
[2020.11.21-18.22.59:242][  0]LogTargetPlatformManager: Display: Building Assets For Windows
[2020.11.21-18.22.59:254][  0]LogAudioDebug: Display: Lib vorbis DLL was dynamically loaded.
[2020.11.21-18.22.59:317][  0]LogShaderCompilers: Guid format shader working directory is -12 characters bigger than the processId version (C:/Users/RuthlessLua/Documents/Unreal Projects/UnrealPluginDemo/Intermediate/Shaders/WorkingDirectory/14144/).
[2020.11.21-18.22.59:317][  0]LogShaderCompilers: Cleaned the shader compiler working directory 'C:/Users/RuthlessLua/AppData/Local/Temp/UnrealShaderWorkingDir/EEBCC73646D17AAF590BB8A3C0E4DAEE/'.
[2020.11.21-18.22.59:318][  0]LogXGEController: Cleaning working directory: C:/Users/RuthlessLua/AppData/Local/Temp/UnrealXGEWorkingDir/
[2020.11.21-18.22.59:319][  0]LogXGEController: Cannot use XGE Controller as Incredibuild is not installed on this machine.
[2020.11.21-18.22.59:319][  0]LogShaderCompilers: Cannot use XGE Shader Compiler as Incredibuild is not installed on this machine.
[2020.11.21-18.22.59:319][  0]LogShaderCompilers: Display: Using Local Shader Compiler.
[2020.11.21-18.22.59:855][  0]LogDerivedDataCache: Display: Max Cache Size: 512 MB
[2020.11.21-18.22.59:894][  0]LogDerivedDataCache: Loaded boot cache 0.04s 73MB C:/Users/RuthlessLua/AppData/Local/UnrealEngine/4.23/DerivedDataCache/Boot.ddc.
[2020.11.21-18.22.59:894][  0]LogDerivedDataCache: Display: Loaded Boot cache: C:/Users/RuthlessLua/AppData/Local/UnrealEngine/4.23/DerivedDataCache/Boot.ddc
[2020.11.21-18.22.59:894][  0]LogDerivedDataCache: FDerivedDataBackendGraph:  Pak pak cache file C:/Users/RuthlessLua/Documents/Unreal Projects/UnrealPluginDemo/DerivedDataCache/DDC.ddp not found, will not use a pak cache.
[2020.11.21-18.22.59:894][  0]LogDerivedDataCache: Unable to find inner node Pak for hierarchical cache Hierarchy.
[2020.11.21-18.22.59:894][  0]LogDerivedDataCache: FDerivedDataBackendGraph:  CompressedPak pak cache file C:/Users/RuthlessLua/Documents/Unreal Projects/UnrealPluginDemo/DerivedDataCache/Compressed.ddp not found, will not use a pak cache.
[2020.11.21-18.22.59:894][  0]LogDerivedDataCache: Unable to find inner node CompressedPak for hierarchical cache Hierarchy.
[2020.11.21-18.22.59:905][  0]LogDerivedDataCache: Display: Pak cache opened for reading ../../../Engine/DerivedDataCache/Compressed.ddp.
[2020.11.21-18.22.59:905][  0]LogDerivedDataCache: FDerivedDataBackendGraph:  EnterprisePak pak cache file ../../../Enterprise/DerivedDataCache/Compressed.ddp not found, will not use a pak cache.
[2020.11.21-18.22.59:905][  0]LogDerivedDataCache: Unable to find inner node EnterprisePak for hierarchical cache Hierarchy.
[2020.11.21-18.22.59:907][  0]LogDerivedDataCache: Using Local data cache path C:/Users/RuthlessLua/AppData/Local/UnrealEngine/Common/DerivedDataCache: Writable
[2020.11.21-18.22.59:907][  0]LogDerivedDataCache: Shared data cache path not found in *engine.ini, will not use an Shared cache.
[2020.11.21-18.22.59:907][  0]LogDerivedDataCache: Unable to find inner node Shared for hierarchical cache Hierarchy.
[2020.11.21-18.22.59:925][  0]LogMaterial: Verifying Global Shaders for PCD3D_SM5
[2020.11.21-18.22.59:928][  0]LogSlate: Using FreeType 2.6.0
[2020.11.21-18.22.59:929][  0]LogSlate: SlateFontServices - WITH_FREETYPE: 1, WITH_HARFBUZZ: 1
[2020.11.21-18.22.59:982][  0]LogAssetRegistry: FAssetRegistry took 0.0035 seconds to start up
[2020.11.21-18.23.00:209][  0]LogInit: Selected Device Profile: [Windows]
[2020.11.21-18.23.00:339][  0]LogMeshReduction: Using QuadricMeshReduction for automatic static mesh reduction
[2020.11.21-18.23.00:339][  0]LogMeshReduction: Using SimplygonMeshReduction for automatic skeletal mesh reduction
[2020.11.21-18.23.00:339][  0]LogMeshReduction: Using ProxyLODMeshReduction for automatic mesh merging
[2020.11.21-18.23.00:339][  0]LogMeshReduction: No distributed automatic mesh merging module available
[2020.11.21-18.23.00:339][  0]LogMeshMerging: No distributed automatic mesh merging module available
[2020.11.21-18.23.00:347][  0]LogNetVersion: UnrealPluginDemo 1.0.0, NetCL: 8386587, EngineNetVer: 11, GameNetVer: 0 (Checksum: 4030924817)
[2020.11.21-18.23.00:678][  0]LogPackageLocalizationCache: Processed 13 localized package path(s) for 1 prioritized culture(s) in 0.047771 seconds
[2020.11.21-18.23.00:685][  0]LogUObjectArray: 43444 objects as part of root set at end of initial load.
[2020.11.21-18.23.00:685][  0]LogUObjectAllocator: 7548648 out of 0 bytes used by permanent object pool.
[2020.11.21-18.23.00:685][  0]LogUObjectArray: CloseDisregardForGC: 0/0 objects in disregard for GC pool
[2020.11.21-18.23.01:484][  0]LogTcpMessaging: Initializing TcpMessaging bridge
[2020.11.21-18.23.01:489][  0]LogUdpMessaging: Initializing bridge on interface 0.0.0.0:0 to multicast group 230.0.0.1:6666.
[2020.11.21-18.23.01:570][  0]SourceControl: Source control is disabled
[2020.11.21-18.23.01:570][  0]SourceControl: Source control is disabled
[2020.11.21-18.23.01:572][  0]SourceControl: Source control is disabled
[2020.11.21-18.23.01:573][  0]SourceControl: Source control is disabled
[2020.11.21-18.23.01:700][  0]LogAndroidPermission: UAndroidPermissionCallbackProxy::GetInstance
[2020.11.21-18.23.01:999][  0]LogOcInput: OculusInput pre-init called
[2020.11.21-18.23.02:006][  0]LogWindows: Failed to load 'OVRPlugin.dll' (GetLastError=126)
[2020.11.21-18.23.02:006][  0]LogWindows: File 'OVRPlugin.dll' does not exist
[2020.11.21-18.23.02:087][  0]LogEngine: Initializing Engine...
[2020.11.21-18.23.02:088][  0]LogHMD: Failed to initialize OpenVR with code 110
[2020.11.21-18.23.02:089][  0]LogStats: UGameplayTagsManager::InitializeManager -  0.000 s
[2020.11.21-18.23.02:259][  0]LogInit: Initializing FReadOnlyCVARCache
[2020.11.21-18.23.02:271][  0]LogAIModule: Creating AISystem for world Untitled
[2020.11.21-18.23.02:333][  0]LogInit: XAudio2 using 'Headset Earphone (HyperX Virtual Surround Sound)' : 2 channels at 48 kHz using 16 bits per sample (channel mask 0x3)
[2020.11.21-18.23.02:352][  0]LogInit: FAudioDevice initialized.
[2020.11.21-18.23.02:352][  0]LogNetVersion: Set ProjectVersion to 1.0.0.0. Version Checksum will be recalculated on next use.
[2020.11.21-18.23.02:498][  0]LogDerivedDataCache: Saved boot cache 0.15s 73MB C:/Users/RuthlessLua/AppData/Local/UnrealEngine/4.23/DerivedDataCache/Boot.ddc.
[2020.11.21-18.23.02:502][  0]LogInit: Texture streaming: Enabled
[2020.11.21-18.23.02:524][  0]LogEngineSessionManager: EngineSessionManager initialized
[2020.11.21-18.23.02:524][  0]LogEngineSessionManager: EngineSessionManager sent abnormal shutdown report. Type=Debugger, SessionId={482B9D6A-4F9C-DE6F-943F-79A755F052BE}
[2020.11.21-18.23.02:524][  0]LogEngineSessionManager: EngineSessionManager sent abnormal shutdown report. Type=Debugger, SessionId={C42E63A9-46AC-60EF-6A06-D19C2946127A}
[2020.11.21-18.23.02:524][  0]LogEditorSessionSummary: Verbose: Initializing EditorSessionSummaryWriter for editor session tracking
[2020.11.21-18.23.02:525][  0]LogEditorSessionSummary: EditorSessionSummaryWriter initialized
[2020.11.21-18.23.02:554][  0]LogInit: Transaction tracking system initialized
[2020.11.21-18.23.02:584][  0]BlueprintLog: New page: Editor Load
[2020.11.21-18.23.02:662][  0]LocalizationService: Localization service is disabled
[2020.11.21-18.23.02:717][  0]LogLinker: Warning: Failed to load '/Game/SideScrollerCPP/SideScrollerOverview': Can't find file.
[2020.11.21-18.23.02:718][  0]LogLinker: Warning: Failed to load '/Game/SideScrollerCPP/SideScrollerOverview': Can't find file.
[2020.11.21-18.23.02:718][  0]LogUObjectGlobals: Warning: Failed to find object 'Class /Game/SideScrollerCPP/SideScrollerOverview.SideScrollerOverview_C'
[2020.11.21-18.23.02:872][  0]LogFileCache: Scanning file cache for directory 'C:/Users/RuthlessLua/Documents/Unreal Projects/UnrealPluginDemo/Content/' took 0.00s
[2020.11.21-18.23.02:872][  0]LogCook: Display: Max memory allowance for cook 16384mb min free memory 0mb
[2020.11.21-18.23.02:872][  0]LogCook: Display: Mobile HDR setting 1
[2020.11.21-18.23.03:091][  0]SourceControl: Source control is disabled
[2020.11.21-18.23.03:092][  0]Cmd: MAP LOAD FILE="C:/Users/RuthlessLua/Documents/Unreal Projects/UnrealPluginDemo/Content/StarterContent/Maps/Minimal_Default.umap" TEMPLATE=0 SHOWPROGRESS=1 FEATURELEVEL=3
[2020.11.21-18.23.03:092][  0]LightingResults: New page: Lighting Build
[2020.11.21-18.23.03:094][  0]LogWorld: UWorld::CleanupWorld for Untitled, bSessionEnded=true, bCleanupResources=true
[2020.11.21-18.23.03:095][  0]MapCheck: New page: Map Check
[2020.11.21-18.23.03:095][  0]LightingResults: New page: Lighting Build
[2020.11.21-18.23.03:121][  0]LogUObjectHash: Compacting FUObjectHashTables data took   1.59ms
[2020.11.21-18.23.03:268][  0]LogAIModule: Creating AISystem for world Minimal_Default
[2020.11.21-18.23.03:272][  0]LogEditorServer: Finished looking for orphan Actors (0.000 secs)
[2020.11.21-18.23.03:299][  0]LogUObjectHash: Compacting FUObjectHashTables data took   1.88ms
[2020.11.21-18.23.03:299][  0]Cmd: MAP CHECKDEP NOCLEARLOG
[2020.11.21-18.23.03:300][  0]MapCheck: Map check complete: 0 Error(s), 0 Warning(s), took 0.193ms to complete.
[2020.11.21-18.23.03:300][  0]LogFileHelpers: Loading map 'Minimal_Default' took 0.208
[2020.11.21-18.23.03:406][  0]LogSlate: Updating window title bar state: overlay mode, drag disabled, window buttons hidden, title bar hidden
[2020.11.21-18.23.03:412][  0]LogSlate: Updating window title bar state: overlay mode, drag disabled, window buttons hidden, title bar hidden
[2020.11.21-18.23.03:417][  0]LogSlate: Updating window title bar state: overlay mode, drag disabled, window buttons hidden, title bar hidden
[2020.11.21-18.23.03:423][  0]LogSlate: Updating window title bar state: overlay mode, drag disabled, window buttons hidden, title bar hidden
[2020.11.21-18.23.03:428][  0]LogCollectionManager: Loaded 0 collections in 0.001011 seconds
[2020.11.21-18.23.03:436][  0]LogFileCache: Scanning file cache for directory 'C:/Users/RuthlessLua/Documents/Unreal Projects/UnrealPluginDemo/Saved/Collections/' took 0.00s
[2020.11.21-18.23.03:436][  0]LogFileCache: Scanning file cache for directory 'C:/Users/RuthlessLua/Documents/Unreal Projects/UnrealPluginDemo/Content/Developers/RuthlessLua/Collections/' took 0.00s
[2020.11.21-18.23.03:436][  0]LogFileCache: Scanning file cache for directory 'C:/Users/RuthlessLua/Documents/Unreal Projects/UnrealPluginDemo/Content/Collections/' took 0.00s
[2020.11.21-18.23.03:436][  0]LogCollectionManager: Rebuilt the GUID cache for 0 collections in 0.000001 seconds
[2020.11.21-18.23.03:446][  0]LogContentBrowser: Native class hierarchy populated in 0.0080 seconds. Added 2865 classes and 685 folders.
[2020.11.21-18.23.03:450][  0]LogContentBrowser: Native class hierarchy updated for 'WidgetCarousel' in 0.0003 seconds. Added 0 classes and 0 folders.
[2020.11.21-18.23.03:491][  0]LogContentBrowser: Native class hierarchy updated for 'AddContentDialog' in 0.0003 seconds. Added 0 classes and 0 folders.
[2020.11.21-18.23.03:498][  0]LogContentBrowser: Native class hierarchy updated for 'SceneOutliner' in 0.0003 seconds. Added 1 classes and 2 folders.
[2020.11.21-18.23.03:510][  0]LogSlate: Took 0.000308 seconds to synchronously load lazily loaded font '../../../Engine/Content/Slate/Fonts/Roboto-Regular.ttf' (155K)
[2020.11.21-18.23.03:512][  0]LogSlate: Took 0.000161 seconds to synchronously load lazily loaded font '../../../Engine/Content/Slate/Fonts/Roboto-Bold.ttf' (160K)
[2020.11.21-18.23.03:516][  0]LogSlate: Took 0.000165 seconds to synchronously load lazily loaded font '../../../Engine/Content/Editor/Slate/Fonts/FontAwesome.ttf' (139K)
[2020.11.21-18.23.03:564][  0]LogRenderer: Reallocating scene render targets to support 1208x580 Format 10 NumSamples 1 (Frame:1).
[2020.11.21-18.23.03:635][  0]LogContentBrowser: Native class hierarchy updated for 'HierarchicalLODOutliner' in 0.0004 seconds. Added 0 classes and 0 folders.
[2020.11.21-18.23.03:635][  0]LogLoad: (Engine Initialization) Total time: 6.60 seconds
[2020.11.21-18.23.03:635][  0]LogLoad: (Engine Initialization) Total Blueprint compile time: 0.00 seconds
[2020.11.21-18.23.03:673][  0]LogAssetRegistry: Asset discovery search completed in 3.6930 seconds
[2020.11.21-18.23.03:677][  0]LogCollectionManager: Rebuilt the object cache for 0 collections in 0.000005 seconds (found 0 objects)
[2020.11.21-18.23.03:677][  0]LogCollectionManager: Fixed up redirectors for 0 collections in 0.000175 seconds (updated 0 objects)
[2020.11.21-18.23.03:678][  0]LogContentStreaming: Texture pool size now 1000 MB
[2020.11.21-18.23.03:702][  0]LogSlate: Took 0.000145 seconds to synchronously load lazily loaded font '../../../Engine/Content/Slate/Fonts/Roboto-Light.ttf' (167K)
[2020.11.21-18.23.07:409][443]LogSlate: FSceneViewport::OnFocusLost() reason 0
[2020.11.21-18.23.08:383][559]LogSlate: Took 0.000162 seconds to synchronously load lazily loaded font '../../../Engine/Content/Slate/Fonts/Roboto-Light.ttf' (167K)
[2020.11.21-18.23.08:509][559]LogAIModule: Creating AISystem for world PluginPickupMap
[2020.11.21-18.23.08:516][559]LogAssetEditorManager: Opening Asset editor for World /Game/CustomContent/PluginPickupMap.PluginPickupMap
[2020.11.21-18.23.08:546][559]LogUObjectHash: Compacting FUObjectHashTables data took   1.99ms
[2020.11.21-18.23.08:547][559]Cmd: MAP LOAD FILE="C:/Users/RuthlessLua/Documents/Unreal Projects/UnrealPluginDemo/Content/CustomContent/PluginPickupMap.umap" TEMPLATE=0 SHOWPROGRESS=1 FEATURELEVEL=3
[2020.11.21-18.23.08:547][559]LightingResults: New page: Lighting Build
[2020.11.21-18.23.08:548][559]LoadErrors: New page: Loading map: PluginPickupMap.umap
[2020.11.21-18.23.08:548][559]LogWorld: UWorld::CleanupWorld for Minimal_Default, bSessionEnded=true, bCleanupResources=true
[2020.11.21-18.23.08:549][559]MapCheck: New page: Map Check
[2020.11.21-18.23.08:549][559]LightingResults: New page: Lighting Build
[2020.11.21-18.23.08:573][559]LogUObjectHash: Compacting FUObjectHashTables data took   1.66ms
[2020.11.21-18.23.08:576][559]LogEditorServer: Finished looking for orphan Actors (0.000 secs)
[2020.11.21-18.23.08:604][559]LogUObjectHash: Compacting FUObjectHashTables data took   1.48ms
[2020.11.21-18.23.08:613][559]Cmd: MAP CHECKDEP NOCLEARLOG
[2020.11.21-18.23.08:614][559]MapCheck: Map check complete: 0 Error(s), 0 Warning(s), took 0.122ms to complete.
[2020.11.21-18.23.08:614][559]LogFileHelpers: Loading map 'PluginPickupMap' took 0.067
[2020.11.21-18.23.09:848][704]LogEditorViewport: Clicking on Actor (LMB): BP_Sky_Sphere_C (Sky Sphere)
[2020.11.21-18.23.11:205][864]LogSlate: FSceneViewport::OnFocusLost() reason 0
[2020.11.21-18.23.13:682][155]LogSlate: FSceneViewport::OnFocusLost() reason 0
[2020.11.21-18.23.17:251][581]Cmd: DELETE
[2020.11.21-18.23.17:251][581]Cmd: ACTOR DELETE
[2020.11.21-18.23.17:253][581]LogEditorActor: Deleted Actor: Pickup
[2020.11.21-18.23.17:277][581]LogUObjectHash: Compacting FUObjectHashTables data took   0.67ms
[2020.11.21-18.23.17:277][581]LogEditorActor: Deleted 1 Actors (0.026 secs)
[2020.11.21-18.23.24:132][403]LogSlate: FSceneViewport::OnFocusLost() reason 0
[2020.11.21-18.23.24:298][422]LogEditor: Attempting to add actor of class 'Pickup' to level at -250.00,-1150.00,20.00
[2020.11.21-18.23.24:682][466]LogEditor: Attempting to add actor of class 'Pickup' to level at -30.00,-950.00,20.00
[2020.11.21-18.23.28:910][960]LogSlate: FSceneViewport::OnFocusLost() reason 2
[2020.11.21-18.23.35:879][794]LogSlate: FSceneViewport::OnFocusLost() reason 2
[2020.11.21-18.23.37:506][988]LogSlate: FSceneViewport::OnFocusLost() reason 2
[2020.11.21-18.23.41:250][429]LogEditorViewport: Clicking on Actor (LMB): BP_Sky_Sphere_C (Sky Sphere)
[2020.11.21-18.23.41:911][506]LogEditorViewport: Clicking on Actor (LMB): Pickup (Pickup1)
[2020.11.21-18.23.43:444][686]LogEditorViewport: Clicking on Actor (LMB): BP_Sky_Sphere_C (Sky Sphere)
[2020.11.21-18.23.44:645][824]LogSlate: FSceneViewport::OnFocusLost() reason 0
[2020.11.21-18.23.44:695][830]LogTemp: Repeating last play command: Selected Viewport
[2020.11.21-18.23.44:700][830]LogBlueprintUserMessages: Early PlayInEditor Detection: Level '/Game/CustomContent/PluginPickupMap.PluginPickupMap:PersistentLevel' has LevelScriptBlueprint '/Game/CustomContent/PluginPickupMap.PluginPickupMap:PersistentLevel.PluginPickupMap' with GeneratedClass '/Game/CustomContent/PluginPickupMap.PluginPickupMap_C' with ClassGeneratedBy '/Game/CustomContent/PluginPickupMap.PluginPickupMap:PersistentLevel.PluginPickupMap'
[2020.11.21-18.23.44:701][830]LogPlayLevel: PlayLevel: No blueprints needed recompiling
[2020.11.21-18.23.44:701][830]PIE: New page: PIE session: PluginPickupMap (Nov 21, 2020, 8:23:44 AM)
[2020.11.21-18.23.44:702][830]LogOnline: OSS: Creating online subsystem instance for: NULL
[2020.11.21-18.23.44:703][830]LogPlayLevel: Creating play world package: /Game/CustomContent/UEDPIE_0_PluginPickupMap
[2020.11.21-18.23.44:707][830]LogPlayLevel: PIE: StaticDuplicateObject took: (0.003022s)
[2020.11.21-18.23.44:708][830]LogAIModule: Creating AISystem for world PluginPickupMap
[2020.11.21-18.23.44:708][830]LogPlayLevel: PIE: World Init took: (0.001057s)
[2020.11.21-18.23.44:708][830]LogPlayLevel: PIE: Created PIE world by copying editor world from /Game/CustomContent/PluginPickupMap.PluginPickupMap to /Game/CustomContent/UEDPIE_0_PluginPickupMap.PluginPickupMap (0.004509s)
[2020.11.21-18.23.44:734][830]LogUObjectHash: Compacting FUObjectHashTables data took   1.50ms
[2020.11.21-18.23.44:787][830]LogInit: XAudio2 using 'Headset Earphone (HyperX Virtual Surround Sound)' : 2 channels at 48 kHz using 16 bits per sample (channel mask 0x3)
[2020.11.21-18.23.44:797][830]LogInit: FAudioDevice initialized.
[2020.11.21-18.23.44:806][830]LogUObjectGlobals: Warning: Failed to find object 'Class /Script/UnrealPluginDemo.UnrealPluginDemoGameMode'
[2020.11.21-18.23.44:807][830]LogLoad: Game class is 'GameModeBase'
[2020.11.21-18.23.44:808][830]LogWorld: Bringing World /Game/CustomContent/UEDPIE_0_PluginPickupMap.PluginPickupMap up for play (max tick rate 0) at 2020.11.21-13.23.44
[2020.11.21-18.23.44:821][830]LogWorld: Bringing up level for play took: 0.013900
[2020.11.21-18.23.44:822][830]LogOnline: OSS: Creating online subsystem instance for: :Context_3
[2020.11.21-18.23.44:827][830]LogContentBrowser: Native class hierarchy updated for 'MovieSceneCapture' in 0.0004 seconds. Added 20 classes and 0 folders.
[2020.11.21-18.23.44:828][830]PIE: Play in editor start time for /Game/CustomContent/UEDPIE_0_PluginPickupMap 0.634
[2020.11.21-18.23.44:828][830]LogBlueprintUserMessages: Late PlayInEditor Detection: Level '/Game/CustomContent/PluginPickupMap.PluginPickupMap:PersistentLevel' has LevelScriptBlueprint '/Game/CustomContent/PluginPickupMap.PluginPickupMap:PersistentLevel.PluginPickupMap' with GeneratedClass '/Game/CustomContent/PluginPickupMap.PluginPickupMap_C' with ClassGeneratedBy '/Game/CustomContent/PluginPickupMap.PluginPickupMap:PersistentLevel.PluginPickupMap'
[2020.11.21-18.23.48:203][233]LogTemp: Warning: Item Picked up.
[2020.11.21-18.23.54:065][699]LogSlate: FSceneViewport::OnFocusLost() reason 0
[2020.11.21-18.23.54:970][771]LogSlate: Took 0.000186 seconds to synchronously load lazily loaded font '../../../Engine/Content/Slate/Fonts/DroidSansMono.ttf' (77K)
[2020.11.21-18.23.59:358][293]LogBlueprintUserMessages: Early EndPlayMap Detection: Level '/Game/CustomContent/PluginPickupMap.PluginPickupMap:PersistentLevel' has LevelScriptBlueprint '/Game/CustomContent/PluginPickupMap.PluginPickupMap:PersistentLevel.PluginPickupMap' with GeneratedClass '/Game/CustomContent/PluginPickupMap.PluginPickupMap_C' with ClassGeneratedBy '/Game/CustomContent/PluginPickupMap.PluginPickupMap:PersistentLevel.PluginPickupMap'
[2020.11.21-18.23.59:359][293]LogSlate: Updating window title bar state: overlay mode, drag disabled, window buttons hidden, title bar hidden
[2020.11.21-18.23.59:359][293]LogWorld: BeginTearingDown for /Game/CustomContent/UEDPIE_0_PluginPickupMap
[2020.11.21-18.23.59:360][293]LogWorld: UWorld::CleanupWorld for PluginPickupMap, bSessionEnded=true, bCleanupResources=true
[2020.11.21-18.23.59:367][293]LogPlayLevel: Display: Shutting down PIE online subsystems
[2020.11.21-18.23.59:367][293]LogBlueprintUserMessages: Late EndPlayMap Detection: Level '/Game/CustomContent/PluginPickupMap.PluginPickupMap:PersistentLevel' has LevelScriptBlueprint '/Game/CustomContent/PluginPickupMap.PluginPickupMap:PersistentLevel.PluginPickupMap' with GeneratedClass '/Game/CustomContent/PluginPickupMap.PluginPickupMap_C' with ClassGeneratedBy '/Game/CustomContent/PluginPickupMap.PluginPickupMap:PersistentLevel.PluginPickupMap'
[2020.11.21-18.23.59:397][293]LogSlate: Updating window title bar state: overlay mode, drag disabled, window buttons hidden, title bar hidden
[2020.11.21-18.23.59:400][293]LogUObjectHash: Compacting FUObjectHashTables data took   1.60ms
[2020.11.21-18.23.59:464][299]LogPlayLevel: Display: Destroying online subsystem :Context_3
[2020.11.21-18.26.03:877][914]LogEditorSessionSummary: EditorSessionSummary sent report. Type=Shutdown, SessionId={86229C92-4F08-C135-38E5-2092790ADBD1}
[2020.11.21-18.26.52:062][120]LogSlate: FSceneViewport::OnFocusLost() reason 0
[2020.11.21-18.26.52:169][130]LogUObjectHash: Compacting FUObjectHashTables data took   0.84ms
[2020.11.21-18.26.54:430][130]LogSlate: Window 'Save Content' being destroyed
[2020.11.21-18.26.54:489][130]LogUObjectHash: Compacting FUObjectHashTables data took   0.69ms
[2020.11.21-18.26.54:597][130]LogSavePackage: Moving 'C:/Users/RuthlessLua/Documents/Unreal Projects/UnrealPluginDemo/Saved/PluginPickupMapADBC180542FBCA776E160CB6CBEAB76F.tmp' to 'C:/Users/RuthlessLua/Documents/Unreal Projects/UnrealPluginDemo/Content/CustomContent/PluginPickupMap.umap'
[2020.11.21-18.26.54:609][130]LogFileHelpers: Saving map 'PluginPickupMap' took 0.163
[2020.11.21-18.26.54:641][130]LogSlate: Window 'UnrealPluginDemo - Unreal Editor' being destroyed
[2020.11.21-18.26.54:642][130]LogWindowsTextInputMethodSystem: Display: IME system now deactivated.
[2020.11.21-18.26.54:744][131]Cmd: QUIT_EDITOR
[2020.11.21-18.26.55:230][131]LogExit: Preparing to exit.
[2020.11.21-18.26.56:012][131]LogWorld: UWorld::CleanupWorld for World_1, bSessionEnded=true, bCleanupResources=true
[2020.11.21-18.26.56:012][131]LogWorld: UWorld::CleanupWorld for World_0, bSessionEnded=true, bCleanupResources=true
[2020.11.21-18.26.56:017][131]LogDemo: Cleaned up 0 splitscreen connections with owner deletion
[2020.11.21-18.26.56:023][131]LogWorld: UWorld::CleanupWorld for None, bSessionEnded=true, bCleanupResources=true
[2020.11.21-18.26.56:023][131]LogExit: Editor shut down
[2020.11.21-18.26.56:024][131]LogExit: Transaction tracking system shut down
[2020.11.21-18.26.56:292][131]LogExit: Object subsystem successfully closed.
[2020.11.21-18.26.56:325][131]LogShaderCompilers: Display: Shaders left to compile 0
[2020.11.21-18.26.56:335][131]LogModuleManager: Shutting down and abandoning module MovieSceneCapture (678)
[2020.11.21-18.26.56:335][131]LogModuleManager: Shutting down and abandoning module Voice (676)
[2020.11.21-18.26.56:335][131]LogModuleManager: Shutting down and abandoning module HierarchicalLODUtilities (674)
[2020.11.21-18.26.56:335][131]LogModuleManager: Shutting down and abandoning module HierarchicalLODOutliner (672)
[2020.11.21-18.26.56:335][131]LogModuleManager: Shutting down and abandoning module SceneOutliner (670)
[2020.11.21-18.26.56:335][131]LogModuleManager: Shutting down and abandoning module AddContentDialog (668)
[2020.11.21-18.26.56:336][131]LogModuleManager: Shutting down and abandoning module WidgetCarousel (667)
[2020.11.21-18.26.56:336][131]LogModuleManager: Shutting down and abandoning module EditorWidgets (664)
[2020.11.21-18.26.56:336][131]LogModuleManager: Shutting down and abandoning module CollectionManager (662)
[2020.11.21-18.26.56:336][131]LogModuleManager: Shutting down and abandoning module StatsViewer (660)
[2020.11.21-18.26.56:336][131]LogModuleManager: Shutting down and abandoning module VirtualTexturingEditor (658)
[2020.11.21-18.26.56:336][131]LogModuleManager: Shutting down and abandoning module FoliageEdit (656)
[2020.11.21-18.26.56:336][131]LogModuleManager: Shutting down and abandoning module LandscapeEditor (654)
[2020.11.21-18.26.56:336][131]LogModuleManager: Shutting down and abandoning module MeshPaintMode (652)
[2020.11.21-18.26.56:337][131]LogModuleManager: Shutting down and abandoning module SceneDepthPickerMode (650)
[2020.11.21-18.26.56:337][131]LogModuleManager: Shutting down and abandoning module ActorPickerMode (648)
[2020.11.21-18.26.56:337][131]LogModuleManager: Shutting down and abandoning module GeometryMode (646)
[2020.11.21-18.26.56:337][131]LogModuleManager: Shutting down and abandoning module TextureAlignMode (644)
[2020.11.21-18.26.56:337][131]LogModuleManager: Shutting down and abandoning module BspMode (642)
[2020.11.21-18.26.56:337][131]LogModuleManager: Shutting down and abandoning module PIEPreviewDeviceProfileSelector (640)
[2020.11.21-18.26.56:337][131]LogModuleManager: Shutting down and abandoning module SequenceRecorderSections (638)
[2020.11.21-18.26.56:337][131]LogModuleManager: Shutting down and abandoning module AutomationWorker (636)
[2020.11.21-18.26.56:337][131]LogModuleManager: Shutting down and abandoning module OculusMR (634)
[2020.11.21-18.26.56:337][131]LogModuleManager: Shutting down and abandoning module AudioCaptureEditor (632)
[2020.11.21-18.26.56:337][131]LogModuleManager: Shutting down and abandoning module MatineeToLevelSequence (630)
[2020.11.21-18.26.56:337][131]LogModuleManager: Shutting down and abandoning module LevelSequenceEditor (628)
[2020.11.21-18.26.56:337][131]LogModuleManager: Shutting down and abandoning module PlacementMode (627)
[2020.11.21-18.26.56:337][131]LogModuleManager: Shutting down and abandoning module MaterialEditor (626)
[2020.11.21-18.26.56:337][131]LogModuleManager: Shutting down and abandoning module ActorSequenceEditor (622)
[2020.11.21-18.26.56:338][131]LogModuleManager: Shutting down and abandoning module WmfMediaFactory (620)
[2020.11.21-18.26.56:338][131]LogModuleManager: Shutting down and abandoning module WmfMediaEditor (618)
[2020.11.21-18.26.56:338][131]LogModuleManager: Shutting down and abandoning module WebMMediaFactory (616)
[2020.11.21-18.26.56:338][131]LogModuleManager: Shutting down and abandoning module WebMMediaEditor (614)
[2020.11.21-18.26.56:338][131]LogModuleManager: Shutting down and abandoning module WebMMedia (612)
[2020.11.21-18.26.56:338][131]LogModuleManager: Shutting down and abandoning module MediaPlayerEditor (610)
[2020.11.21-18.26.56:338][131]LogModuleManager: Shutting down and abandoning module MediaCompositingEditor (608)
[2020.11.21-18.26.56:338][131]LogModuleManager: Shutting down and abandoning module SequenceRecorder (607)
[2020.11.21-18.26.56:338][131]LogModuleManager: Shutting down and abandoning module OpenExrWrapper (604)
[2020.11.21-18.26.56:338][131]LogModuleManager: Shutting down and abandoning module ImgMediaFactory (602)
[2020.11.21-18.26.56:338][131]LogModuleManager: Shutting down and abandoning module ImgMediaEditor (600)
[2020.11.21-18.26.56:338][131]LogModuleManager: Shutting down and abandoning module AvfMediaFactory (598)
[2020.11.21-18.26.56:338][131]LogModuleManager: Shutting down and abandoning module AvfMediaEditor (596)
[2020.11.21-18.26.56:338][131]LogModuleManager: Shutting down and abandoning module AndroidMediaFactory (594)
[2020.11.21-18.26.56:338][131]LogModuleManager: Shutting down and abandoning module AndroidMediaEditor (592)
[2020.11.21-18.26.56:338][131]LogModuleManager: Shutting down and abandoning module MagicLeapCameraPreviewFactory (590)
[2020.11.21-18.26.56:338][131]LogModuleManager: Shutting down and abandoning module MagicLeapMediaCodecFactory (588)
[2020.11.21-18.26.56:338][131]LogModuleManager: Shutting down and abandoning module MagicLeapMediaFactory (586)
[2020.11.21-18.26.56:339][131]LogModuleManager: Shutting down and abandoning module MagicLeapMediaEditor (584)
[2020.11.21-18.26.56:339][131]LogModuleManager: Shutting down and abandoning module CharacterAI (582)
[2020.11.21-18.26.56:339][131]LogModuleManager: Shutting down and abandoning module SmartSnapping (580)
[2020.11.21-18.26.56:339][131]LogModuleManager: Shutting down and abandoning module SessionServices (578)
[2020.11.21-18.26.56:339][131]LogModuleManager: Shutting down and abandoning module MeshPaint (576)
[2020.11.21-18.26.56:339][131]LogModuleManager: Shutting down and abandoning module ViewportSnapping (574)
[2020.11.21-18.26.56:339][131]LogModuleManager: Shutting down and abandoning module ViewportInteraction (572)
[2020.11.21-18.26.56:339][131]LogModuleManager: Shutting down and abandoning module ClothPainter (570)
[2020.11.21-18.26.56:339][131]LogModuleManager: Shutting down and abandoning module SkeletalMeshEditor (569)
[2020.11.21-18.26.56:339][131]LogModuleManager: Shutting down and abandoning module LogVisualizer (566)
[2020.11.21-18.26.56:339][131]LogModuleManager: Shutting down and abandoning module IntroTutorials (564)
[2020.11.21-18.26.56:339][131]LogModuleManager: Shutting down and abandoning module GameProjectGeneration (563)
[2020.11.21-18.26.56:339][131]LogModuleManager: Shutting down and abandoning module LuminPlatformEditor (560)
[2020.11.21-18.26.56:339][131]LogModuleManager: Shutting down and abandoning module IOSPlatformEditor (558)
[2020.11.21-18.26.56:339][131]LogModuleManager: Shutting down and abandoning module HTML5PlatformEditor (556)
[2020.11.21-18.26.56:340][131]LogModuleManager: Shutting down and abandoning module AndroidPlatformEditor (554)
[2020.11.21-18.26.56:340][131]LogModuleManager: Shutting down and abandoning module AndroidDeviceDetection (553)
[2020.11.21-18.26.57:051][131]LogModuleManager: Shutting down and abandoning module WindowsPlatformEditor (550)
[2020.11.21-18.26.57:051][131]LogModuleManager: Shutting down and abandoning module LuminRuntimeSettings (548)
[2020.11.21-18.26.57:051][131]LogModuleManager: Shutting down and abandoning module IOSRuntimeSettings (546)
[2020.11.21-18.26.57:052][131]LogModuleManager: Shutting down and abandoning module AndroidRuntimeSettings (544)
[2020.11.21-18.26.57:052][131]LogModuleManager: Shutting down and abandoning module TimeManagementEditor (542)
[2020.11.21-18.26.57:052][131]LogModuleManager: Shutting down and abandoning module InputBindingEditor (540)
[2020.11.21-18.26.57:052][131]LogModuleManager: Shutting down and abandoning module MergeActors (538)
[2020.11.21-18.26.57:052][131]LogModuleManager: Shutting down and abandoning module LocalizationDashboard (536)
[2020.11.21-18.26.57:052][131]LogModuleManager: Shutting down and abandoning module LocalizationService (535)
[2020.11.21-18.26.57:052][131]LogModuleManager: Shutting down and abandoning module HardwareTargeting (532)
[2020.11.21-18.26.57:052][131]LogModuleManager: Shutting down and abandoning module DeviceProfileEditor (530)
[2020.11.21-18.26.57:052][131]LogModuleManager: Shutting down and abandoning module UndoHistory (528)
[2020.11.21-18.26.57:052][131]LogModuleManager: Shutting down and abandoning module XmlParser (526)
[2020.11.21-18.26.57:052][131]LogModuleManager: Shutting down and abandoning module Blutility (524)
[2020.11.21-18.26.57:052][131]LogModuleManager: Shutting down and abandoning module ProjectSettingsViewer (522)
[2020.11.21-18.26.57:052][131]LogModuleManager: Shutting down and abandoning module ProjectTargetPlatformEditor (521)
[2020.11.21-18.26.57:052][131]LogModuleManager: Shutting down and abandoning module EditorSettingsViewer (518)
[2020.11.21-18.26.57:052][131]LogModuleManager: Shutting down and abandoning module SettingsEditor (516)
[2020.11.21-18.26.57:052][131]LogModuleManager: Shutting down and abandoning module ProjectLauncher (514)
[2020.11.21-18.26.57:052][131]LogModuleManager: Shutting down and abandoning module SessionFrontend (512)
[2020.11.21-18.26.57:052][131]LogModuleManager: Shutting down and abandoning module ProfilerClient (510)
[2020.11.21-18.26.57:053][131]LogModuleManager: Shutting down and abandoning module DeviceManager (508)
[2020.11.21-18.26.57:053][131]LogModuleManager: Shutting down and abandoning module TargetDeviceServices (507)
[2020.11.21-18.26.57:097][131]LogModuleManager: Shutting down and abandoning module AutomationController (504)
[2020.11.21-18.26.57:097][131]LogModuleManager: Shutting down and abandoning module AutomationWindow (502)
[2020.11.21-18.26.57:097][131]LogModuleManager: Shutting down and abandoning module Layers (500)
[2020.11.21-18.26.57:097][131]LogModuleManager: Shutting down and abandoning module ComponentVisualizers (498)
[2020.11.21-18.26.57:097][131]LogModuleManager: Shutting down and abandoning module DetailCustomizations (496)
[2020.11.21-18.26.57:097][131]LogModuleManager: Shutting down and abandoning module PackagesDialog (494)
[2020.11.21-18.26.57:097][131]LogModuleManager: Shutting down and abandoning module AnimationBlueprintEditor (492)
[2020.11.21-18.26.57:097][131]LogModuleManager: Shutting down and abandoning module Persona (490)
[2020.11.21-18.26.57:097][131]LogModuleManager: Shutting down and abandoning module AdvancedPreviewScene (489)
[2020.11.21-18.26.57:097][131]LogModuleManager: Shutting down and abandoning module AnimGraph (487)
[2020.11.21-18.26.57:097][131]LogModuleManager: Shutting down and abandoning module Kismet (484)
[2020.11.21-18.26.57:098][131]LogModuleManager: Shutting down and abandoning module KismetWidgets (483)
[2020.11.21-18.26.57:098][131]LogModuleManager: Shutting down and abandoning module GraphEditor (480)
[2020.11.21-18.26.57:098][131]LogModuleManager: Shutting down and abandoning module StructViewer (478)
[2020.11.21-18.26.57:098][131]LogModuleManager: Shutting down and abandoning module ClassViewer (476)
[2020.11.21-18.26.57:098][131]LogModuleManager: Shutting down and abandoning module Toolbox (474)
[2020.11.21-18.26.57:098][131]LogModuleManager: Shutting down and abandoning module DesktopPlatform (473)
[2020.11.21-18.26.57:098][131]LogModuleManager: Shutting down and abandoning module ModuleUI (470)
[2020.11.21-18.26.57:098][131]LogModuleManager: Shutting down and abandoning module MovieSceneTools (468)
[2020.11.21-18.26.57:098][131]LogModuleManager: Shutting down and abandoning module OutputLog (466)
[2020.11.21-18.26.57:098][131]LogModuleManager: Shutting down and abandoning module GammaUI (464)
[2020.11.21-18.26.57:098][131]LogModuleManager: Shutting down and abandoning module Documentation (462)
[2020.11.21-18.26.57:098][131]LogModuleManager: Shutting down and abandoning module LiveCoding (460)
[2020.11.21-18.26.57:098][131]LogModuleManager: Shutting down and abandoning module LevelSequence (458)
[2020.11.21-18.26.57:099][131]LogModuleManager: Shutting down and abandoning module MovieSceneTracks (456)
[2020.11.21-18.26.57:099][131]LogModuleManager: Shutting down and abandoning module MovieScene (454)
[2020.11.21-18.26.57:099][131]LogModuleManager: Shutting down and abandoning module StreamingPauseRendering (452)
[2020.11.21-18.26.57:099][131]LogModuleManager: Shutting down and abandoning module LauncherPlatform (450)
[2020.11.21-18.26.57:099][131]LogModuleManager: Shutting down and abandoning module AnalyticsET (448)
[2020.11.21-18.26.57:099][131]LogModuleManager: Shutting down and abandoning module PortalServices (446)
[2020.11.21-18.26.57:099][131]LogModuleManager: Shutting down and abandoning module PortalRpc (444)
[2020.11.21-18.26.57:099][131]LogModuleManager: Shutting down and abandoning module MessagingRpc (442)
[2020.11.21-18.26.57:099][131]LogModuleManager: Shutting down and abandoning module AIModule (440)
[2020.11.21-18.26.57:099][131]LogModuleManager: Shutting down and abandoning module GameplayDebugger (439)
[2020.11.21-18.26.57:099][131]LogModuleManager: Shutting down and abandoning module AITestSuite (437)
[2020.11.21-18.26.57:099][131]LogModuleManager: Shutting down and abandoning module NavigationSystem (435)
[2020.11.21-18.26.57:099][131]LogModuleManager: Shutting down and abandoning module ImageWriteQueue (432)
[2020.11.21-18.26.57:104][131]LogModuleManager: Shutting down and abandoning module ProfilerService (430)
[2020.11.21-18.26.57:238][131]LogModuleManager: Shutting down and abandoning module TaskGraph (428)
[2020.11.21-18.26.57:238][131]LogModuleManager: Shutting down and abandoning module PickupPlugin (426)
[2020.11.21-18.26.57:238][131]LogModuleManager: Shutting down and abandoning module ScreenshotTools (424)
[2020.11.21-18.26.57:238][131]LogModuleManager: Shutting down and abandoning module SteamVRController (422)
[2020.11.21-18.26.57:238][131]LogModuleManager: Shutting down and abandoning module ProceduralMeshComponentEditor (420)
[2020.11.21-18.26.57:238][131]LogModuleManager: Shutting down and abandoning module ProceduralMeshComponent (418)
[2020.11.21-18.26.57:238][131]LogModuleManager: Shutting down and abandoning module OculusEditor (416)
[2020.11.21-18.26.57:238][131]LogModuleManager: Shutting down and abandoning module OculusInput (414)
[2020.11.21-18.26.57:238][131]LogModuleManager: Shutting down and abandoning module MobilePatchingUtils (412)
[2020.11.21-18.26.57:238][131]LogModuleManager: Shutting down and abandoning module EditableMesh (410)
[2020.11.21-18.26.57:238][131]LogModuleManager: Shutting down and abandoning module CustomMeshComponent (408)
[2020.11.21-18.26.57:238][131]LogModuleManager: Shutting down and abandoning module CableComponent (406)
[2020.11.21-18.26.57:239][131]LogModuleManager: Shutting down and abandoning module AudioCapture (404)
[2020.11.21-18.26.57:239][131]LogModuleManager: Shutting down and abandoning module ArchVisCharacter (402)
[2020.11.21-18.26.57:239][131]LogModuleManager: Shutting down and abandoning module AppleImageUtilsBlueprintSupport (400)
[2020.11.21-18.26.57:239][131]LogModuleManager: Shutting down and abandoning module AppleImageUtils (398)
[2020.11.21-18.26.57:239][131]LogModuleManager: Shutting down and abandoning module AndroidPermission (396)
[2020.11.21-18.26.57:239][131]LogModuleManager: Shutting down and abandoning module NUTUnrealEngine4 (394)
[2020.11.21-18.26.57:239][131]LogModuleManager: Shutting down and abandoning module NetcodeUnitTest (392)
[2020.11.21-18.26.57:239][131]LogModuleManager: Shutting down and abandoning module MediaCompositing (390)
[2020.11.21-18.26.57:239][131]LogModuleManager: Shutting down and abandoning module ImgMedia (388)
[2020.11.21-18.26.57:239][131]LogModuleManager: Shutting down and abandoning module MagicLeapHelperVulkan (386)
[2020.11.21-18.26.57:239][131]LogModuleManager: Shutting down and abandoning module MagicLeapHelperOpenGL (384)
[2020.11.21-18.26.57:239][131]LogModuleManager: Shutting down and abandoning module MagicLeapAudio (382)
[2020.11.21-18.26.57:239][131]LogModuleManager: Shutting down and abandoning module HTML5Networking (380)
[2020.11.21-18.26.57:239][131]LogModuleManager: Shutting down and abandoning module GeometryCacheTracks (378)
[2020.11.21-18.26.57:239][131]LogModuleManager: Shutting down and abandoning module GeometryCacheSequencer (376)
[2020.11.21-18.26.57:239][131]LogModuleManager: Shutting down and abandoning module BackChannel (374)
[2020.11.21-18.26.57:239][131]LogModuleManager: Shutting down and abandoning module AutomationUtilsEditor (372)
[2020.11.21-18.26.57:239][131]LogModuleManager: Shutting down and abandoning module AutomationUtils (370)
[2020.11.21-18.26.57:239][131]LogModuleManager: Shutting down and abandoning module AlembicImporter (368)
[2020.11.21-18.26.57:239][131]LogModuleManager: Shutting down and abandoning module AlembicLibrary (367)
[2020.11.21-18.26.57:239][131]LogModuleManager: Shutting down and abandoning module GeometryCache (366)
[2020.11.21-18.26.57:239][131]LogModuleManager: Shutting down and abandoning module GeometryCacheEd (365)
[2020.11.21-18.26.57:239][131]LogModuleManager: Shutting down and abandoning module VariantManagerContent (360)
[2020.11.21-18.26.57:240][131]LogModuleManager: Shutting down and abandoning module DatasmithContentEditor (358)
[2020.11.21-18.26.57:240][131]LogModuleManager: Shutting down and abandoning module SpeedTreeImporter (356)
[2020.11.21-18.26.57:240][131]LogModuleManager: Shutting down and abandoning module PluginBrowser (354)
[2020.11.21-18.26.57:240][131]LogModuleManager: Shutting down and abandoning module MobileLauncherProfileWizard (352)
[2020.11.21-18.26.57:240][131]LogModuleManager: Shutting down and abandoning module MaterialAnalyzer (350)
[2020.11.21-18.26.57:240][131]LogModuleManager: Shutting down and abandoning module CurveEditorTools (348)
[2020.11.21-18.26.57:240][131]LogModuleManager: Shutting down and abandoning module CurveEditor (347)
[2020.11.21-18.26.57:240][131]LogModuleManager: Shutting down and abandoning module CryptoKeysOpenSSL (344)
[2020.11.21-18.26.57:240][131]LogModuleManager: Shutting down and abandoning module CryptoKeys (342)
[2020.11.21-18.26.57:240][131]LogModuleManager: Shutting down and abandoning module VisualStudioSourceCodeAccess (340)
[2020.11.21-18.26.57:240][131]LogModuleManager: Shutting down and abandoning module VisualStudioCodeSourceCodeAccess (338)
[2020.11.21-18.26.57:240][131]LogModuleManager: Shutting down and abandoning module UObjectPlugin (336)
[2020.11.21-18.26.57:240][131]LogModuleManager: Shutting down and abandoning module SubversionSourceControl (334)
[2020.11.21-18.26.57:240][131]LogModuleManager: Shutting down and abandoning module PerforceSourceControl (332)
[2020.11.21-18.26.57:240][131]LogModuleManager: Shutting down and abandoning module GitSourceControl (330)
[2020.11.21-18.26.57:240][131]LogModuleManager: Shutting down and abandoning module SourceControl (329)
[2020.11.21-18.26.57:240][131]LogModuleManager: Shutting down and abandoning module CLionSourceCodeAccess (326)
[2020.11.21-18.26.57:240][131]LogModuleManager: Shutting down and abandoning module AnimationSharingEd (324)
[2020.11.21-18.26.57:240][131]LogModuleManager: Shutting down and abandoning module ActorLayerUtilitiesEditor (322)
[2020.11.21-18.26.57:240][131]LogModuleManager: Shutting down and abandoning module ActorLayerUtilities (320)
[2020.11.21-18.26.57:240][131]LogModuleManager: Shutting down and abandoning module LightPropagationVolumeEditor (318)
[2020.11.21-18.26.57:241][131]LogModuleManager: Shutting down and abandoning module PaperTiledImporter (316)
[2020.11.21-18.26.57:241][131]LogModuleManager: Shutting down and abandoning module PaperSpriteSheetImporter (314)
[2020.11.21-18.26.57:241][131]LogModuleManager: Shutting down and abandoning module Paper2DEditor (312)
[2020.11.21-18.26.57:241][131]LogModuleManager: Shutting down and abandoning module UnrealPluginDemo (310)
[2020.11.21-18.26.57:241][131]LogModuleManager: Shutting down and abandoning module SignificanceManager (308)
[2020.11.21-18.26.57:241][131]LogModuleManager: Shutting down and abandoning module RuntimePhysXCooking (306)
[2020.11.21-18.26.57:241][131]LogModuleManager: Shutting down and abandoning module PhysXVehiclesEditor (304)
[2020.11.21-18.26.57:241][131]LogModuleManager: Shutting down and abandoning module LocationServicesBPLibrary (300)
[2020.11.21-18.26.57:241][131]LogModuleManager: Shutting down and abandoning module ActorSequence (298)
[2020.11.21-18.26.57:241][131]LogModuleManager: Shutting down and abandoning module UdpMessaging (296)
[2020.11.21-18.26.57:342][131]LogModuleManager: Shutting down and abandoning module TcpMessaging (294)
[2020.11.21-18.26.57:443][131]LogModuleManager: Shutting down and abandoning module MagicLeapIdentity (292)
[2020.11.21-18.26.57:443][131]LogModuleManager: Shutting down and abandoning module MagicLeapSecureStorage (290)
[2020.11.21-18.26.57:443][131]LogModuleManager: Shutting down and abandoning module MagicLeapHandTracking (288)
[2020.11.21-18.26.57:443][131]LogModuleManager: Shutting down and abandoning module MagicLeapEyeTracker (286)
[2020.11.21-18.26.57:443][131]LogModuleManager: Shutting down and abandoning module MagicLeapController (284)
[2020.11.21-18.26.57:443][131]LogSlate: Slate User Destroyed.  User Index 0, Is Virtual User: 0
[2020.11.21-18.26.57:443][131]LogModuleManager: Shutting down and abandoning module MagicLeapAR (282)
[2020.11.21-18.26.57:443][131]LogModuleManager: Shutting down and abandoning module AugmentedReality (281)
[2020.11.21-18.26.57:443][131]LogModuleManager: Shutting down and abandoning module GameplayTagsEditor (278)
[2020.11.21-18.26.57:443][131]LogModuleManager: Shutting down and abandoning module FacialAnimationEditor (276)
[2020.11.21-18.26.57:443][131]LogModuleManager: Shutting down and abandoning module FacialAnimation (274)
[2020.11.21-18.26.57:443][131]LogModuleManager: Shutting down and abandoning module DataValidation (272)
[2020.11.21-18.26.57:443][131]LogModuleManager: Shutting down and abandoning module AssetManagerEditor (270)
[2020.11.21-18.26.57:443][131]LogModuleManager: Shutting down and abandoning module LevelEditor (269)
[2020.11.21-18.26.57:444][131]LogModuleManager: Shutting down and abandoning module PixelInspectorModule (268)
[2020.11.21-18.26.57:444][131]LogModuleManager: Shutting down and abandoning module CommonMenuExtensions (266)
[2020.11.21-18.26.57:444][131]LogModuleManager: Shutting down and abandoning module MainFrame (264)
[2020.11.21-18.26.57:444][131]LogModuleManager: Shutting down and abandoning module HotReload (263)
[2020.11.21-18.26.57:445][131]LogModuleManager: Shutting down and abandoning module ContentBrowser (259)
[2020.11.21-18.26.57:445][131]LogModuleManager: Shutting down and abandoning module TreeMap (257)
[2020.11.21-18.26.57:445][131]LogModuleManager: Shutting down and abandoning module AnimationSharing (254)
[2020.11.21-18.26.57:445][131]LogModuleManager: Shutting down and abandoning module LightPropagationVolumeRuntime (252)
[2020.11.21-18.26.57:446][131]LogModuleManager: Shutting down and abandoning module Paper2D (250)
[2020.11.21-18.26.57:446][131]LogModuleManager: Shutting down and abandoning module WindowsMoviePlayer (248)
[2020.11.21-18.26.57:447][131]LogModuleManager: Shutting down and abandoning module WebMMoviePlayer (246)
[2020.11.21-18.26.57:448][131]LogModuleManager: Shutting down and abandoning module NetworkReplayStreaming (244)
[2020.11.21-18.26.57:448][131]LogModuleManager: Shutting down and abandoning module PacketHandler (242)
[2020.11.21-18.26.57:448][131]LogModuleManager: Shutting down and abandoning module ClothingSystemEditor (240)
[2020.11.21-18.26.57:448][131]LogModuleManager: Shutting down and abandoning module ClothingSystemRuntime (238)
[2020.11.21-18.26.57:448][131]LogModuleManager: Shutting down and abandoning module MediaAssets (236)
[2020.11.21-18.26.57:448][131]LogModuleManager: Shutting down and abandoning module Overlay (234)
[2020.11.21-18.26.57:448][131]LogModuleManager: Shutting down and abandoning module OverlayEditor (233)
[2020.11.21-18.26.57:448][131]LogModuleManager: Shutting down and abandoning module VREditor (230)
[2020.11.21-18.26.57:448][131]LogModuleManager: Shutting down and abandoning module StringTableEditor (228)
[2020.11.21-18.26.57:448][131]LogModuleManager: Shutting down and abandoning module GameplayTasksEditor (226)
[2020.11.21-18.26.57:448][131]LogModuleManager: Shutting down and abandoning module BehaviorTreeEditor (224)
[2020.11.21-18.26.57:448][131]LogModuleManager: Shutting down and abandoning module FunctionalTesting (222)
[2020.11.21-18.26.57:448][131]LogModuleManager: Shutting down and abandoning module CollisionAnalyzer (220)
[2020.11.21-18.26.57:448][131]LogModuleManager: Shutting down and abandoning module WorkspaceMenuStructure (219)
[2020.11.21-18.26.57:448][131]LogModuleManager: Shutting down and abandoning module UMG (216)
[2020.11.21-18.26.57:448][131]LogModuleManager: Shutting down and abandoning module UMGEditor (215)
[2020.11.21-18.26.57:448][131]LogModuleManager: Shutting down and abandoning module Sequencer (214)
[2020.11.21-18.26.57:448][131]LogModuleManager: Shutting down and abandoning module MessageLog (211)
[2020.11.21-18.26.57:448][131]LogModuleManager: Shutting down and abandoning module SlateReflector (206)
[2020.11.21-18.26.57:448][131]LogModuleManager: Shutting down and abandoning module Slate (204)
[2020.11.21-18.26.57:448][131]LogModuleManager: Shutting down and abandoning module LandscapeEditorUtilities (202)
[2020.11.21-18.26.57:449][131]LogModuleManager: Shutting down and abandoning module EditorStyle (200)
[2020.11.21-18.26.57:449][131]LogModuleManager: Shutting down and abandoning module UnrealEd (198)
[2020.11.21-18.26.57:449][131]LogModuleManager: Shutting down and abandoning module MRMesh (196)
[2020.11.21-18.26.57:449][131]LogModuleManager: Shutting down and abandoning module SourceCodeAccess (194)
[2020.11.21-18.26.57:450][131]LogModuleManager: Shutting down and abandoning module HeadMountedDisplay (192)
[2020.11.21-18.26.57:450][131]LogModuleManager: Shutting down and abandoning module XAudio2 (190)
[2020.11.21-18.26.57:450][131]LogModuleManager: Shutting down and abandoning module Networking (188)
[2020.11.21-18.26.57:450][131]LogModuleManager: Shutting down and abandoning module Core (186)
[2020.11.21-18.26.57:450][131]LogModuleManager: Shutting down and abandoning module KismetCompiler (184)
[2020.11.21-18.26.57:450][131]LogModuleManager: Shutting down and abandoning module MeshUtilities (182)
[2020.11.21-18.26.57:450][131]LogModuleManager: Shutting down and abandoning module MeshMergeUtilities (181)
[2020.11.21-18.26.57:450][131]LogModuleManager: Shutting down and abandoning module MeshReductionInterface (180)
[2020.11.21-18.26.57:450][131]LogModuleManager: Shutting down and abandoning module SkeletalMeshReduction (179)
[2020.11.21-18.26.57:450][131]LogModuleManager: Shutting down and abandoning module ProxyLODMeshReduction (177)
[2020.11.21-18.26.57:450][131]LogModuleManager: Shutting down and abandoning module QuadricMeshReduction (175)
[2020.11.21-18.26.57:450][131]LogModuleManager: Shutting down and abandoning module MaterialBaking (171)
[2020.11.21-18.26.57:450][131]LogModuleManager: Shutting down and abandoning module NullInstallBundleManager (166)
[2020.11.21-18.26.57:450][131]LogModuleManager: Shutting down and abandoning module DerivedDataCache (164)
[2020.11.21-18.26.57:527][131]LogDerivedDataCache: Shutdown
[2020.11.21-18.26.57:527][131]LogModuleManager: Shutting down and abandoning module XGEController (162)
[2020.11.21-18.26.57:527][131]LogXGEController: Cleaning working directory: C:/Users/RuthlessLua/AppData/Local/Temp/UnrealXGEWorkingDir/
[2020.11.21-18.26.57:527][131]LogModuleManager: Shutting down and abandoning module TargetPlatform (160)
[2020.11.21-18.26.57:527][131]LogModuleManager: Shutting down and abandoning module VulkanShaderFormat (159)
[2020.11.21-18.26.57:527][131]LogModuleManager: Shutting down and abandoning module ShaderFormatVectorVM (157)
[2020.11.21-18.26.57:527][131]LogModuleManager: Shutting down and abandoning module ShaderFormatOpenGL (155)
[2020.11.21-18.26.57:527][131]LogModuleManager: Shutting down and abandoning module ShaderFormatD3D (153)
[2020.11.21-18.26.57:527][131]LogModuleManager: Shutting down and abandoning module MetalShaderFormat (151)
[2020.11.21-18.26.57:527][131]LogModuleManager: Shutting down and abandoning module TextureFormatUncompressed (149)
[2020.11.21-18.26.57:527][131]LogModuleManager: Shutting down and abandoning module TextureFormatPVR (147)
[2020.11.21-18.26.57:528][131]LogModuleManager: Shutting down and abandoning module TextureFormatDXT (145)
[2020.11.21-18.26.57:528][131]LogModuleManager: Shutting down and abandoning module TextureFormatIntelISPCTexComp (143)
[2020.11.21-18.26.57:528][131]LogModuleManager: Shutting down and abandoning module TextureFormatASTC (141)
[2020.11.21-18.26.57:528][131]LogModuleManager: Shutting down and abandoning module ImageWrapper (140)
[2020.11.21-18.26.57:528][131]LogModuleManager: Shutting down and abandoning module TextureFormatAndroid (137)
[2020.11.21-18.26.57:528][131]LogModuleManager: Shutting down and abandoning module AudioFormatOpus (135)
[2020.11.21-18.26.57:528][131]LogModuleManager: Shutting down and abandoning module AudioFormatOgg (133)
[2020.11.21-18.26.57:528][131]LogModuleManager: Shutting down and abandoning module AudioFormatADPCM (131)
[2020.11.21-18.26.57:528][131]LogModuleManager: Shutting down and abandoning module LuminTargetPlatform (129)
[2020.11.21-18.26.57:529][131]LogModuleManager: Shutting down and abandoning module LinuxTargetPlatform (127)
[2020.11.21-18.26.57:529][131]LogModuleManager: Shutting down and abandoning module LinuxServerTargetPlatform (125)
[2020.11.21-18.26.57:529][131]LogModuleManager: Shutting down and abandoning module LinuxNoEditorTargetPlatform (123)
[2020.11.21-18.26.57:529][131]LogModuleManager: Shutting down and abandoning module LinuxClientTargetPlatform (121)
[2020.11.21-18.26.57:529][131]LogModuleManager: Shutting down and abandoning module TVOSTargetPlatform (119)
[2020.11.21-18.26.57:530][131]LogModuleManager: Shutting down and abandoning module Messaging (117)
[2020.11.21-18.26.57:530][131]LogModuleManager: Shutting down and abandoning module IOSTargetPlatform (115)
[2020.11.21-18.26.57:530][131]LogModuleManager: Shutting down and abandoning module HTML5TargetPlatform (113)
[2020.11.21-18.26.57:531][131]LogModuleManager: Shutting down and abandoning module AndroidTargetPlatform (111)
[2020.11.21-18.26.57:536][131]LogModuleManager: Shutting down and abandoning module WindowsTargetPlatform (109)
[2020.11.21-18.26.57:536][131]LogModuleManager: Shutting down and abandoning module WindowsServerTargetPlatform (107)
[2020.11.21-18.26.57:536][131]LogModuleManager: Shutting down and abandoning module WindowsNoEditorTargetPlatform (105)
[2020.11.21-18.26.57:536][131]LogModuleManager: Shutting down and abandoning module WindowsClientTargetPlatform (103)
[2020.11.21-18.26.57:536][131]LogModuleManager: Shutting down and abandoning module MacTargetPlatform (101)
[2020.11.21-18.26.57:536][131]LogModuleManager: Shutting down and abandoning module MacServerTargetPlatform (99)
[2020.11.21-18.26.57:537][131]LogModuleManager: Shutting down and abandoning module MacNoEditorTargetPlatform (97)
[2020.11.21-18.26.57:537][131]LogModuleManager: Shutting down and abandoning module MacClientTargetPlatform (95)
[2020.11.21-18.26.57:537][131]LogModuleManager: Shutting down and abandoning module AllDesktopTargetPlatform (93)
[2020.11.21-18.26.57:537][131]LogModuleManager: Shutting down and abandoning module InputCore (90)
[2020.11.21-18.26.57:537][131]LogModuleManager: Shutting down and abandoning module Settings (88)
[2020.11.21-18.26.57:537][131]LogModuleManager: Shutting down and abandoning module DirectoryWatcher (86)
[2020.11.21-18.26.57:537][131]LogModuleManager: Shutting down and abandoning module PhysXCooking (84)
[2020.11.21-18.26.57:537][131]LogModuleManager: Shutting down and abandoning module WindowsPlatformFeatures (82)
[2020.11.21-18.26.57:537][131]LogModuleManager: Shutting down and abandoning module GameplayMediaEncoder (81)
[2020.11.21-18.26.57:537][131]LogModuleManager: Shutting down and abandoning module SteamVR (78)
[2020.11.21-18.26.57:537][131]LogHMD: Freeing OpenVRDLLHandle.
[2020.11.21-18.26.57:537][131]LogModuleManager: Shutting down and abandoning module OculusHMD (76)
[2020.11.21-18.26.57:537][131]LogModuleManager: Shutting down and abandoning module ExampleDeviceProfileSelector (74)
[2020.11.21-18.26.57:537][131]LogModuleManager: Shutting down and abandoning module LauncherChunkInstaller (72)
[2020.11.21-18.26.57:537][131]LogModuleManager: Shutting down and abandoning module OnlineBlueprintSupport (70)
[2020.11.21-18.26.57:537][131]LogModuleManager: Shutting down and abandoning module OnlineSubsystem (66)
[2020.11.21-18.26.57:539][131]LogModuleManager: Shutting down and abandoning module XMPP (61)
[2020.11.21-18.26.57:539][131]LogModuleManager: Shutting down and abandoning module WebSockets (60)
[2020.11.21-18.26.57:567][131]LogModuleManager: Shutting down and abandoning module HTTP (57)
[2020.11.21-18.26.57:567][131]LogHttp: Display: Http module shutting down, but needs to wait on 1 outstanding Http requests:
[2020.11.21-18.26.57:568][131]LogHttp: Display: 	verb=[POST] url=[https://datarouter.ol.epicgames.com/datarouter/api/v1/public/data?SessionID=%7B4EA8D3BB-442A-9AE1-81B9-22A3E78DD40B%7D&AppID=UEEditor.Rocket.Release&AppVersion=4.23.1-9631420%2B%2B%2BUE4%2BRelease-4.23&UserID=fd221f214fda6a2187f582a0e25f57d1%7Ca184af92e3b74638b5a509fae5570a26%7Ce9233599-07e5-41d0-b328-98a17a35c395&AppEnvironment=datacollector-binary&UploadType=eteventstream] status=Processing
[2020.11.21-18.26.57:596][131]LogModuleManager: Shutting down and abandoning module SSL (56)
[2020.11.21-18.26.57:597][131]LogModuleManager: Shutting down and abandoning module WmfMedia (52)
[2020.11.21-18.26.57:598][131]LogModuleManager: Shutting down and abandoning module Media (51)
[2020.11.21-18.26.57:599][131]LogModuleManager: Shutting down and abandoning module MagicLeap (48)
[2020.11.21-18.26.57:599][131]LogModuleManager: Shutting down and abandoning module DatasmithContent (46)
[2020.11.21-18.26.57:600][131]LogModuleManager: Shutting down and abandoning module AISupportModule (44)
[2020.11.21-18.26.57:600][131]LogModuleManager: Shutting down and abandoning module PlatformCryptoOpenSSL (42)
[2020.11.21-18.26.57:600][131]LogModuleManager: Shutting down and abandoning module PlatformCrypto (40)
[2020.11.21-18.26.57:600][131]LogModuleManager: Shutting down and abandoning module AnimationModifiers (38)
[2020.11.21-18.26.57:600][131]LogModuleManager: Shutting down and abandoning module PropertyEditor (37)
[2020.11.21-18.26.57:600][131]LogModuleManager: Shutting down and abandoning module AudioEditor (34)
[2020.11.21-18.26.57:601][131]LogModuleManager: Shutting down and abandoning module TextureCompressor (32)
[2020.11.21-18.26.57:601][131]LogModuleManager: Shutting down and abandoning module RenderCore (30)
[2020.11.21-18.26.57:601][131]LogModuleManager: Shutting down and abandoning module Landscape (28)
[2020.11.21-18.26.57:601][131]LogModuleManager: Shutting down and abandoning module SlateRHIRenderer (26)
[2020.11.21-18.26.57:602][131]LogModuleManager: Shutting down and abandoning module OpenGLDrv (24)
[2020.11.21-18.26.57:602][131]LogModuleManager: Shutting down and abandoning module D3D11RHI (22)
[2020.11.21-18.26.57:602][131]LogModuleManager: Shutting down and abandoning module AnimGraphRuntime (20)
[2020.11.21-18.26.57:602][131]LogModuleManager: Shutting down and abandoning module Renderer (18)
[2020.11.21-18.26.57:602][131]LogModuleManager: Shutting down and abandoning module Engine (16)
[2020.11.21-18.26.57:602][131]LogModuleManager: Shutting down and abandoning module CoreUObject (14)
[2020.11.21-18.26.57:602][131]LogModuleManager: Shutting down and abandoning module NetworkFile (12)
[2020.11.21-18.26.57:602][131]LogModuleManager: Shutting down and abandoning module CookedIterativeFile (10)
[2020.11.21-18.26.57:602][131]LogModuleManager: Shutting down and abandoning module StreamingFile (8)
[2020.11.21-18.26.57:603][131]LogModuleManager: Shutting down and abandoning module SandboxFile (6)
[2020.11.21-18.26.57:603][131]LogModuleManager: Shutting down and abandoning module PakFile (4)
[2020.11.21-18.26.57:603][131]LogModuleManager: Shutting down and abandoning module RSA (3)
[2020.11.21-18.26.57:603][131]LogD3D11RHI: Shutdown
[2020.11.21-18.26.57:603][131]LogD3D11RHI: CleanupD3DDevice
[2020.11.21-18.26.57:603][131]LogRendererCore: FGlobalDynamicReadBuffer::Cleanup()
[2020.11.21-18.26.57:603][131]LogRendererCore: FGlobalDynamicReadBuffer::Cleanup()
[2020.11.21-18.26.57:603][131]LogRendererCore: FGlobalDynamicReadBuffer::Cleanup()
[2020.11.21-18.26.57:655][131]LogD3D11RHI: ~FD3D11DynamicRHI
[2020.11.21-18.26.57:677][131]LogExit: Exiting.
[2020.11.21-18.26.57:692][131]Log file closed, 11/21/20 13:26:57
