Log file open, 11/21/20 13:19:14
LogWindows: Failed to load 'aqProf.dll' (GetLastError=126)
LogWindows: File 'aqProf.dll' does not exist
LogWindows: Failed to load 'VtuneApi.dll' (GetLastError=126)
LogWindows: File 'VtuneApi.dll' does not exist
LogWindows: Failed to load 'VtuneApi32e.dll' (GetLastError=126)
LogWindows: File 'VtuneApi32e.dll' does not exist
LogConsoleResponse: Display: Failed to find resolution value strings in scalability ini. Falling back to default.
LogInit: Display: Running engine for game: UnrealPluginDemo
LogPlatformFile: Not using cached read wrapper
LogTaskGraph: Started task graph with 5 named threads and 35 total threads with 3 sets of task threads.
LogStats: Stats thread started at 0.139233
LogD3D11RHI: Loaded GFSDK_Aftermath_Lib.x64.dll
LogICUInternationalization: ICU TimeZone Detection - Raw Offset: -5:00, Platform Override: ''
LogPluginManager: Mounting plugin Paper2D
LogPluginManager: Mounting plugin AISupport
LogPluginManager: Mounting plugin LightPropagationVolume
LogPluginManager: Mounting plugin ActorLayerUtilities
LogPluginManager: Mounting plugin AnimationSharing
LogPluginManager: Mounting plugin CLionSourceCodeAccess
LogPluginManager: Mounting plugin CodeLiteSourceCodeAccess
LogPluginManager: Mounting plugin GitSourceControl
LogPluginManager: Mounting plugin KDevelopSourceCodeAccess
LogPluginManager: Mounting plugin NullSourceCodeAccess
LogPluginManager: Mounting plugin PerforceSourceControl
LogPluginManager: Mounting plugin SubversionSourceControl
LogPluginManager: Mounting plugin UObjectPlugin
LogPluginManager: Mounting plugin VisualStudioCodeSourceCodeAccess
LogPluginManager: Mounting plugin VisualStudioSourceCodeAccess
LogPluginManager: Mounting plugin XCodeSourceCodeAccess
LogPluginManager: Mounting plugin AssetManagerEditor
LogPluginManager: Mounting plugin CryptoKeys
LogPluginManager: Mounting plugin CurveEditorTools
LogPluginManager: Mounting plugin DataValidation
LogPluginManager: Mounting plugin FacialAnimation
LogPluginManager: Mounting plugin GameplayTagsEditor
LogPluginManager: Mounting plugin MacGraphicsSwitching
LogPluginManager: Mounting plugin MaterialAnalyzer
LogPluginManager: Mounting plugin MobileLauncherProfileWizard
LogPluginManager: Mounting plugin PluginBrowser
LogPluginManager: Mounting plugin SpeedTreeImporter
LogPluginManager: Mounting plugin DatasmithContent
LogPluginManager: Mounting plugin VariantManagerContent
LogPluginManager: Mounting plugin AlembicImporter
LogPluginManager: Mounting plugin AutomationUtils
LogPluginManager: Mounting plugin BackChannel
LogPluginManager: Mounting plugin CharacterAI
LogPluginManager: Mounting plugin GeometryCache
LogPluginManager: Mounting plugin HTML5Networking
LogPluginManager: Mounting plugin PlatformCrypto
LogPluginManager: Mounting plugin ProxyLODPlugin
LogPluginManager: Mounting plugin SkeletalReduction
LogPluginManager: Mounting plugin MagicLeap
LogPluginManager: Mounting plugin MagicLeapMedia
LogPluginManager: Mounting plugin AndroidMedia
LogPluginManager: Mounting plugin AvfMedia
LogPluginManager: Mounting plugin ImgMedia
LogPluginManager: Mounting plugin MediaCompositing
LogPluginManager: Mounting plugin MediaPlayerEditor
LogPluginManager: Mounting plugin WebMMedia
LogPluginManager: Mounting plugin WmfMedia
LogPluginManager: Mounting plugin TcpMessaging
LogPluginManager: Mounting plugin UdpMessaging
LogPluginManager: Mounting plugin ActorSequence
LogPluginManager: Mounting plugin LevelSequenceEditor
LogPluginManager: Mounting plugin MatineeToLevelSequence
LogPluginManager: Mounting plugin NetcodeUnitTest
LogPluginManager: Mounting plugin NUTUnrealEngine4
LogPluginManager: Mounting plugin OnlineSubsystemGooglePlay
LogPluginManager: Mounting plugin OnlineSubsystemIOS
LogPluginManager: Mounting plugin OnlineSubsystem
LogPluginManager: Mounting plugin OnlineSubsystemNull
LogPluginManager: Mounting plugin OnlineSubsystemUtils
LogPluginManager: Mounting plugin LauncherChunkInstaller
LogPluginManager: Mounting plugin AndroidDeviceProfileSelector
LogPluginManager: Mounting plugin AndroidMoviePlayer
LogPluginManager: Mounting plugin AndroidPermission
LogPluginManager: Mounting plugin AppleImageUtils
LogPluginManager: Mounting plugin AppleMoviePlayer
LogPluginManager: Mounting plugin ArchVisCharacter
LogPluginManager: Mounting plugin AudioCapture
LogPluginManager: Mounting plugin CableComponent
LogPluginManager: Mounting plugin CustomMeshComponent
LogPluginManager: Mounting plugin EditableMesh
LogPluginManager: Mounting plugin ExampleDeviceProfileSelector
LogPluginManager: Mounting plugin GoogleCloudMessaging
LogPluginManager: Mounting plugin IOSDeviceProfileSelector
LogPluginManager: Mounting plugin LinuxDeviceProfileSelector
LogPluginManager: Mounting plugin LocationServicesBPLibrary
LogPluginManager: Mounting plugin MobilePatchingUtils
LogPluginManager: Mounting plugin OculusVR
LogPluginManager: Mounting plugin PhysXVehicles
LogPluginManager: Mounting plugin ProceduralMeshComponent
LogPluginManager: Mounting plugin RuntimePhysXCooking
LogPluginManager: Mounting plugin SignificanceManager
LogPluginManager: Mounting plugin SteamVR
LogPluginManager: Mounting plugin WebMMoviePlayer
LogPluginManager: Mounting plugin WindowsMoviePlayer
LogPluginManager: Mounting plugin ScreenshotTools
LogPluginManager: Mounting plugin PickupPlugin
LogInit: Using libcurl 7.55.1-DEV
LogInit:  - built for x86_64-pc-win32
LogInit:  - supports SSL with OpenSSL/1.1.1
LogInit:  - supports HTTP deflate (compression) using libz 1.2.8
LogInit:  - other features:
LogInit:      CURL_VERSION_SSL
LogInit:      CURL_VERSION_LIBZ
LogInit:      CURL_VERSION_IPV6
LogInit:      CURL_VERSION_ASYNCHDNS
LogInit:      CURL_VERSION_LARGEFILE
LogInit:      CURL_VERSION_IDN
LogInit:  CurlRequestOptions (configurable via config and command line):
LogInit:  - bVerifyPeer = true  - Libcurl will verify peer certificate
LogInit:  - bUseHttpProxy = false  - Libcurl will NOT use HTTP proxy
LogInit:  - bDontReuseConnections = false  - Libcurl will reuse connections
LogInit:  - MaxHostConnections = 16  - Libcurl will limit the number of connections to a host
LogInit:  - LocalHostAddr = Default
LogInit:  - BufferSize = 65536
LogOnline: OSS: Creating online subsystem instance for: NULL
LogInit: WinSock: version 1.1 (2.2), MaxSocks=32767, MaxUdp=65467
LogInit: Build: ++UE4+Release-4.23-CL-9631420
LogInit: Engine Version: 4.23.1-9631420+++UE4+Release-4.23
LogInit: Compatible Engine Version: 4.23.0-8386587+++UE4+Release-4.23
LogInit: Net CL: 8386587
LogInit: OS: Windows 10 (Release 1909) (), CPU: AMD Ryzen 5 3600 6-Core Processor              , GPU: NVIDIA GeForce RTX 2080
LogInit: Compiled (64-bit): Oct 18 2019 02:07:44
LogInit: Compiled with Visual C++: 19.16.27030.01
LogInit: Build Configuration: Development
LogInit: Branch Name: ++UE4+Release-4.23
LogInit: Command Line:  -skipcompile
LogInit: Base Directory: E:/Epic Games/Games/UE_4.23/Engine/Binaries/Win64/
LogInit: Installed Engine Build: 1
LogDevObjectVersion: Number of dev versions registered: 23
LogDevObjectVersion:   Dev-Blueprints (B0D832E4-1F89-4F0D-ACCF-7EB736FD4AA2): 10
LogDevObjectVersion:   Dev-Build (E1C64328-A22C-4D53-A36C-8E866417BD8C): 0
LogDevObjectVersion:   Dev-Core (375EC13C-06E4-48FB-B500-84F0262A717E): 3
LogDevObjectVersion:   Dev-Editor (E4B068ED-F494-42E9-A231-DA0B2E46BB41): 34
LogDevObjectVersion:   Dev-Framework (CFFC743F-43B0-4480-9391-14DF171D2073): 35
LogDevObjectVersion:   Dev-Mobile (B02B49B5-BB20-44E9-A304-32B752E40360): 2
LogDevObjectVersion:   Dev-Networking (A4E4105C-59A1-49B5-A7C5-40C4547EDFEE): 0
LogDevObjectVersion:   Dev-Online (39C831C9-5AE6-47DC-9A44-9C173E1C8E7C): 0
LogDevObjectVersion:   Dev-Physics (78F01B33-EBEA-4F98-B9B4-84EACCB95AA2): 0
LogDevObjectVersion:   Dev-Platform (6631380F-2D4D-43E0-8009-CF276956A95A): 0
LogDevObjectVersion:   Dev-Rendering (12F88B9F-8875-4AFC-A67C-D90C383ABD29): 31
LogDevObjectVersion:   Dev-Sequencer (7B5AE74C-D270-4C10-A958-57980B212A5A): 11
LogDevObjectVersion:   Dev-VR (D7296918-1DD6-4BDD-9DE2-64A83CC13884): 2
LogDevObjectVersion:   Dev-LoadTimes (C2A15278-BFE7-4AFE-6C17-90FF531DF755): 1
LogDevObjectVersion:   Private-Geometry (6EACA3D4-40EC-4CC1-B786-8BED09428FC5): 3
LogDevObjectVersion:   Dev-AnimPhys (29E575DD-E0A3-4627-9D10-D276232CDCEA): 17
LogDevObjectVersion:   Dev-Anim (AF43A65D-7FD3-4947-9873-3E8ED9C1BB05): 2
LogDevObjectVersion:   Dev-ReflectionCapture (6B266CEC-1EC7-4B8F-A30B-E4D90942FC07): 1
LogDevObjectVersion:   Dev-Automation (0DF73D61-A23F-47EA-B727-89E90C41499A): 1
LogDevObjectVersion:   FortniteMain (601D1886-AC64-4F84-AA16-D3DE0DEAC7D6): 27
LogDevObjectVersion:   Dev-Enterprise (9DFFBCD6-494F-0158-E221-12823C92A888): 6
LogDevObjectVersion:   Dev-Niagara (F2AED0AC-9AFE-416F-8664-AA7FFA26D6FC): 1
LogDevObjectVersion:   Dev-Destruction (174F1F0B-B4C6-45A5-B13F-2EE8D0FB917D): 9
LogInit: Presizing for max 16777216 objects, including 0 objects not considered by GC, pre-allocating 0 bytes for permanent pool.
LogInit: Object subsystem initialized
LogConfig: Setting CVar [[con.DebugEarlyDefault:1]]
LogConfig: Setting CVar [[r.setres:1280x720]]
[2020.11.21-18.19.14:681][  0]LogConfig: Setting CVar [[r.VSync:0]]
[2020.11.21-18.19.14:681][  0]LogConfig: Setting CVar [[r.RHICmdBypass:0]]
[2020.11.21-18.19.14:682][  0]LogConfig: Applying CVar settings from Section [/Script/Engine.RendererSettings] File [C:/Users/RuthlessLua/Documents/Unreal Projects/UnrealPluginDemo/Saved/Config/Windows/Engine.ini]
[2020.11.21-18.19.14:682][  0]LogConfig: Setting CVar [[r.GPUCrashDebugging:0]]
[2020.11.21-18.19.14:682][  0]LogConfig: Setting CVar [[r.DefaultFeature.AutoExposure.ExtendDefaultLuminanceRange:1]]
[2020.11.21-18.19.14:682][  0]LogConfig: Applying CVar settings from Section [/Script/Engine.RendererOverrideSettings] File [C:/Users/RuthlessLua/Documents/Unreal Projects/UnrealPluginDemo/Saved/Config/Windows/Engine.ini]
[2020.11.21-18.19.14:682][  0]LogConfig: Applying CVar settings from Section [/Script/Engine.StreamingSettings] File [C:/Users/RuthlessLua/Documents/Unreal Projects/UnrealPluginDemo/Saved/Config/Windows/Engine.ini]
[2020.11.21-18.19.14:682][  0]LogConfig: Setting CVar [[s.MinBulkDataSizeForAsyncLoading:131072]]
[2020.11.21-18.19.14:682][  0]LogConfig: Setting CVar [[s.AsyncLoadingThreadEnabled:0]]
[2020.11.21-18.19.14:682][  0]LogConfig: Setting CVar [[s.EventDrivenLoaderEnabled:1]]
[2020.11.21-18.19.14:682][  0]LogConfig: Setting CVar [[s.WarnIfTimeLimitExceeded:0]]
[2020.11.21-18.19.14:682][  0]LogConfig: Setting CVar [[s.TimeLimitExceededMultiplier:1.5]]
[2020.11.21-18.19.14:682][  0]LogConfig: Setting CVar [[s.TimeLimitExceededMinTime:0.005]]
[2020.11.21-18.19.14:682][  0]LogConfig: Setting CVar [[s.UseBackgroundLevelStreaming:1]]
[2020.11.21-18.19.14:682][  0]LogConfig: Setting CVar [[s.PriorityAsyncLoadingExtraTime:15.0]]
[2020.11.21-18.19.14:682][  0]LogConfig: Setting CVar [[s.LevelStreamingActorsUpdateTimeLimit:5.0]]
[2020.11.21-18.19.14:682][  0]LogConfig: Setting CVar [[s.PriorityLevelStreamingActorsUpdateExtraTime:5.0]]
[2020.11.21-18.19.14:682][  0]LogConfig: Setting CVar [[s.LevelStreamingComponentsRegistrationGranularity:10]]
[2020.11.21-18.19.14:682][  0]LogConfig: Setting CVar [[s.UnregisterComponentsTimeLimit:1.0]]
[2020.11.21-18.19.14:682][  0]LogConfig: Setting CVar [[s.LevelStreamingComponentsUnregistrationGranularity:5]]
[2020.11.21-18.19.14:682][  0]LogConfig: Applying CVar settings from Section [/Script/Engine.GarbageCollectionSettings] File [C:/Users/RuthlessLua/Documents/Unreal Projects/UnrealPluginDemo/Saved/Config/Windows/Engine.ini]
[2020.11.21-18.19.14:683][  0]LogConfig: Setting CVar [[gc.MaxObjectsNotConsideredByGC:1]]
[2020.11.21-18.19.14:683][  0]LogConfig: Setting CVar [[gc.SizeOfPermanentObjectPool:0]]
[2020.11.21-18.19.14:683][  0]LogConfig: Setting CVar [[gc.FlushStreamingOnGC:0]]
[2020.11.21-18.19.14:683][  0]LogConfig: Setting CVar [[gc.NumRetriesBeforeForcingGC:10]]
[2020.11.21-18.19.14:683][  0]LogConfig: Setting CVar [[gc.AllowParallelGC:1]]
[2020.11.21-18.19.14:683][  0]LogConfig: Setting CVar [[gc.TimeBetweenPurgingPendingKillObjects:61.1]]
[2020.11.21-18.19.14:683][  0]LogConfig: Setting CVar [[gc.MaxObjectsInEditor:16777216]]
[2020.11.21-18.19.14:683][  0]LogConfig: Setting CVar [[gc.IncrementalBeginDestroyEnabled:1]]
[2020.11.21-18.19.14:683][  0]LogConfig: Setting CVar [[gc.CreateGCClusters:1]]
[2020.11.21-18.19.14:683][  0]LogConfig: Setting CVar [[gc.MinGCClusterSize:5]]
[2020.11.21-18.19.14:683][  0]LogConfig: Setting CVar [[gc.ActorClusteringEnabled:0]]
[2020.11.21-18.19.14:683][  0]LogConfig: Setting CVar [[gc.BlueprintClusteringEnabled:0]]
[2020.11.21-18.19.14:683][  0]LogConfig: Setting CVar [[gc.UseDisregardForGCOnDedicatedServers:0]]
[2020.11.21-18.19.14:683][  0]LogConfig: Applying CVar settings from Section [/Script/Engine.NetworkSettings] File [C:/Users/RuthlessLua/Documents/Unreal Projects/UnrealPluginDemo/Saved/Config/Windows/Engine.ini]
[2020.11.21-18.19.14:683][  0]LogConfig: Applying CVar settings from Section [/Script/UnrealEd.CookerSettings] File [C:/Users/RuthlessLua/Documents/Unreal Projects/UnrealPluginDemo/Saved/Config/Windows/Engine.ini]
[2020.11.21-18.19.14:689][  0]LogConfig: Applying CVar settings from Section [ViewDistanceQuality@3] File [C:/Users/RuthlessLua/Documents/Unreal Projects/UnrealPluginDemo/Saved/Config/Windows/Scalability.ini]
[2020.11.21-18.19.14:689][  0]LogConfig: Setting CVar [[r.SkeletalMeshLODBias:0]]
[2020.11.21-18.19.14:689][  0]LogConfig: Setting CVar [[r.ViewDistanceScale:1.0]]
[2020.11.21-18.19.14:689][  0]LogConfig: Applying CVar settings from Section [AntiAliasingQuality@3] File [C:/Users/RuthlessLua/Documents/Unreal Projects/UnrealPluginDemo/Saved/Config/Windows/Scalability.ini]
[2020.11.21-18.19.14:689][  0]LogConfig: Setting CVar [[r.PostProcessAAQuality:4]]
[2020.11.21-18.19.14:689][  0]LogConfig: Applying CVar settings from Section [ShadowQuality@3] File [C:/Users/RuthlessLua/Documents/Unreal Projects/UnrealPluginDemo/Saved/Config/Windows/Scalability.ini]
[2020.11.21-18.19.14:689][  0]LogConfig: Setting CVar [[r.LightFunctionQuality:1]]
[2020.11.21-18.19.14:689][  0]LogConfig: Setting CVar [[r.ShadowQuality:5]]
[2020.11.21-18.19.14:689][  0]LogConfig: Setting CVar [[r.Shadow.CSM.MaxCascades:10]]
[2020.11.21-18.19.14:689][  0]LogConfig: Setting CVar [[r.Shadow.MaxResolution:2048]]
[2020.11.21-18.19.14:689][  0]LogConfig: Setting CVar [[r.Shadow.MaxCSMResolution:2048]]
[2020.11.21-18.19.14:689][  0]LogConfig: Setting CVar [[r.Shadow.RadiusThreshold:0.01]]
[2020.11.21-18.19.14:689][  0]LogConfig: Setting CVar [[r.Shadow.DistanceScale:1.0]]
[2020.11.21-18.19.14:689][  0]LogConfig: Setting CVar [[r.Shadow.CSM.TransitionScale:1.0]]
[2020.11.21-18.19.14:689][  0]LogConfig: Setting CVar [[r.Shadow.PreShadowResolutionFactor:1.0]]
[2020.11.21-18.19.14:689][  0]LogConfig: Setting CVar [[r.DistanceFieldShadowing:1]]
[2020.11.21-18.19.14:689][  0]LogConfig: Setting CVar [[r.DistanceFieldAO:1]]
[2020.11.21-18.19.14:689][  0]LogConfig: Setting CVar [[r.AOQuality:2]]
[2020.11.21-18.19.14:690][  0]LogConfig: Setting CVar [[r.VolumetricFog:1]]
[2020.11.21-18.19.14:690][  0]LogConfig: Setting CVar [[r.VolumetricFog.GridPixelSize:8]]
[2020.11.21-18.19.14:690][  0]LogConfig: Setting CVar [[r.VolumetricFog.GridSizeZ:128]]
[2020.11.21-18.19.14:690][  0]LogConfig: Setting CVar [[r.VolumetricFog.HistoryMissSupersampleCount:4]]
[2020.11.21-18.19.14:690][  0]LogConfig: Setting CVar [[r.LightMaxDrawDistanceScale:1]]
[2020.11.21-18.19.14:690][  0]LogConfig: Setting CVar [[r.CapsuleShadows:1]]
[2020.11.21-18.19.14:690][  0]LogConfig: Applying CVar settings from Section [PostProcessQuality@3] File [C:/Users/RuthlessLua/Documents/Unreal Projects/UnrealPluginDemo/Saved/Config/Windows/Scalability.ini]
[2020.11.21-18.19.14:690][  0]LogConfig: Setting CVar [[r.MotionBlurQuality:4]]
[2020.11.21-18.19.14:690][  0]LogConfig: Setting CVar [[r.AmbientOcclusionMipLevelFactor:0.4]]
[2020.11.21-18.19.14:690][  0]LogConfig: Setting CVar [[r.AmbientOcclusionMaxQuality:100]]
[2020.11.21-18.19.14:690][  0]LogConfig: Setting CVar [[r.AmbientOcclusionLevels:-1]]
[2020.11.21-18.19.14:690][  0]LogConfig: Setting CVar [[r.AmbientOcclusionRadiusScale:1.0]]
[2020.11.21-18.19.14:690][  0]LogConfig: Setting CVar [[r.DepthOfFieldQuality:2]]
[2020.11.21-18.19.14:690][  0]LogConfig: Setting CVar [[r.RenderTargetPoolMin:400]]
[2020.11.21-18.19.14:690][  0]LogConfig: Setting CVar [[r.LensFlareQuality:2]]
[2020.11.21-18.19.14:690][  0]LogConfig: Setting CVar [[r.SceneColorFringeQuality:1]]
[2020.11.21-18.19.14:690][  0]LogConfig: Setting CVar [[r.EyeAdaptationQuality:2]]
[2020.11.21-18.19.14:690][  0]LogConfig: Setting CVar [[r.BloomQuality:5]]
[2020.11.21-18.19.14:690][  0]LogConfig: Setting CVar [[r.FastBlurThreshold:100]]
[2020.11.21-18.19.14:690][  0]LogConfig: Setting CVar [[r.Upscale.Quality:3]]
[2020.11.21-18.19.14:690][  0]LogConfig: Setting CVar [[r.Tonemapper.GrainQuantization:1]]
[2020.11.21-18.19.14:690][  0]LogConfig: Setting CVar [[r.LightShaftQuality:1]]
[2020.11.21-18.19.14:690][  0]LogConfig: Setting CVar [[r.Filter.SizeScale:1]]
[2020.11.21-18.19.14:690][  0]LogConfig: Setting CVar [[r.Tonemapper.Quality:5]]
[2020.11.21-18.19.14:690][  0]LogConfig: Setting CVar [[r.DOF.Gather.AccumulatorQuality:1        ; higher gathering accumulator quality]]
[2020.11.21-18.19.14:690][  0]LogConfig: Setting CVar [[r.DOF.Gather.PostfilterMethod:1          ; Median3x3 postfilering method]]
[2020.11.21-18.19.14:690][  0]LogConfig: Setting CVar [[r.DOF.Gather.EnableBokehSettings:0       ; no bokeh simulation when gathering]]
[2020.11.21-18.19.14:691][  0]LogConfig: Setting CVar [[r.DOF.Gather.RingCount:4                 ; medium number of samples when gathering]]
[2020.11.21-18.19.14:691][  0]LogConfig: Setting CVar [[r.DOF.Scatter.ForegroundCompositing:1    ; additive foreground scattering]]
[2020.11.21-18.19.14:691][  0]LogConfig: Setting CVar [[r.DOF.Scatter.BackgroundCompositing:2    ; additive background scattering]]
[2020.11.21-18.19.14:691][  0]LogConfig: Setting CVar [[r.DOF.Scatter.EnableBokehSettings:1      ; bokeh simulation when scattering]]
[2020.11.21-18.19.14:691][  0]LogConfig: Setting CVar [[r.DOF.Scatter.MaxSpriteRatio:0.1         ; only a maximum of 10% of scattered bokeh]]
[2020.11.21-18.19.14:691][  0]LogConfig: Setting CVar [[r.DOF.Recombine.Quality:1                ; cheap slight out of focus]]
[2020.11.21-18.19.14:691][  0]LogConfig: Setting CVar [[r.DOF.Recombine.EnableBokehSettings:0    ; no bokeh simulation on slight out of focus]]
[2020.11.21-18.19.14:691][  0]LogConfig: Setting CVar [[r.DOF.TemporalAAQuality:1                ; more stable temporal accumulation]]
[2020.11.21-18.19.14:691][  0]LogConfig: Setting CVar [[r.DOF.Kernel.MaxForegroundRadius:0.025]]
[2020.11.21-18.19.14:691][  0]LogConfig: Setting CVar [[r.DOF.Kernel.MaxBackgroundRadius:0.025]]
[2020.11.21-18.19.14:691][  0]LogConfig: Applying CVar settings from Section [TextureQuality@3] File [C:/Users/RuthlessLua/Documents/Unreal Projects/UnrealPluginDemo/Saved/Config/Windows/Scalability.ini]
[2020.11.21-18.19.14:691][  0]LogConfig: Setting CVar [[r.Streaming.MipBias:0]]
[2020.11.21-18.19.14:691][  0]LogConfig: Setting CVar [[r.Streaming.AmortizeCPUToGPUCopy:0]]
[2020.11.21-18.19.14:691][  0]LogConfig: Setting CVar [[r.Streaming.MaxNumTexturesToStreamPerFrame:0]]
[2020.11.21-18.19.14:691][  0]LogConfig: Setting CVar [[r.Streaming.Boost:1]]
[2020.11.21-18.19.14:691][  0]LogConfig: Setting CVar [[r.MaxAnisotropy:8]]
[2020.11.21-18.19.14:691][  0]LogConfig: Setting CVar [[r.Streaming.LimitPoolSizeToVRAM:0]]
[2020.11.21-18.19.14:691][  0]LogConfig: Setting CVar [[r.Streaming.PoolSize:1000]]
[2020.11.21-18.19.14:691][  0]LogConfig: Setting CVar [[r.Streaming.MaxEffectiveScreenSize:0]]
[2020.11.21-18.19.14:691][  0]LogConfig: Applying CVar settings from Section [EffectsQuality@3] File [C:/Users/RuthlessLua/Documents/Unreal Projects/UnrealPluginDemo/Saved/Config/Windows/Scalability.ini]
[2020.11.21-18.19.14:691][  0]LogConfig: Setting CVar [[r.TranslucencyLightingVolumeDim:64]]
[2020.11.21-18.19.14:691][  0]LogConfig: Setting CVar [[r.RefractionQuality:2]]
[2020.11.21-18.19.14:691][  0]LogConfig: Setting CVar [[r.SSR.Quality:3]]
[2020.11.21-18.19.14:691][  0]LogConfig: Setting CVar [[r.SceneColorFormat:4]]
[2020.11.21-18.19.14:691][  0]LogConfig: Setting CVar [[r.DetailMode:2]]
[2020.11.21-18.19.14:691][  0]LogConfig: Setting CVar [[r.TranslucencyVolumeBlur:1]]
[2020.11.21-18.19.14:691][  0]LogConfig: Setting CVar [[r.MaterialQualityLevel:1 ; High quality]]
[2020.11.21-18.19.14:691][  0]LogConfig: Setting CVar [[r.SSS.Scale:1]]
[2020.11.21-18.19.14:692][  0]LogConfig: Setting CVar [[r.SSS.SampleSet:2]]
[2020.11.21-18.19.14:692][  0]LogConfig: Setting CVar [[r.SSS.Quality:1]]
[2020.11.21-18.19.14:692][  0]LogConfig: Setting CVar [[r.SSS.HalfRes:1]]
[2020.11.21-18.19.14:692][  0]LogConfig: Setting CVar [[r.EmitterSpawnRateScale:1.0]]
[2020.11.21-18.19.14:692][  0]LogConfig: Setting CVar [[r.ParticleLightQuality:2]]
[2020.11.21-18.19.14:692][  0]LogConfig: Applying CVar settings from Section [FoliageQuality@3] File [C:/Users/RuthlessLua/Documents/Unreal Projects/UnrealPluginDemo/Saved/Config/Windows/Scalability.ini]
[2020.11.21-18.19.14:692][  0]LogConfig: Setting CVar [[foliage.DensityScale:1.0]]
[2020.11.21-18.19.14:692][  0]LogConfig: Setting CVar [[grass.DensityScale:1.0]]
[2020.11.21-18.19.14:692][  0]LogInit: Selected Device Profile: [Windows]
[2020.11.21-18.19.14:692][  0]LogInit: Applying CVar settings loaded from the selected device profile: [Windows]
[2020.11.21-18.19.14:694][  0]LogHAL: Display: Platform has ~ 16 GB [17126739968 / 17179869184 / 16], which maps to Larger [LargestMinGB=32, LargerMinGB=12, DefaultMinGB=8, SmallerMinGB=6, SmallestMinGB=0)
[2020.11.21-18.19.14:694][  0]LogInit: Going up to parent DeviceProfile []
[2020.11.21-18.19.14:694][  0]LogConfig: Applying CVar settings from Section [ViewDistanceQuality@3] File [C:/Users/RuthlessLua/Documents/Unreal Projects/UnrealPluginDemo/Saved/Config/Windows/Scalability.ini]
[2020.11.21-18.19.14:694][  0]LogConfig: Setting CVar [[r.SkeletalMeshLODBias:0]]
[2020.11.21-18.19.14:694][  0]LogConfig: Setting CVar [[r.ViewDistanceScale:1.0]]
[2020.11.21-18.19.14:694][  0]LogConfig: Applying CVar settings from Section [AntiAliasingQuality@3] File [C:/Users/RuthlessLua/Documents/Unreal Projects/UnrealPluginDemo/Saved/Config/Windows/Scalability.ini]
[2020.11.21-18.19.14:694][  0]LogConfig: Setting CVar [[r.PostProcessAAQuality:4]]
[2020.11.21-18.19.14:695][  0]LogConfig: Applying CVar settings from Section [ShadowQuality@3] File [C:/Users/RuthlessLua/Documents/Unreal Projects/UnrealPluginDemo/Saved/Config/Windows/Scalability.ini]
[2020.11.21-18.19.14:695][  0]LogConfig: Setting CVar [[r.LightFunctionQuality:1]]
[2020.11.21-18.19.14:695][  0]LogConfig: Setting CVar [[r.ShadowQuality:5]]
[2020.11.21-18.19.14:695][  0]LogConfig: Setting CVar [[r.Shadow.CSM.MaxCascades:10]]
[2020.11.21-18.19.14:695][  0]LogConfig: Setting CVar [[r.Shadow.MaxResolution:2048]]
[2020.11.21-18.19.14:695][  0]LogConfig: Setting CVar [[r.Shadow.MaxCSMResolution:2048]]
[2020.11.21-18.19.14:695][  0]LogConfig: Setting CVar [[r.Shadow.RadiusThreshold:0.01]]
[2020.11.21-18.19.14:695][  0]LogConfig: Setting CVar [[r.Shadow.DistanceScale:1.0]]
[2020.11.21-18.19.14:695][  0]LogConfig: Setting CVar [[r.Shadow.CSM.TransitionScale:1.0]]
[2020.11.21-18.19.14:695][  0]LogConfig: Setting CVar [[r.Shadow.PreShadowResolutionFactor:1.0]]
[2020.11.21-18.19.14:695][  0]LogConfig: Setting CVar [[r.DistanceFieldShadowing:1]]
[2020.11.21-18.19.14:695][  0]LogConfig: Setting CVar [[r.DistanceFieldAO:1]]
[2020.11.21-18.19.14:695][  0]LogConfig: Setting CVar [[r.AOQuality:2]]
[2020.11.21-18.19.14:695][  0]LogConfig: Setting CVar [[r.VolumetricFog:1]]
[2020.11.21-18.19.14:695][  0]LogConfig: Setting CVar [[r.VolumetricFog.GridPixelSize:8]]
[2020.11.21-18.19.14:695][  0]LogConfig: Setting CVar [[r.VolumetricFog.GridSizeZ:128]]
[2020.11.21-18.19.14:695][  0]LogConfig: Setting CVar [[r.VolumetricFog.HistoryMissSupersampleCount:4]]
[2020.11.21-18.19.14:695][  0]LogConfig: Setting CVar [[r.LightMaxDrawDistanceScale:1]]
[2020.11.21-18.19.14:695][  0]LogConfig: Setting CVar [[r.CapsuleShadows:1]]
[2020.11.21-18.19.14:696][  0]LogConfig: Applying CVar settings from Section [PostProcessQuality@3] File [C:/Users/RuthlessLua/Documents/Unreal Projects/UnrealPluginDemo/Saved/Config/Windows/Scalability.ini]
[2020.11.21-18.19.14:696][  0]LogConfig: Setting CVar [[r.MotionBlurQuality:4]]
[2020.11.21-18.19.14:696][  0]LogConfig: Setting CVar [[r.AmbientOcclusionMipLevelFactor:0.4]]
[2020.11.21-18.19.14:696][  0]LogConfig: Setting CVar [[r.AmbientOcclusionMaxQuality:100]]
[2020.11.21-18.19.14:696][  0]LogConfig: Setting CVar [[r.AmbientOcclusionLevels:-1]]
[2020.11.21-18.19.14:696][  0]LogConfig: Setting CVar [[r.AmbientOcclusionRadiusScale:1.0]]
[2020.11.21-18.19.14:696][  0]LogConfig: Setting CVar [[r.DepthOfFieldQuality:2]]
[2020.11.21-18.19.14:696][  0]LogConfig: Setting CVar [[r.RenderTargetPoolMin:400]]
[2020.11.21-18.19.14:696][  0]LogConfig: Setting CVar [[r.LensFlareQuality:2]]
[2020.11.21-18.19.14:696][  0]LogConfig: Setting CVar [[r.SceneColorFringeQuality:1]]
[2020.11.21-18.19.14:696][  0]LogConfig: Setting CVar [[r.EyeAdaptationQuality:2]]
[2020.11.21-18.19.14:696][  0]LogConfig: Setting CVar [[r.BloomQuality:5]]
[2020.11.21-18.19.14:696][  0]LogConfig: Setting CVar [[r.FastBlurThreshold:100]]
[2020.11.21-18.19.14:696][  0]LogConfig: Setting CVar [[r.Upscale.Quality:3]]
[2020.11.21-18.19.14:696][  0]LogConfig: Setting CVar [[r.Tonemapper.GrainQuantization:1]]
[2020.11.21-18.19.14:696][  0]LogConfig: Setting CVar [[r.LightShaftQuality:1]]
[2020.11.21-18.19.14:696][  0]LogConfig: Setting CVar [[r.Filter.SizeScale:1]]
[2020.11.21-18.19.14:696][  0]LogConfig: Setting CVar [[r.Tonemapper.Quality:5]]
[2020.11.21-18.19.14:696][  0]LogConfig: Setting CVar [[r.DOF.Gather.AccumulatorQuality:1        ; higher gathering accumulator quality]]
[2020.11.21-18.19.14:696][  0]LogConfig: Setting CVar [[r.DOF.Gather.PostfilterMethod:1          ; Median3x3 postfilering method]]
[2020.11.21-18.19.14:696][  0]LogConfig: Setting CVar [[r.DOF.Gather.EnableBokehSettings:0       ; no bokeh simulation when gathering]]
[2020.11.21-18.19.14:696][  0]LogConfig: Setting CVar [[r.DOF.Gather.RingCount:4                 ; medium number of samples when gathering]]
[2020.11.21-18.19.14:696][  0]LogConfig: Setting CVar [[r.DOF.Scatter.ForegroundCompositing:1    ; additive foreground scattering]]
[2020.11.21-18.19.14:696][  0]LogConfig: Setting CVar [[r.DOF.Scatter.BackgroundCompositing:2    ; additive background scattering]]
[2020.11.21-18.19.14:696][  0]LogConfig: Setting CVar [[r.DOF.Scatter.EnableBokehSettings:1      ; bokeh simulation when scattering]]
[2020.11.21-18.19.14:696][  0]LogConfig: Setting CVar [[r.DOF.Scatter.MaxSpriteRatio:0.1         ; only a maximum of 10% of scattered bokeh]]
[2020.11.21-18.19.14:697][  0]LogConfig: Setting CVar [[r.DOF.Recombine.Quality:1                ; cheap slight out of focus]]
[2020.11.21-18.19.14:697][  0]LogConfig: Setting CVar [[r.DOF.Recombine.EnableBokehSettings:0    ; no bokeh simulation on slight out of focus]]
[2020.11.21-18.19.14:697][  0]LogConfig: Setting CVar [[r.DOF.TemporalAAQuality:1                ; more stable temporal accumulation]]
[2020.11.21-18.19.14:697][  0]LogConfig: Setting CVar [[r.DOF.Kernel.MaxForegroundRadius:0.025]]
[2020.11.21-18.19.14:697][  0]LogConfig: Setting CVar [[r.DOF.Kernel.MaxBackgroundRadius:0.025]]
[2020.11.21-18.19.14:697][  0]LogConfig: Applying CVar settings from Section [TextureQuality@3] File [C:/Users/RuthlessLua/Documents/Unreal Projects/UnrealPluginDemo/Saved/Config/Windows/Scalability.ini]
[2020.11.21-18.19.14:697][  0]LogConfig: Setting CVar [[r.Streaming.MipBias:0]]
[2020.11.21-18.19.14:697][  0]LogConfig: Setting CVar [[r.Streaming.AmortizeCPUToGPUCopy:0]]
[2020.11.21-18.19.14:697][  0]LogConfig: Setting CVar [[r.Streaming.MaxNumTexturesToStreamPerFrame:0]]
[2020.11.21-18.19.14:697][  0]LogConfig: Setting CVar [[r.Streaming.Boost:1]]
[2020.11.21-18.19.14:697][  0]LogConfig: Setting CVar [[r.MaxAnisotropy:8]]
[2020.11.21-18.19.14:697][  0]LogConfig: Setting CVar [[r.Streaming.LimitPoolSizeToVRAM:0]]
[2020.11.21-18.19.14:697][  0]LogConfig: Setting CVar [[r.Streaming.PoolSize:1000]]
[2020.11.21-18.19.14:697][  0]LogConfig: Setting CVar [[r.Streaming.MaxEffectiveScreenSize:0]]
[2020.11.21-18.19.14:697][  0]LogConfig: Applying CVar settings from Section [EffectsQuality@3] File [C:/Users/RuthlessLua/Documents/Unreal Projects/UnrealPluginDemo/Saved/Config/Windows/Scalability.ini]
[2020.11.21-18.19.14:697][  0]LogConfig: Setting CVar [[r.TranslucencyLightingVolumeDim:64]]
[2020.11.21-18.19.14:697][  0]LogConfig: Setting CVar [[r.RefractionQuality:2]]
[2020.11.21-18.19.14:697][  0]LogConfig: Setting CVar [[r.SSR.Quality:3]]
[2020.11.21-18.19.14:697][  0]LogConfig: Setting CVar [[r.SceneColorFormat:4]]
[2020.11.21-18.19.14:697][  0]LogConfig: Setting CVar [[r.DetailMode:2]]
[2020.11.21-18.19.14:697][  0]LogConfig: Setting CVar [[r.TranslucencyVolumeBlur:1]]
[2020.11.21-18.19.14:697][  0]LogConfig: Setting CVar [[r.MaterialQualityLevel:1 ; High quality]]
[2020.11.21-18.19.14:697][  0]LogConfig: Setting CVar [[r.SSS.Scale:1]]
[2020.11.21-18.19.14:697][  0]LogConfig: Setting CVar [[r.SSS.SampleSet:2]]
[2020.11.21-18.19.14:697][  0]LogConfig: Setting CVar [[r.SSS.Quality:1]]
[2020.11.21-18.19.14:698][  0]LogConfig: Setting CVar [[r.SSS.HalfRes:1]]
[2020.11.21-18.19.14:698][  0]LogConfig: Setting CVar [[r.EmitterSpawnRateScale:1.0]]
[2020.11.21-18.19.14:698][  0]LogConfig: Setting CVar [[r.ParticleLightQuality:2]]
[2020.11.21-18.19.14:698][  0]LogConfig: Applying CVar settings from Section [FoliageQuality@3] File [C:/Users/RuthlessLua/Documents/Unreal Projects/UnrealPluginDemo/Saved/Config/Windows/Scalability.ini]
[2020.11.21-18.19.14:698][  0]LogConfig: Setting CVar [[foliage.DensityScale:1.0]]
[2020.11.21-18.19.14:698][  0]LogConfig: Setting CVar [[grass.DensityScale:1.0]]
[2020.11.21-18.19.14:698][  0]LogConfig: Applying CVar settings from Section [Startup] File [../../../Engine/Config/ConsoleVariables.ini]
[2020.11.21-18.19.14:698][  0]LogConfig: Setting CVar [[net.UseAdaptiveNetUpdateFrequency:0]]
[2020.11.21-18.19.14:698][  0]LogConfig: Setting CVar [[p.chaos.AllowCreatePhysxBodies:1]]
[2020.11.21-18.19.14:698][  0]LogConfig: Applying CVar settings from Section [ConsoleVariables] File [C:/Users/RuthlessLua/Documents/Unreal Projects/UnrealPluginDemo/Saved/Config/Windows/Engine.ini]
[2020.11.21-18.19.14:698][  0]LogInit: Computer: JOHN
[2020.11.21-18.19.14:698][  0]LogInit: User: RuthlessLua
[2020.11.21-18.19.14:698][  0]LogInit: CPU Page size=4096, Cores=6
[2020.11.21-18.19.14:698][  0]LogInit: High frequency timer resolution =10.000000 MHz
[2020.11.21-18.19.14:699][  0]LogMemory: Memory total: Physical=16.0GB (16GB approx)
[2020.11.21-18.19.14:699][  0]LogMemory: Platform Memory Stats for Windows
[2020.11.21-18.19.14:699][  0]LogMemory: Process Physical Memory: 101.63 MB used, 101.63 MB peak
[2020.11.21-18.19.14:699][  0]LogMemory: Process Virtual Memory: 125.78 MB used, 125.78 MB peak
[2020.11.21-18.19.14:699][  0]LogMemory: Physical Memory: 7735.87 MB used,  8597.46 MB free, 16333.33 MB total
[2020.11.21-18.19.14:699][  0]LogMemory: Virtual Memory: 4710.79 MB used,  134213016.00 MB free, 134217728.00 MB total
[2020.11.21-18.19.14:703][  0]LogWindows: WindowsPlatformFeatures enabled
[2020.11.21-18.19.14:774][  0]LogInit: Using OS detected language (en-US).
[2020.11.21-18.19.14:774][  0]LogInit: Using OS detected locale (en-US).
[2020.11.21-18.19.14:775][  0]LogTextLocalizationManager: No specific localization for 'en-US' exists, so the 'en' localization will be used.
[2020.11.21-18.19.14:911][  0]LogInit: Setting process to per monitor DPI aware
[2020.11.21-18.19.14:949][  0]LogSlate: New Slate User Created.  User Index 0, Is Virtual User: 0
[2020.11.21-18.19.14:949][  0]LogSlate: Slate User Registered.  User Index 0, Is Virtual User: 0
[2020.11.21-18.19.15:129][  0]LogHMD: Failed to initialize OpenVR with code 110
[2020.11.21-18.19.15:129][  0]LogD3D11RHI: D3D11 adapters:
[2020.11.21-18.19.15:200][  0]LogD3D11RHI:    0. 'NVIDIA GeForce RTX 2080' (Feature Level 11_0)
[2020.11.21-18.19.15:200][  0]LogD3D11RHI:       8010/0/8166 MB DedicatedVideo/DedicatedSystem/SharedSystem, Outputs:2, VendorId:0x10de
[2020.11.21-18.19.15:204][  0]LogD3D11RHI:    1. 'Microsoft Basic Render Driver' (Feature Level 11_0)
[2020.11.21-18.19.15:204][  0]LogD3D11RHI:       0/0/8166 MB DedicatedVideo/DedicatedSystem/SharedSystem, Outputs:0, VendorId:0x1414
[2020.11.21-18.19.15:204][  0]LogD3D11RHI: Chosen D3D11 Adapter: 0
[2020.11.21-18.19.15:212][  0]LogD3D11RHI: Creating new Direct3DDevice
[2020.11.21-18.19.15:212][  0]LogD3D11RHI:     GPU DeviceId: 0x1e87 (for the marketing name, search the web for "GPU Device Id")
[2020.11.21-18.19.15:212][  0]LogWindows: EnumDisplayDevices:
[2020.11.21-18.19.15:212][  0]LogWindows:    0. 'NVIDIA GeForce RTX 2080' (P:1 D:1)
[2020.11.21-18.19.15:213][  0]LogWindows:    1. 'NVIDIA GeForce RTX 2080' (P:0 D:1)
[2020.11.21-18.19.15:213][  0]LogWindows:    2. 'NVIDIA GeForce RTX 2080' (P:0 D:0)
[2020.11.21-18.19.15:213][  0]LogWindows:    3. 'NVIDIA GeForce RTX 2080' (P:0 D:0)
[2020.11.21-18.19.15:213][  0]LogWindows: DebugString: FoundDriverCount:4 
[2020.11.21-18.19.15:213][  0]LogD3D11RHI:     Adapter Name: NVIDIA GeForce RTX 2080
[2020.11.21-18.19.15:214][  0]LogD3D11RHI:   Driver Version: 451.67 (internal:27.21.14.5167, unified:451.67)
[2020.11.21-18.19.15:214][  0]LogD3D11RHI:      Driver Date: 7-5-2020
[2020.11.21-18.19.15:214][  0]LogRHI: Texture pool is 5607 MB (70% of 8010 MB)
[2020.11.21-18.19.15:263][  0]LogD3D11RHI: Async texture creation enabled
[2020.11.21-18.19.15:276][  0]LogD3D11RHI: GPU Timing Frequency: 1000.000000 (Debug: 2 1)
[2020.11.21-18.19.15:488][  0]LogTemp: Display: Module 'AllDesktopTargetPlatform' loaded TargetPlatform 'AllDesktop'
[2020.11.21-18.19.15:496][  0]LogTemp: Display: Module 'MacClientTargetPlatform' loaded TargetPlatform 'MacClient'
[2020.11.21-18.19.15:505][  0]LogTemp: Display: Module 'MacNoEditorTargetPlatform' loaded TargetPlatform 'MacNoEditor'
[2020.11.21-18.19.15:513][  0]LogTemp: Display: Module 'MacServerTargetPlatform' loaded TargetPlatform 'MacServer'
[2020.11.21-18.19.15:522][  0]LogTemp: Display: Module 'MacTargetPlatform' loaded TargetPlatform 'Mac'
[2020.11.21-18.19.15:531][  0]LogTemp: Display: Module 'WindowsClientTargetPlatform' loaded TargetPlatform 'WindowsClient'
[2020.11.21-18.19.15:539][  0]LogTemp: Display: Module 'WindowsNoEditorTargetPlatform' loaded TargetPlatform 'WindowsNoEditor'
[2020.11.21-18.19.15:549][  0]LogTemp: Display: Module 'WindowsServerTargetPlatform' loaded TargetPlatform 'WindowsServer'
[2020.11.21-18.19.15:554][  0]LogTemp: Display: Module 'WindowsTargetPlatform' loaded TargetPlatform 'Windows'
[2020.11.21-18.19.15:583][  0]LogTemp: Display: Module 'AndroidTargetPlatform' loaded TargetPlatform 'Android'
[2020.11.21-18.19.15:583][  0]LogTemp: Display: Module 'AndroidTargetPlatform' loaded TargetPlatform 'Android_ASTC'
[2020.11.21-18.19.15:583][  0]LogTemp: Display: Module 'AndroidTargetPlatform' loaded TargetPlatform 'Android_ATC'
[2020.11.21-18.19.15:583][  0]LogTemp: Display: Module 'AndroidTargetPlatform' loaded TargetPlatform 'Android_DXT'
[2020.11.21-18.19.15:583][  0]LogTemp: Display: Module 'AndroidTargetPlatform' loaded TargetPlatform 'Android_ETC1'
[2020.11.21-18.19.15:583][  0]LogTemp: Display: Module 'AndroidTargetPlatform' loaded TargetPlatform 'Android_ETC1a'
[2020.11.21-18.19.15:583][  0]LogTemp: Display: Module 'AndroidTargetPlatform' loaded TargetPlatform 'Android_ETC2'
[2020.11.21-18.19.15:583][  0]LogTemp: Display: Module 'AndroidTargetPlatform' loaded TargetPlatform 'Android_PVRTC'
[2020.11.21-18.19.15:583][  0]LogTemp: Display: Module 'AndroidTargetPlatform' loaded TargetPlatform 'AndroidClient'
[2020.11.21-18.19.15:583][  0]LogTemp: Display: Module 'AndroidTargetPlatform' loaded TargetPlatform 'Android_ASTCClient'
[2020.11.21-18.19.15:583][  0]LogTemp: Display: Module 'AndroidTargetPlatform' loaded TargetPlatform 'Android_ATCClient'
[2020.11.21-18.19.15:583][  0]LogTemp: Display: Module 'AndroidTargetPlatform' loaded TargetPlatform 'Android_DXTClient'
[2020.11.21-18.19.15:583][  0]LogTemp: Display: Module 'AndroidTargetPlatform' loaded TargetPlatform 'Android_ETC1Client'
[2020.11.21-18.19.15:583][  0]LogTemp: Display: Module 'AndroidTargetPlatform' loaded TargetPlatform 'Android_ETC1aClient'
[2020.11.21-18.19.15:583][  0]LogTemp: Display: Module 'AndroidTargetPlatform' loaded TargetPlatform 'Android_ETC2Client'
[2020.11.21-18.19.15:583][  0]LogTemp: Display: Module 'AndroidTargetPlatform' loaded TargetPlatform 'Android_PVRTCClient'
[2020.11.21-18.19.15:583][  0]LogTemp: Display: Module 'AndroidTargetPlatform' loaded TargetPlatform 'Android_Multi'
[2020.11.21-18.19.15:583][  0]LogTemp: Display: Module 'AndroidTargetPlatform' loaded TargetPlatform 'Android_MultiClient'
[2020.11.21-18.19.15:587][  0]LogTemp: Display: Module 'HTML5TargetPlatform' loaded TargetPlatform 'HTML5'
[2020.11.21-18.19.15:606][  0]LogTemp: Display: Module 'IOSTargetPlatform' loaded TargetPlatform 'IOSClient'
[2020.11.21-18.19.15:607][  0]LogTemp: Display: Module 'IOSTargetPlatform' loaded TargetPlatform 'IOS'
[2020.11.21-18.19.15:620][  0]LogTemp: Display: Module 'TVOSTargetPlatform' loaded TargetPlatform 'TVOSClient'
[2020.11.21-18.19.15:620][  0]LogTemp: Display: Module 'TVOSTargetPlatform' loaded TargetPlatform 'TVOS'
[2020.11.21-18.19.15:627][  0]LogTemp: Display: Module 'LinuxClientTargetPlatform' loaded TargetPlatform 'LinuxClient'
[2020.11.21-18.19.15:636][  0]LogTemp: Display: Module 'LinuxNoEditorTargetPlatform' loaded TargetPlatform 'LinuxNoEditor'
[2020.11.21-18.19.15:643][  0]LogTemp: Display: Module 'LinuxServerTargetPlatform' loaded TargetPlatform 'LinuxServer'
[2020.11.21-18.19.15:652][  0]LogTemp: Display: Module 'LinuxTargetPlatform' loaded TargetPlatform 'Linux'
[2020.11.21-18.19.15:674][  0]LogTemp: Display: Module 'LuminTargetPlatform' loaded TargetPlatform 'Lumin'
[2020.11.21-18.19.15:674][  0]LogTemp: Display: Module 'LuminTargetPlatform' loaded TargetPlatform 'LuminClient'
[2020.11.21-18.19.15:674][  0]LogTargetPlatformManager: Display: Building Assets For Windows
[2020.11.21-18.19.15:687][  0]LogAudioDebug: Display: Lib vorbis DLL was dynamically loaded.
[2020.11.21-18.19.15:753][  0]LogShaderCompilers: Guid format shader working directory is -12 characters bigger than the processId version (C:/Users/RuthlessLua/Documents/Unreal Projects/UnrealPluginDemo/Intermediate/Shaders/WorkingDirectory/13652/).
[2020.11.21-18.19.15:753][  0]LogShaderCompilers: Cleaned the shader compiler working directory 'C:/Users/RuthlessLua/AppData/Local/Temp/UnrealShaderWorkingDir/9D0F16FD4A5C1552FCBA15AA12E85EF4/'.
[2020.11.21-18.19.15:755][  0]LogXGEController: Cleaning working directory: C:/Users/RuthlessLua/AppData/Local/Temp/UnrealXGEWorkingDir/
[2020.11.21-18.19.15:755][  0]LogXGEController: Cannot use XGE Controller as Incredibuild is not installed on this machine.
[2020.11.21-18.19.15:755][  0]LogShaderCompilers: Cannot use XGE Shader Compiler as Incredibuild is not installed on this machine.
[2020.11.21-18.19.15:755][  0]LogShaderCompilers: Display: Using Local Shader Compiler.
[2020.11.21-18.19.16:306][  0]LogDerivedDataCache: Display: Max Cache Size: 512 MB
[2020.11.21-18.19.16:345][  0]LogDerivedDataCache: Loaded boot cache 0.04s 73MB C:/Users/RuthlessLua/AppData/Local/UnrealEngine/4.23/DerivedDataCache/Boot.ddc.
[2020.11.21-18.19.16:345][  0]LogDerivedDataCache: Display: Loaded Boot cache: C:/Users/RuthlessLua/AppData/Local/UnrealEngine/4.23/DerivedDataCache/Boot.ddc
[2020.11.21-18.19.16:345][  0]LogDerivedDataCache: FDerivedDataBackendGraph:  Pak pak cache file C:/Users/RuthlessLua/Documents/Unreal Projects/UnrealPluginDemo/DerivedDataCache/DDC.ddp not found, will not use a pak cache.
[2020.11.21-18.19.16:345][  0]LogDerivedDataCache: Unable to find inner node Pak for hierarchical cache Hierarchy.
[2020.11.21-18.19.16:345][  0]LogDerivedDataCache: FDerivedDataBackendGraph:  CompressedPak pak cache file C:/Users/RuthlessLua/Documents/Unreal Projects/UnrealPluginDemo/DerivedDataCache/Compressed.ddp not found, will not use a pak cache.
[2020.11.21-18.19.16:345][  0]LogDerivedDataCache: Unable to find inner node CompressedPak for hierarchical cache Hierarchy.
[2020.11.21-18.19.16:356][  0]LogDerivedDataCache: Display: Pak cache opened for reading ../../../Engine/DerivedDataCache/Compressed.ddp.
[2020.11.21-18.19.16:356][  0]LogDerivedDataCache: FDerivedDataBackendGraph:  EnterprisePak pak cache file ../../../Enterprise/DerivedDataCache/Compressed.ddp not found, will not use a pak cache.
[2020.11.21-18.19.16:356][  0]LogDerivedDataCache: Unable to find inner node EnterprisePak for hierarchical cache Hierarchy.
[2020.11.21-18.19.16:358][  0]LogDerivedDataCache: Using Local data cache path C:/Users/RuthlessLua/AppData/Local/UnrealEngine/Common/DerivedDataCache: Writable
[2020.11.21-18.19.16:358][  0]LogDerivedDataCache: Shared data cache path not found in *engine.ini, will not use an Shared cache.
[2020.11.21-18.19.16:358][  0]LogDerivedDataCache: Unable to find inner node Shared for hierarchical cache Hierarchy.
[2020.11.21-18.19.16:376][  0]LogMaterial: Verifying Global Shaders for PCD3D_SM5
[2020.11.21-18.19.16:379][  0]LogSlate: Using FreeType 2.6.0
[2020.11.21-18.19.16:380][  0]LogSlate: SlateFontServices - WITH_FREETYPE: 1, WITH_HARFBUZZ: 1
[2020.11.21-18.19.16:433][  0]LogAssetRegistry: FAssetRegistry took 0.0041 seconds to start up
[2020.11.21-18.19.16:668][  0]LogInit: Selected Device Profile: [Windows]
[2020.11.21-18.19.16:796][  0]LogMeshReduction: Using QuadricMeshReduction for automatic static mesh reduction
[2020.11.21-18.19.16:796][  0]LogMeshReduction: Using SimplygonMeshReduction for automatic skeletal mesh reduction
[2020.11.21-18.19.16:796][  0]LogMeshReduction: Using ProxyLODMeshReduction for automatic mesh merging
[2020.11.21-18.19.16:796][  0]LogMeshReduction: No distributed automatic mesh merging module available
[2020.11.21-18.19.16:796][  0]LogMeshMerging: No distributed automatic mesh merging module available
[2020.11.21-18.19.16:805][  0]LogNetVersion: UnrealPluginDemo 1.0.0, NetCL: 8386587, EngineNetVer: 11, GameNetVer: 0 (Checksum: 4030924817)
[2020.11.21-18.19.17:131][  0]LogPackageLocalizationCache: Processed 13 localized package path(s) for 1 prioritized culture(s) in 0.030034 seconds
[2020.11.21-18.19.17:137][  0]LogUObjectArray: 43444 objects as part of root set at end of initial load.
[2020.11.21-18.19.17:137][  0]LogUObjectAllocator: 7548648 out of 0 bytes used by permanent object pool.
[2020.11.21-18.19.17:137][  0]LogUObjectArray: CloseDisregardForGC: 0/0 objects in disregard for GC pool
[2020.11.21-18.19.17:985][  0]LogTcpMessaging: Initializing TcpMessaging bridge
[2020.11.21-18.19.17:990][  0]LogUdpMessaging: Initializing bridge on interface 0.0.0.0:0 to multicast group 230.0.0.1:6666.
[2020.11.21-18.19.18:079][  0]SourceControl: Source control is disabled
[2020.11.21-18.19.18:079][  0]SourceControl: Source control is disabled
[2020.11.21-18.19.18:082][  0]SourceControl: Source control is disabled
[2020.11.21-18.19.18:085][  0]SourceControl: Source control is disabled
[2020.11.21-18.19.18:216][  0]LogAndroidPermission: UAndroidPermissionCallbackProxy::GetInstance
[2020.11.21-18.19.18:505][  0]LogOcInput: OculusInput pre-init called
[2020.11.21-18.19.18:513][  0]LogWindows: Failed to load 'OVRPlugin.dll' (GetLastError=126)
[2020.11.21-18.19.18:513][  0]LogWindows: File 'OVRPlugin.dll' does not exist
[2020.11.21-18.19.18:589][  0]LogEngine: Initializing Engine...
[2020.11.21-18.19.18:589][  0]LogHMD: Failed to initialize OpenVR with code 110
[2020.11.21-18.19.18:590][  0]LogStats: UGameplayTagsManager::InitializeManager -  0.000 s
[2020.11.21-18.19.18:761][  0]LogInit: Initializing FReadOnlyCVARCache
[2020.11.21-18.19.18:772][  0]LogAIModule: Creating AISystem for world Untitled
[2020.11.21-18.19.18:834][  0]LogInit: XAudio2 using 'Headset Earphone (HyperX Virtual Surround Sound)' : 2 channels at 48 kHz using 16 bits per sample (channel mask 0x3)
[2020.11.21-18.19.18:853][  0]LogInit: FAudioDevice initialized.
[2020.11.21-18.19.18:853][  0]LogNetVersion: Set ProjectVersion to 1.0.0.0. Version Checksum will be recalculated on next use.
[2020.11.21-18.19.18:995][  0]LogDerivedDataCache: Saved boot cache 0.14s 73MB C:/Users/RuthlessLua/AppData/Local/UnrealEngine/4.23/DerivedDataCache/Boot.ddc.
[2020.11.21-18.19.19:000][  0]LogInit: Texture streaming: Enabled
[2020.11.21-18.19.19:027][  0]LogEngineSessionManager: EngineSessionManager initialized
[2020.11.21-18.19.19:027][  0]LogEditorSessionSummary: Verbose: Initializing EditorSessionSummaryWriter for editor session tracking
[2020.11.21-18.19.19:028][  0]LogEditorSessionSummary: EditorSessionSummaryWriter initialized
[2020.11.21-18.19.19:058][  0]LogInit: Transaction tracking system initialized
[2020.11.21-18.19.19:091][  0]BlueprintLog: New page: Editor Load
[2020.11.21-18.19.19:167][  0]LocalizationService: Localization service is disabled
[2020.11.21-18.19.19:223][  0]LogLinker: Warning: Failed to load '/Game/SideScrollerCPP/SideScrollerOverview': Can't find file.
[2020.11.21-18.19.19:223][  0]LogLinker: Warning: Failed to load '/Game/SideScrollerCPP/SideScrollerOverview': Can't find file.
[2020.11.21-18.19.19:223][  0]LogUObjectGlobals: Warning: Failed to find object 'Class /Game/SideScrollerCPP/SideScrollerOverview.SideScrollerOverview_C'
[2020.11.21-18.19.19:377][  0]LogFileCache: Scanning file cache for directory 'C:/Users/RuthlessLua/Documents/Unreal Projects/UnrealPluginDemo/Content/' took 0.00s
[2020.11.21-18.19.19:377][  0]LogCook: Display: Max memory allowance for cook 16384mb min free memory 0mb
[2020.11.21-18.19.19:377][  0]LogCook: Display: Mobile HDR setting 1
[2020.11.21-18.19.19:577][  0]SourceControl: Source control is disabled
[2020.11.21-18.19.19:577][  0]Cmd: MAP LOAD FILE="C:/Users/RuthlessLua/Documents/Unreal Projects/UnrealPluginDemo/Content/StarterContent/Maps/Minimal_Default.umap" TEMPLATE=0 SHOWPROGRESS=1 FEATURELEVEL=3
[2020.11.21-18.19.19:578][  0]LightingResults: New page: Lighting Build
[2020.11.21-18.19.19:580][  0]LogWorld: UWorld::CleanupWorld for Untitled, bSessionEnded=true, bCleanupResources=true
[2020.11.21-18.19.19:580][  0]MapCheck: New page: Map Check
[2020.11.21-18.19.19:580][  0]LightingResults: New page: Lighting Build
[2020.11.21-18.19.19:611][  0]LogUObjectHash: Compacting FUObjectHashTables data took   2.06ms
[2020.11.21-18.19.19:757][  0]LogAIModule: Creating AISystem for world Minimal_Default
[2020.11.21-18.19.19:761][  0]LogEditorServer: Finished looking for orphan Actors (0.000 secs)
[2020.11.21-18.19.19:790][  0]LogUObjectHash: Compacting FUObjectHashTables data took   1.85ms
[2020.11.21-18.19.19:790][  0]Cmd: MAP CHECKDEP NOCLEARLOG
[2020.11.21-18.19.19:790][  0]MapCheck: Map check complete: 0 Error(s), 0 Warning(s), took 0.18ms to complete.
[2020.11.21-18.19.19:790][  0]LogFileHelpers: Loading map 'Minimal_Default' took 0.213
[2020.11.21-18.19.19:883][  0]LogSlate: Updating window title bar state: overlay mode, drag disabled, window buttons hidden, title bar hidden
[2020.11.21-18.19.19:890][  0]LogSlate: Updating window title bar state: overlay mode, drag disabled, window buttons hidden, title bar hidden
[2020.11.21-18.19.19:897][  0]LogSlate: Updating window title bar state: overlay mode, drag disabled, window buttons hidden, title bar hidden
[2020.11.21-18.19.19:903][  0]LogSlate: Updating window title bar state: overlay mode, drag disabled, window buttons hidden, title bar hidden
[2020.11.21-18.19.19:908][  0]LogCollectionManager: Loaded 0 collections in 0.001001 seconds
[2020.11.21-18.19.19:918][  0]LogFileCache: Scanning file cache for directory 'C:/Users/RuthlessLua/Documents/Unreal Projects/UnrealPluginDemo/Saved/Collections/' took 0.00s
[2020.11.21-18.19.19:918][  0]LogFileCache: Scanning file cache for directory 'C:/Users/RuthlessLua/Documents/Unreal Projects/UnrealPluginDemo/Content/Developers/RuthlessLua/Collections/' took 0.00s
[2020.11.21-18.19.19:918][  0]LogFileCache: Scanning file cache for directory 'C:/Users/RuthlessLua/Documents/Unreal Projects/UnrealPluginDemo/Content/Collections/' took 0.00s
[2020.11.21-18.19.19:918][  0]LogCollectionManager: Rebuilt the GUID cache for 0 collections in 0.000001 seconds
[2020.11.21-18.19.19:926][  0]LogContentBrowser: Native class hierarchy populated in 0.0079 seconds. Added 2865 classes and 685 folders.
[2020.11.21-18.19.19:930][  0]LogContentBrowser: Native class hierarchy updated for 'WidgetCarousel' in 0.0003 seconds. Added 0 classes and 0 folders.
[2020.11.21-18.19.19:972][  0]LogContentBrowser: Native class hierarchy updated for 'AddContentDialog' in 0.0003 seconds. Added 0 classes and 0 folders.
[2020.11.21-18.19.19:979][  0]LogContentBrowser: Native class hierarchy updated for 'SceneOutliner' in 0.0004 seconds. Added 1 classes and 2 folders.
[2020.11.21-18.19.19:992][  0]LogSlate: Took 0.000236 seconds to synchronously load lazily loaded font '../../../Engine/Content/Slate/Fonts/Roboto-Regular.ttf' (155K)
[2020.11.21-18.19.19:994][  0]LogSlate: Took 0.000193 seconds to synchronously load lazily loaded font '../../../Engine/Content/Slate/Fonts/Roboto-Bold.ttf' (160K)
[2020.11.21-18.19.19:998][  0]LogSlate: Took 0.000205 seconds to synchronously load lazily loaded font '../../../Engine/Content/Editor/Slate/Fonts/FontAwesome.ttf' (139K)
[2020.11.21-18.19.20:047][  0]LogRenderer: Reallocating scene render targets to support 1208x580 Format 10 NumSamples 1 (Frame:1).
[2020.11.21-18.19.20:117][  0]LogContentBrowser: Native class hierarchy updated for 'HierarchicalLODOutliner' in 0.0004 seconds. Added 0 classes and 0 folders.
[2020.11.21-18.19.20:117][  0]LogLoad: (Engine Initialization) Total time: 6.68 seconds
[2020.11.21-18.19.20:117][  0]LogLoad: (Engine Initialization) Total Blueprint compile time: 0.00 seconds
[2020.11.21-18.19.20:156][  0]LogAssetRegistry: Asset discovery search completed in 3.7266 seconds
[2020.11.21-18.19.20:159][  0]LogCollectionManager: Rebuilt the object cache for 0 collections in 0.000004 seconds (found 0 objects)
[2020.11.21-18.19.20:159][  0]LogCollectionManager: Fixed up redirectors for 0 collections in 0.000121 seconds (updated 0 objects)
[2020.11.21-18.19.20:161][  0]LogContentStreaming: Texture pool size now 1000 MB
[2020.11.21-18.19.20:184][  0]LogSlate: Took 0.000208 seconds to synchronously load lazily loaded font '../../../Engine/Content/Slate/Fonts/Roboto-Light.ttf' (167K)
[2020.11.21-18.19.23:554][402]LogSlate: FSceneViewport::OnFocusLost() reason 0
[2020.11.21-18.19.26:711][780]LogSlate: Took 0.000187 seconds to synchronously load lazily loaded font '../../../Engine/Content/Slate/Fonts/Roboto-Light.ttf' (167K)
[2020.11.21-18.19.26:840][780]LogAIModule: Creating AISystem for world PluginPickupMap
[2020.11.21-18.19.26:849][780]LogAssetEditorManager: Opening Asset editor for World /Game/CustomContent/PluginPickupMap.PluginPickupMap
[2020.11.21-18.19.26:879][780]LogUObjectHash: Compacting FUObjectHashTables data took   2.61ms
[2020.11.21-18.19.26:880][780]Cmd: MAP LOAD FILE="C:/Users/RuthlessLua/Documents/Unreal Projects/UnrealPluginDemo/Content/CustomContent/PluginPickupMap.umap" TEMPLATE=0 SHOWPROGRESS=1 FEATURELEVEL=3
[2020.11.21-18.19.26:880][780]LightingResults: New page: Lighting Build
[2020.11.21-18.19.26:881][780]LoadErrors: New page: Loading map: PluginPickupMap.umap
[2020.11.21-18.19.26:893][780]LogWorld: UWorld::CleanupWorld for Minimal_Default, bSessionEnded=true, bCleanupResources=true
[2020.11.21-18.19.26:893][780]MapCheck: New page: Map Check
[2020.11.21-18.19.26:893][780]LightingResults: New page: Lighting Build
[2020.11.21-18.19.26:919][780]LogUObjectHash: Compacting FUObjectHashTables data took   1.71ms
[2020.11.21-18.19.26:921][780]LogEditorServer: Finished looking for orphan Actors (0.000 secs)
[2020.11.21-18.19.26:949][780]LogUObjectHash: Compacting FUObjectHashTables data took   1.58ms
[2020.11.21-18.19.26:958][780]Cmd: MAP CHECKDEP NOCLEARLOG
[2020.11.21-18.19.26:958][780]MapCheck: Map check complete: 0 Error(s), 0 Warning(s), took 0.113ms to complete.
[2020.11.21-18.19.26:958][780]LogFileHelpers: Loading map 'PluginPickupMap' took 0.079
[2020.11.21-18.19.28:895][  9]LogEditorViewport: Clicking on Actor (LMB): BP_Sky_Sphere_C (Sky Sphere)
[2020.11.21-18.19.33:177][508]LogSlate: FSceneViewport::OnFocusLost() reason 0
[2020.11.21-18.19.36:836][934]Cmd: DELETE
[2020.11.21-18.19.36:836][934]Cmd: ACTOR DELETE
[2020.11.21-18.19.36:838][934]LogEditorActor: Deleted Actor: Pickup
[2020.11.21-18.19.36:862][934]LogUObjectHash: Compacting FUObjectHashTables data took   0.66ms
[2020.11.21-18.19.36:863][934]LogEditorActor: Deleted 1 Actors (0.026 secs)
[2020.11.21-18.19.38:884][176]LogSlate: FSceneViewport::OnFocusLost() reason 0
[2020.11.21-18.19.40:884][415]LogEditor: Attempting to add actor of class 'Pickup' to level at -470.00,-1080.00,20.00
[2020.11.21-18.19.41:434][478]LogEditor: Attempting to add actor of class 'Pickup' to level at -160.00,-790.00,20.00
[2020.11.21-18.19.43:309][700]LogEditorViewport: Clicking on Actor (LMB): BP_Sky_Sphere_C (Sky Sphere)
[2020.11.21-18.19.44:916][885]LogEditorViewport: Clicking on Actor (LMB): Pickup (Pickup1)
[2020.11.21-18.19.46:935][123]LogSlate: Took 0.000245 seconds to synchronously load lazily loaded font '../../../Engine/Content/Slate/Fonts/Roboto-Italic.ttf' (157K)
[2020.11.21-18.19.47:394][177]LogSlate: FSceneViewport::OnFocusLost() reason 2
[2020.11.21-18.19.52:635][802]LogSlate: FSceneViewport::OnFocusLost() reason 2
[2020.11.21-18.19.55:408][133]LogSlate: FSceneViewport::OnFocusLost() reason 2
[2020.11.21-18.19.58:520][489]LogSlate: FSceneViewport::OnFocusLost() reason 0
[2020.11.21-18.19.58:595][498]LogTemp: Repeating last play command: Selected Viewport
[2020.11.21-18.19.58:601][498]LogBlueprintUserMessages: Early PlayInEditor Detection: Level '/Game/CustomContent/PluginPickupMap.PluginPickupMap:PersistentLevel' has LevelScriptBlueprint '/Game/CustomContent/PluginPickupMap.PluginPickupMap:PersistentLevel.PluginPickupMap' with GeneratedClass '/Game/CustomContent/PluginPickupMap.PluginPickupMap_C' with ClassGeneratedBy '/Game/CustomContent/PluginPickupMap.PluginPickupMap:PersistentLevel.PluginPickupMap'
[2020.11.21-18.19.58:601][498]LogPlayLevel: PlayLevel: No blueprints needed recompiling
[2020.11.21-18.19.58:601][498]PIE: New page: PIE session: PluginPickupMap (Nov 21, 2020, 8:19:58 AM)
[2020.11.21-18.19.58:602][498]LogOnline: OSS: Creating online subsystem instance for: NULL
[2020.11.21-18.19.58:604][498]LogPlayLevel: Creating play world package: /Game/CustomContent/UEDPIE_0_PluginPickupMap
[2020.11.21-18.19.58:607][498]LogPlayLevel: PIE: StaticDuplicateObject took: (0.003045s)
[2020.11.21-18.19.58:608][498]LogAIModule: Creating AISystem for world PluginPickupMap
[2020.11.21-18.19.58:609][498]LogPlayLevel: PIE: World Init took: (0.001068s)
[2020.11.21-18.19.58:609][498]LogPlayLevel: PIE: Created PIE world by copying editor world from /Game/CustomContent/PluginPickupMap.PluginPickupMap to /Game/CustomContent/UEDPIE_0_PluginPickupMap.PluginPickupMap (0.004540s)
[2020.11.21-18.19.58:635][498]LogUObjectHash: Compacting FUObjectHashTables data took   1.54ms
[2020.11.21-18.19.58:687][498]LogInit: XAudio2 using 'Headset Earphone (HyperX Virtual Surround Sound)' : 2 channels at 48 kHz using 16 bits per sample (channel mask 0x3)
[2020.11.21-18.19.58:698][498]LogInit: FAudioDevice initialized.
[2020.11.21-18.19.58:710][498]LogUObjectGlobals: Warning: Failed to find object 'Class /Script/UnrealPluginDemo.UnrealPluginDemoGameMode'
[2020.11.21-18.19.58:710][498]LogLoad: Game class is 'GameModeBase'
[2020.11.21-18.19.58:712][498]LogWorld: Bringing World /Game/CustomContent/UEDPIE_0_PluginPickupMap.PluginPickupMap up for play (max tick rate 0) at 2020.11.21-13.19.58
[2020.11.21-18.19.58:723][498]LogWorld: Bringing up level for play took: 0.011411
[2020.11.21-18.19.58:723][498]LogOnline: OSS: Creating online subsystem instance for: :Context_3
[2020.11.21-18.19.58:728][498]LogContentBrowser: Native class hierarchy updated for 'MovieSceneCapture' in 0.0004 seconds. Added 20 classes and 0 folders.
[2020.11.21-18.19.58:729][498]PIE: Play in editor start time for /Game/CustomContent/UEDPIE_0_PluginPickupMap 0.536
[2020.11.21-18.19.58:729][498]LogBlueprintUserMessages: Late PlayInEditor Detection: Level '/Game/CustomContent/PluginPickupMap.PluginPickupMap:PersistentLevel' has LevelScriptBlueprint '/Game/CustomContent/PluginPickupMap.PluginPickupMap:PersistentLevel.PluginPickupMap' with GeneratedClass '/Game/CustomContent/PluginPickupMap.PluginPickupMap_C' with ClassGeneratedBy '/Game/CustomContent/PluginPickupMap.PluginPickupMap:PersistentLevel.PluginPickupMap'
[2020.11.21-18.19.59:691][611]LogSlate: Took 0.000184 seconds to synchronously load lazily loaded font '../../../Engine/Content/Slate/Fonts/DroidSansMono.ttf' (77K)
[2020.11.21-18.20.02:076][891]LogTemp: Warning: Item Picked up.
[2020.11.21-18.20.02:089][893]LogTemp: Warning: Item Picked up.
[2020.11.21-18.20.03:448][ 56]LogTemp: Warning: Item Picked up.
[2020.11.21-18.20.03:464][ 58]LogTemp: Warning: Item Picked up.
[2020.11.21-18.20.04:431][174]LogTemp: Warning: Item Picked up.
[2020.11.21-18.20.04:448][176]LogTemp: Warning: Item Picked up.
[2020.11.21-18.20.04:456][177]LogTemp: Warning: Item Picked up.
[2020.11.21-18.20.04:465][178]LogTemp: Warning: Item Picked up.
[2020.11.21-18.20.06:231][390]LogTemp: Warning: Item Picked up.
[2020.11.21-18.20.08:906][711]LogBlueprintUserMessages: Early EndPlayMap Detection: Level '/Game/CustomContent/PluginPickupMap.PluginPickupMap:PersistentLevel' has LevelScriptBlueprint '/Game/CustomContent/PluginPickupMap.PluginPickupMap:PersistentLevel.PluginPickupMap' with GeneratedClass '/Game/CustomContent/PluginPickupMap.PluginPickupMap_C' with ClassGeneratedBy '/Game/CustomContent/PluginPickupMap.PluginPickupMap:PersistentLevel.PluginPickupMap'
[2020.11.21-18.20.08:907][711]LogSlate: Updating window title bar state: overlay mode, drag disabled, window buttons hidden, title bar hidden
[2020.11.21-18.20.08:907][711]LogWorld: BeginTearingDown for /Game/CustomContent/UEDPIE_0_PluginPickupMap
[2020.11.21-18.20.08:907][711]LogWorld: UWorld::CleanupWorld for PluginPickupMap, bSessionEnded=true, bCleanupResources=true
[2020.11.21-18.20.08:915][711]LogPlayLevel: Display: Shutting down PIE online subsystems
[2020.11.21-18.20.08:916][711]LogBlueprintUserMessages: Late EndPlayMap Detection: Level '/Game/CustomContent/PluginPickupMap.PluginPickupMap:PersistentLevel' has LevelScriptBlueprint '/Game/CustomContent/PluginPickupMap.PluginPickupMap:PersistentLevel.PluginPickupMap' with GeneratedClass '/Game/CustomContent/PluginPickupMap.PluginPickupMap_C' with ClassGeneratedBy '/Game/CustomContent/PluginPickupMap.PluginPickupMap:PersistentLevel.PluginPickupMap'
[2020.11.21-18.20.08:958][711]LogSlate: Updating window title bar state: overlay mode, drag disabled, window buttons hidden, title bar hidden
[2020.11.21-18.20.08:961][711]LogUObjectHash: Compacting FUObjectHashTables data took   1.77ms
[2020.11.21-18.20.09:009][715]LogPlayLevel: Display: Destroying online subsystem :Context_3
